100
ZERO 4 00ON0TOWE0
ZERO match 
ZERO 1 00ON0TOWE0
ONE 3 00000TOW00
ONE match 
ZERO 1 00000TOW00
ONE 2 00000T0W00
TWO 3 0000000000
TWO match 
Case #1: 012
ZERO 1 WEIGHFOXTOURIST
ONE 2 WEIGHF0XTOURIST
TWO 3 0EIGHF0X0OURIST
TWO match 
ZERO 1 0EIGHF0X0OURIST
ONE 2 0EIGHF0X00URIST
TWO 2 0EIGHF0X0OURIS0
THREE 5 00IG0F0X0OU0IS0
FOUR 4 0EIGH00X0000IST
FOUR match 
ZERO 1 0EIGH00X0000IST
ONE 1 0EIGH00X0000IST
TWO 2 0EIGH00X0000IS0
THREE 3 0EIG000X0000IS0
FOUR 1 0EIGH00X0000IST
FIVE 1 0EIGH00X0000IST
SIX 3 0E0GH0000000I0T
SIX match 
ZERO 1 0E0GH0000000I0T
ONE 1 0E0GH0000000I0T
TWO 2 0E0GH0000000I00
THREE 3 0E0G00000000I00
FOUR 1 0E0GH0000000I0T
FIVE 1 0E0GH0000000I0T
SIX 1 0E0GH0000000I0T
SEVEN 1 0E0GH0000000I0T
EIGHT 5 000000000000000
EIGHT match 
Case #2: 2468
ZERO 1 OURNEONFOE
ONE 3 0UR00ONFOE
ONE match 
ZERO 1 0UR00ONFOE
ONE 3 0UR0000FO0
ONE match 
ZERO 1 0UR0000FO0
ONE 2 0UR0000F00
TWO 1 0UR0000FO0
THREE 1 0UR0000FO0
FOUR 4 0000000000
FOUR match 
Case #3: 114
ZERO 1 ETHER
ONE 1 ETHER
TWO 2 E0HER
THREE 5 00000
THREE match 
Case #4: 3
ZERO 1 NIEVSTEFEEVOWTOOWN
ONE 3 0I0VSTEFEEV0WTOOWN
ONE match 
ZERO 1 0I0VSTEFEEV0WTOOWN
ONE 3 0I0VST0FEEV0WT0OW0
ONE match 
ZERO 1 0I0VST0FEEV0WT0OW0
ONE 2 0I0VST0FEEV0WT00W0
TWO 3 0I0VS00FEEV00T00W0
TWO match 
ZERO 1 0I0VS00FEEV00T00W0
ONE 1 0I0VS00FEEV00T00W0
TWO 3 0I0VS00FEEV0000000
THREE 2 0I0VS00FEEV00000W0
FOUR 2 0I0VS000EEV00T00W0
FIVE 4 0000S0000EV00T00W0
FIVE match 
ZERO 1 0000S0000EV00T00W0
ONE 1 0000S0000EV00T00W0
TWO 3 0000S0000EV0000000
THREE 2 0000S0000EV00000W0
FOUR 1 0000S0000EV00T00W0
FIVE 1 0000S0000EV00T00W0
SIX 2 000000000EV00T00W0
SEVEN 4 0000000000000T00W0
EIGHT 2 0000S00000V00T00W0
NINE 1 0000S0000EV00T00W0
