5 8 6 2 7 1 4 3
1 2
2 3 5 6 7 8 10 4 11 12 13 1 14 9 15
3 2 5 1 4
1 3 5 2 6 7 8 4
1 3 7 4 5 2 6 8 9 10
1 3 4 5 6 7 9 11 12 13 14 15 16 2 8 10 17 18 19 20
1 2 4 5 6 7 8 9 10 11 12 13 3 14 15 16 17 18 19 20 21
3 1 2
1 2 4 5 3 6 7
2 5 8 9 10 11 13 3 4 14 1 15 6 12 16 7
2 1 3 4 5 8 9 10 11 7 12 13 6 14
1 2 3 4 5
1 3 4 2
7 1 5 4 8 10 12 2 6 9 3 11
1 2 3 7 6 8 10 11 9 12 13 4 14 15 16 17 5 18
1 2 3
1 5 6 8 12 13 14 2 15 9 10 3 16 11 17 7 4
1 3 4 5 6 7 2 8 9 10 12 11
2 3 4 5 6 7 8 9 10 12 13 14 1 15 16 17 18 19 11
2 4 5 6 7 10 12 3 13 1 8 9 11
2 1 3 8 10 11 12 5 6 13 14 9 4 15 7
5 2 6 7 10 11 8 9 12 4 1 3 13
8 2 3 5 6 9 1 4 7 10 11
4 5 6 1 2 7 3 8
1 4 6 8 10 12 3 11 2 13 14 15 7 16 9 17 5
4 3 1 2
1 2
2 3 7 8 9 11 4 10 1 12 14 15 16 5 6 13
2 3 4 5 6 11 14 9 1 8 7 10 12 13 15
1 4 6 8 10 9 11 12 13 7 17 2 5 14 16 18 3 15 19
1 3 6 8 10 11 12 7 9 13 14 15 16 17 18 19 5 20 2 4 21
2 3 5 1 6 9 4 7 8
1 2 5 6 3 4 7
1 2 3 4 5 6 8 9 10 11 7 12 13 14 15 16 18 17 19 20
1 7 8 2 5 3 4 6 9 10
2 6 5 7 8 9 10 11 4 13 1 12 14 15 3
8 4 2 7 11 3 12 1 10 5 9 6
1 2 3 4 5 6 7 8 9 10 11 12 13
1 2 3
1 2 6 4 5 3
1 12 9 2 4 5 3 7 8 10 11 13 6 14
7 8 3 12 1 13 5 9 4 10 11 15 6 2 14 16 17
8 2 1 4 6 7 3 5
2 8 4 11 12 15 14 5 13 9 10 6 7 1 17 18 16 3
7 3 2 8 5 11 10 6 1 4 9 12
1 3 2
8 6 3 4 10 5 9 2 7 11 1
2 3 7 8 11 6 10 1 4 9 13 15 14 16 5 19 20 12 17 18
2 3 1 4 5 6 7
4 5 3 6 1 7 8 2 9 11 12 13 10
2 1 3
1 2 3 4 5 6 7 8 9 10 11 12 13 14
4 5 6 8 10 3 12 1 11 9 2 7
2 3 4 5 1 6 8 9 16 14 13 17 7 11 15 10 12 18 19 20
3 7 10 5 13 14 6 9 15 16 11 2 17 4 1 8 12
1 2 3 5 4
1 2 4 5 7 6 3
1 2 3 4 5 7 6 8
2 3 4 5 7 8 9 10 11 6 12 13 14 15 16 17 18 19 1 20 21
1 5 2 4 6 3
1 4 3 2
2 3 4 6 9 5 10 11 13 7 15 16 12 20 19 1 14 21 17 8 18
1 2 3 4 6 8 9 10 11 7 12 5 13 14
1 2 3 4 5 6 7 8
4 5 8 3 9 10 11 7 12 13 14 15 16 6 17 1 18 19 2 20
1 2 3 4 6 5
3 5 8 4 10 12 11 16 9 6 1 14 15 13 7 17 2
1 2 3 4 5 6 7 8 9 10 11 12
3 6 10 11 1 2 4 5 7 9 8
1 3 4 5 8 11 12 15 16 6 17 2 18 10 14 19 13 20 7 9
1 5 2 4 3
5 2 4 1 3
3 4 1 8 9 12 7 13 6 10 2 11 5
3 4 5 6 1 7 8 9 10 11 2 12 13
1 3 4 5 7 9 10 11 12 13 14 8 2 6 15 16 17 18 19
3 5 6 7 4 1 9 11 8 12 13 16 17 18 19 14 2 15 20 10 21
2 3 7 8 12 1 9 13 15 4 5 10 11 16 6 17 19 14 18 20 21
3 5 4 6 2 7 1
3 2 1
2 6 1 4 5 3
5 7 8 9 10 11 6 12 1 13 16 3 17 18 19 4 14 20 15 2
2 1
6 9 1 2 4 5 3 7 8 10
1 2 3 4 5 6 7 8 9 10 11
1 2 3 6 4 7 5 9 10 11 8 12 13
4 6 5 1 7 9 3 8 2
3 4 5 6 1 2 7
2 3 4 5 6 7 8 9 10 11 12 1 13 14 15 16 17 18 19 20
1 3 4 5 7 8 9 10 11 6 12 13 2
3 5 1 8 4 2 9 10 6 7
1 3 4 5 7 8 9 10 2 11 12 13 14 15 16 6 17 18 19
3 1 7 4 6 2 5
1 5 6 7 9 4 10 3 11 12 14 8 15 17 2 13 16 18
4 6 5 7 2 3 8 9 10 1
1 2 5 6 7 8 9 10 12 3 4 13 14 16 15 18 11 17
1 2 3 4 5 6 7 8 9 10 11 12 13 14
3 2 12 1 10 6 4 5 8 9 11 7
4 8 9 1 11 12 5 13 15 17 2 18 6 10 3 7 16 19 14 20
1 4 6 5 2 3
