00;00 01;00
00;01 01;01
00;02 01;02
00;03 01;03
00;04 01;04
00;05 01;05
00;06 01;06
00;07 01;07
00;08 01;08
00;09 01;09
00;10 01;10
00;11 01;11
00;12 01;12
00;13 01;13
00;14 01;14
00;15 01;15
00;16 01;16
00;17 01;17
00;18 01;18
00;19 01;19
00;20 01;20
00;21 01;21
00;22 01;22
00;23 01;23
00;24 01;24
00;25 01;25
00;26 01;26
00;27 01;27
00;28 01;28
00;29 01;29
00;30 01;30
00;31 01;31
00;32 01;32
00;33 01;33
00;34 01;34
00;35 01;35
00;36 01;36
00;37 01;37
00;38 01;38
00;39 01;39
00;40 01;40
00;41 01;41
00;42 01;42
00;43 01;43
00;44 01;44
00;45 01;45
00;46 01;46
00;47 01;47
00;48 01;48
00;49 01;49
00;50 01;50
00;51 01;51
00;52 01;52
00;53 01;53
00;54 01;54
00;55 01;55
00;56 01;56
00;57 01;57
00;58 01;58
00;59 01;59
01;00 01;00
01;01 01;01
01;02 01;02
01;03 01;03
01;04 01;04
01;05 01;05
01;06 01;06
01;07 01;07
01;08 01;08
01;09 01;09
01;10 01;10
01;11 01;11
01;12 01;12
01;13 01;13
01;14 01;14
01;15 01;15
01;16 01;16
01;17 01;17
01;18 01;18
01;19 01;19
01;20 01;20
01;21 01;21
01;22 01;22
01;23 01;23
01;24 01;24
01;25 01;25
01;26 01;26
01;27 01;27
01;28 01;28
01;29 01;29
01;30 01;30
01;31 01;31
01;32 01;32
01;33 01;33
01;34 01;34
01;35 01;35
01;36 01;36
01;37 01;37
01;38 01;38
01;39 01;39
01;40 01;40
01;41 01;41
01;42 01;42
01;43 01;43
01;44 01;44
01;45 01;45
01;46 01;46
01;47 01;47
01;48 01;48
01;49 01;49
01;50 01;50
01;51 01;51
01;52 01;52
01;53 01;53
01;54 01;54
01;55 01;55
01;56 01;56
01;57 01;57
01;58 01;58
01;59 01;59
02;00 02;00
02;01 02;01
02;02 02;02
02;03 02;03
02;04 02;04
02;05 02;05
02;06 02;06
02;07 02;07
02;08 02;08
02;09 02;09
02;10 02;10
02;11 02;11
02;12 02;12
02;13 02;13
02;14 02;14
02;15 02;15
02;16 02;16
02;17 02;17
02;18 02;18
02;19 02;19
02;20 02;20
02;21 02;21
02;22 02;22
02;23 02;23
02;24 02;24
02;25 02;25
02;26 02;26
02;27 02;27
02;28 02;28
02;29 02;29
02;30 02;30
02;31 02;31
02;32 02;32
02;33 02;33
02;34 02;34
02;35 02;35
02;36 02;36
02;37 02;37
02;38 02;38
02;39 02;39
02;40 02;40
02;41 02;41
02;42 02;42
02;43 02;43
02;44 02;44
02;45 02;45
02;46 02;46
02;47 02;47
02;48 02;48
02;49 02;49
02;50 02;50
02;51 02;51
02;52 02;52
02;53 02;53
02;54 02;54
02;55 02;55
02;56 02;56
02;57 02;57
02;58 02;58
02;59 02;59
03;00 03;00
03;01 03;01
03;02 03;02
03;03 03;03
03;04 03;04
03;05 03;05
03;06 03;06
03;07 03;07
03;08 03;08
03;09 03;09
03;10 03;10
03;11 03;11
03;12 03;12
03;13 03;13
03;14 03;14
03;15 03;15
03;16 03;16
03;17 03;17
03;18 03;18
03;19 03;19
03;20 03;20
03;21 03;21
03;22 03;22
03;23 03;23
03;24 03;24
03;25 03;25
03;26 03;26
03;27 03;27
03;28 03;28
03;29 03;29
03;30 03;30
03;31 03;31
03;32 03;32
03;33 03;33
03;34 03;34
03;35 03;35
03;36 03;36
03;37 03;37
03;38 03;38
03;39 03;39
03;40 03;40
03;41 03;41
03;42 03;42
03;43 03;43
03;44 03;44
03;45 03;45
03;46 03;46
03;47 03;47
03;48 03;48
03;49 03;49
03;50 03;50
03;51 03;51
03;52 03;52
03;53 03;53
03;54 03;54
03;55 03;55
03;56 03;56
03;57 03;57
03;58 03;58
03;59 03;59
04;00 04;00
04;01 04;01
04;02 04;02
04;03 04;03
04;04 04;04
04;05 04;05
04;06 04;06
04;07 04;07
04;08 04;08
04;09 04;09
04;10 04;10
04;11 04;11
04;12 04;12
04;13 04;13
04;14 04;14
04;15 04;15
04;16 04;16
04;17 04;17
04;18 04;18
04;19 04;19
04;20 04;20
04;21 04;21
04;22 04;22
04;23 04;23
04;24 04;24
04;25 04;25
04;26 04;26
04;27 04;27
04;28 04;28
04;29 04;29
04;30 04;30
04;31 04;31
04;32 04;32
04;33 04;33
04;34 04;34
04;35 04;35
04;36 04;36
04;37 04;37
04;38 04;38
04;39 04;39
04;40 04;40
04;41 04;41
04;42 04;42
04;43 04;43
04;44 04;44
04;45 04;45
04;46 04;46
04;47 04;47
04;48 04;48
04;49 04;49
04;50 04;50
04;51 04;51
04;52 04;52
04;53 04;53
04;54 04;54
04;55 04;55
04;56 04;56
04;57 04;57
04;58 04;58
04;59 04;59
05;00 05;00
05;01 05;01
05;02 05;02
05;03 05;03
05;04 05;04
05;05 05;05
05;06 05;06
05;07 05;07
05;08 05;08
05;09 05;09
05;10 05;10
05;11 05;11
05;12 05;12
05;13 05;13
05;14 05;14
05;15 05;15
05;16 05;16
05;17 05;17
05;18 05;18
05;19 05;19
05;20 05;20
05;21 05;21
05;22 05;22
05;23 05;23
05;24 05;24
05;25 05;25
05;26 05;26
05;27 05;27
05;28 05;28
05;29 05;29
05;30 05;30
05;31 05;31
05;32 05;32
05;33 05;33
05;34 05;34
05;35 05;35
05;36 05;36
05;37 05;37
05;38 05;38
05;39 05;39
05;40 05;40
05;41 05;41
05;42 05;42
05;43 05;43
05;44 05;44
05;45 05;45
05;46 05;46
05;47 05;47
05;48 05;48
05;49 05;49
05;50 05;50
05;51 05;51
05;52 05;52
05;53 05;53
05;54 05;54
05;55 05;55
05;56 05;56
05;57 05;57
05;58 05;58
05;59 05;59
06;00 06;00
06;01 06;01
06;02 06;02
06;03 06;03
06;04 06;04
06;05 06;05
06;06 06;06
06;07 06;07
06;08 06;08
06;09 06;09
06;10 06;10
06;11 06;11
06;12 06;12
06;13 06;13
06;14 06;14
06;15 06;15
06;16 06;16
06;17 06;17
06;18 06;18
06;19 06;19
06;20 06;20
06;21 06;21
06;22 06;22
06;23 06;23
06;24 06;24
06;25 06;25
06;26 06;26
06;27 06;27
06;28 06;28
06;29 06;29
06;30 06;30
06;31 06;31
06;32 06;32
06;33 06;33
06;34 06;34
06;35 06;35
06;36 06;36
06;37 06;37
06;38 06;38
06;39 06;39
06;40 06;40
06;41 06;41
06;42 06;42
06;43 06;43
06;44 06;44
06;45 06;45
06;46 06;46
06;47 06;47
06;48 06;48
06;49 06;49
06;50 06;50
06;51 06;51
06;52 06;52
06;53 06;53
06;54 06;54
06;55 06;55
06;56 06;56
06;57 06;57
06;58 06;58
06;59 06;59
07;00 07;00
07;01 07;01
07;02 07;02
07;03 07;03
07;04 07;04
07;05 07;05
07;06 07;06
07;07 07;07
07;08 07;08
07;09 07;09
07;10 07;10
07;11 07;11
07;12 07;12
07;13 07;13
07;14 07;14
07;15 07;15
07;16 07;16
07;17 07;17
07;18 07;18
07;19 07;19
07;20 07;20
07;21 07;21
07;22 07;22
07;23 07;23
07;24 07;24
07;25 07;25
07;26 07;26
07;27 07;27
07;28 07;28
07;29 07;29
07;30 07;30
07;31 07;31
07;32 07;32
07;33 07;33
07;34 07;34
07;35 07;35
07;36 07;36
07;37 07;37
07;38 07;38
07;39 07;39
07;40 07;40
07;41 07;41
07;42 07;42
07;43 07;43
07;44 07;44
07;45 07;45
07;46 07;46
07;47 07;47
07;48 07;48
07;49 07;49
07;50 07;50
07;51 07;51
07;52 07;52
07;53 07;53
07;54 07;54
07;55 07;55
07;56 07;56
07;57 07;57
07;58 07;58
07;59 07;59
08;00 08;00
08;01 08;01
08;02 08;02
08;03 08;03
08;04 08;04
08;05 08;05
08;06 08;06
08;07 08;07
08;08 08;08
08;09 08;09
08;10 08;10
08;11 08;11
08;12 08;12
08;13 08;13
08;14 08;14
08;15 08;15
08;16 08;16
08;17 08;17
08;18 08;18
08;19 08;19
08;20 08;20
08;21 08;21
08;22 08;22
08;23 08;23
08;24 08;24
08;25 08;25
08;26 08;26
08;27 08;27
08;28 08;28
08;29 08;29
08;30 08;30
08;31 08;31
08;32 08;32
08;33 08;33
08;34 08;34
08;35 08;35
08;36 08;36
08;37 08;37
08;38 08;38
08;39 08;39
08;40 08;40
08;41 08;41
08;42 08;42
08;43 08;43
08;44 08;44
08;45 08;45
08;46 08;46
08;47 08;47
08;48 08;48
08;49 08;49
08;50 08;50
08;51 08;51
08;52 08;52
08;53 08;53
08;54 08;54
08;55 08;55
08;56 08;56
08;57 08;57
08;58 08;58
08;59 08;59
09;00 09;00
09;01 09;01
09;02 09;02
09;03 09;03
09;04 09;04
09;05 09;05
09;06 09;06
09;07 09;07
09;08 09;08
09;09 09;09
09;10 09;10
09;11 09;11
09;12 09;12
09;13 09;13
09;14 09;14
09;15 09;15
09;16 09;16
09;17 09;17
09;18 09;18
09;19 09;19
09;20 09;20
09;21 09;21
09;22 09;22
09;23 09;23
09;24 09;24
09;25 09;25
09;26 09;26
09;27 09;27
09;28 09;28
09;29 09;29
09;30 09;30
09;31 09;31
09;32 09;32
09;33 09;33
09;34 09;34
09;35 09;35
09;36 09;36
09;37 09;37
09;38 09;38
09;39 09;39
09;40 09;40
09;41 09;41
09;42 09;42
09;43 09;43
09;44 09;44
09;45 09;45
09;46 09;46
09;47 09;47
09;48 09;48
09;49 09;49
09;50 09;50
09;51 09;51
09;52 09;52
09;53 09;53
09;54 09;54
09;55 09;55
09;56 09;56
09;57 09;57
09;58 09;58
09;59 09;59
10;00 10;00
10;01 10;01
10;02 10;02
10;03 10;03
10;04 10;04
10;05 10;05
10;06 10;06
10;07 10;07
10;08 10;08
10;09 10;09
10;10 10;10
10;11 10;11
10;12 10;12
10;13 10;13
10;14 10;14
10;15 10;15
10;16 10;16
10;17 10;17
10;18 10;18
10;19 10;19
10;20 10;20
10;21 10;21
10;22 10;22
10;23 10;23
10;24 10;24
10;25 10;25
10;26 10;26
10;27 10;27
10;28 10;28
10;29 10;29
10;30 10;30
10;31 10;31
10;32 10;32
10;33 10;33
10;34 10;34
10;35 10;35
10;36 10;36
10;37 10;37
10;38 10;38
10;39 10;39
10;40 10;40
10;41 10;41
10;42 10;42
10;43 10;43
10;44 10;44
10;45 10;45
10;46 10;46
10;47 10;47
10;48 10;48
10;49 10;49
10;50 10;50
10;51 10;51
10;52 10;52
10;53 10;53
10;54 10;54
10;55 10;55
10;56 10;56
10;57 10;57
10;58 10;58
10;59 10;59
11;00 11;00
11;01 11;01
11;02 11;02
11;03 11;03
11;04 11;04
11;05 11;05
11;06 11;06
11;07 11;07
11;08 11;08
11;09 11;09
11;10 11;10
11;11 11;11
11;12 11;12
11;13 11;13
11;14 11;14
11;15 11;15
11;16 11;16
11;17 11;17
11;18 11;18
11;19 11;19
11;20 11;20
11;21 11;21
11;22 11;22
11;23 11;23
11;24 11;24
11;25 11;25
11;26 11;26
11;27 11;27
11;28 11;28
11;29 11;29
11;30 11;30
11;31 11;31
11;32 11;32
11;33 11;33
11;34 11;34
11;35 11;35
11;36 11;36
11;37 11;37
11;38 11;38
11;39 11;39
11;40 11;40
11;41 11;41
11;42 11;42
11;43 11;43
11;44 11;44
11;45 11;45
11;46 11;46
11;47 11;47
11;48 11;48
11;49 11;49
11;50 11;50
11;51 11;51
11;52 11;52
11;53 11;53
11;54 11;54
11;55 11;55
11;56 11;56
11;57 11;57
11;58 11;58
11;59 11;59
12;00 12;00
12;01 12;01
12;02 12;02
12;03 12;03
12;04 12;04
12;05 12;05
12;06 12;06
12;07 12;07
12;08 12;08
12;09 12;09
12;10 12;10
12;11 12;11
12;12 12;12
12;13 12;13
12;14 12;14
12;15 12;15
12;16 12;16
12;17 12;17
12;18 12;18
12;19 12;19
12;20 12;20
12;21 12;21
12;22 12;22
12;23 12;23
12;24 12;24
12;25 12;25
12;26 12;26
12;27 12;27
12;28 12;28
12;29 12;29
12;30 12;30
12;31 12;31
12;32 12;32
12;33 12;33
12;34 12;34
12;35 12;35
12;36 12;36
12;37 12;37
12;38 12;38
12;39 12;39
12;40 12;40
12;41 12;41
12;42 12;42
12;43 12;43
12;44 12;44
12;45 12;45
12;46 12;46
12;47 12;47
12;48 12;48
12;49 12;49
12;50 12;50
12;51 12;51
12;52 12;52
12;53 12;53
12;54 12;54
12;55 12;55
12;56 12;56
12;57 12;57
12;58 12;58
12;59 12;59
13;00 03;00
13;01 03;01
13;02 03;02
13;03 03;03
13;04 03;04
13;05 03;05
13;06 03;06
13;07 03;07
13;08 03;08
13;09 03;09
13;10 03;10
13;11 03;11
13;12 03;12
13;13 03;13
13;14 03;14
13;15 03;15
13;16 03;16
13;17 03;17
13;18 03;18
13;19 03;19
13;20 03;20
13;21 03;21
13;22 03;22
13;23 03;23
13;24 03;24
13;25 03;25
13;26 03;26
13;27 03;27
13;28 03;28
13;29 03;29
13;30 03;30
13;31 03;31
13;32 03;32
13;33 03;33
13;34 03;34
13;35 03;35
13;36 03;36
13;37 03;37
13;38 03;38
13;39 03;39
13;40 03;40
13;41 03;41
13;42 03;42
13;43 03;43
13;44 03;44
13;45 03;45
13;46 03;46
13;47 03;47
13;48 03;48
13;49 03;49
13;50 03;50
13;51 03;51
13;52 03;52
13;53 03;53
13;54 03;54
13;55 03;55
13;56 03;56
13;57 03;57
13;58 03;58
13;59 03;59
14;00 04;00
14;01 04;01
14;02 04;02
14;03 04;03
14;04 04;04
14;05 04;05
14;06 04;06
14;07 04;07
14;08 04;08
14;09 04;09
14;10 04;10
14;11 04;11
14;12 04;12
14;13 04;13
14;14 04;14
14;15 04;15
14;16 04;16
14;17 04;17
14;18 04;18
14;19 04;19
14;20 04;20
14;21 04;21
14;22 04;22
14;23 04;23
14;24 04;24
14;25 04;25
14;26 04;26
14;27 04;27
14;28 04;28
14;29 04;29
14;30 04;30
14;31 04;31
14;32 04;32
14;33 04;33
14;34 04;34
14;35 04;35
14;36 04;36
14;37 04;37
14;38 04;38
14;39 04;39
14;40 04;40
14;41 04;41
14;42 04;42
14;43 04;43
14;44 04;44
14;45 04;45
14;46 04;46
14;47 04;47
14;48 04;48
14;49 04;49
14;50 04;50
14;51 04;51
14;52 04;52
14;53 04;53
14;54 04;54
14;55 04;55
14;56 04;56
14;57 04;57
14;58 04;58
14;59 04;59
15;00 05;00
15;01 05;01
15;02 05;02
15;03 05;03
15;04 05;04
15;05 05;05
15;06 05;06
15;07 05;07
15;08 05;08
15;09 05;09
15;10 05;10
15;11 05;11
15;12 05;12
15;13 05;13
15;14 05;14
15;15 05;15
15;16 05;16
15;17 05;17
15;18 05;18
15;19 05;19
15;20 05;20
15;21 05;21
15;22 05;22
15;23 05;23
15;24 05;24
15;25 05;25
15;26 05;26
15;27 05;27
15;28 05;28
15;29 05;29
15;30 05;30
15;31 05;31
15;32 05;32
15;33 05;33
15;34 05;34
15;35 05;35
15;36 05;36
15;37 05;37
15;38 05;38
15;39 05;39
15;40 05;40
15;41 05;41
15;42 05;42
15;43 05;43
15;44 05;44
15;45 05;45
15;46 05;46
15;47 05;47
15;48 05;48
15;49 05;49
15;50 05;50
15;51 05;51
15;52 05;52
15;53 05;53
15;54 05;54
15;55 05;55
15;56 05;56
15;57 05;57
15;58 05;58
15;59 05;59
16;00 06;00
16;01 06;01
16;02 06;02
16;03 06;03
16;04 06;04
16;05 06;05
16;06 06;06
16;07 06;07
16;08 06;08
16;09 06;09
16;10 06;10
16;11 06;11
16;12 06;12
16;13 06;13
16;14 06;14
16;15 06;15
16;16 06;16
16;17 06;17
16;18 06;18
16;19 06;19
16;20 06;20
16;21 06;21
16;22 06;22
16;23 06;23
16;24 06;24
16;25 06;25
16;26 06;26
16;27 06;27
16;28 06;28
16;29 06;29
16;30 06;30
16;31 06;31
16;32 06;32
16;33 06;33
16;34 06;34
16;35 06;35
16;36 06;36
16;37 06;37
16;38 06;38
16;39 06;39
16;40 06;40
16;41 06;41
16;42 06;42
16;43 06;43
16;44 06;44
16;45 06;45
16;46 06;46
16;47 06;47
16;48 06;48
16;49 06;49
16;50 06;50
16;51 06;51
16;52 06;52
16;53 06;53
16;54 06;54
16;55 06;55
16;56 06;56
16;57 06;57
16;58 06;58
16;59 06;59
17;00 07;00
17;01 07;01
17;02 07;02
17;03 07;03
17;04 07;04
17;05 07;05
17;06 07;06
17;07 07;07
17;08 07;08
17;09 07;09
17;10 07;10
17;11 07;11
17;12 07;12
17;13 07;13
17;14 07;14
17;15 07;15
17;16 07;16
17;17 07;17
17;18 07;18
17;19 07;19
17;20 07;20
17;21 07;21
17;22 07;22
17;23 07;23
17;24 07;24
17;25 07;25
17;26 07;26
17;27 07;27
17;28 07;28
17;29 07;29
17;30 07;30
17;31 07;31
17;32 07;32
17;33 07;33
17;34 07;34
17;35 07;35
17;36 07;36
17;37 07;37
17;38 07;38
17;39 07;39
17;40 07;40
17;41 07;41
17;42 07;42
17;43 07;43
17;44 07;44
17;45 07;45
17;46 07;46
17;47 07;47
17;48 07;48
17;49 07;49
17;50 07;50
17;51 07;51
17;52 07;52
17;53 07;53
17;54 07;54
17;55 07;55
17;56 07;56
17;57 07;57
17;58 07;58
17;59 07;59
18;00 08;00
18;01 08;01
18;02 08;02
18;03 08;03
18;04 08;04
18;05 08;05
18;06 08;06
18;07 08;07
18;08 08;08
18;09 08;09
18;10 08;10
18;11 08;11
18;12 08;12
18;13 08;13
18;14 08;14
18;15 08;15
18;16 08;16
18;17 08;17
18;18 08;18
18;19 08;19
18;20 08;20
18;21 08;21
18;22 08;22
18;23 08;23
18;24 08;24
18;25 08;25
18;26 08;26
18;27 08;27
18;28 08;28
18;29 08;29
18;30 08;30
18;31 08;31
18;32 08;32
18;33 08;33
18;34 08;34
18;35 08;35
18;36 08;36
18;37 08;37
18;38 08;38
18;39 08;39
18;40 08;40
18;41 08;41
18;42 08;42
18;43 08;43
18;44 08;44
18;45 08;45
18;46 08;46
18;47 08;47
18;48 08;48
18;49 08;49
18;50 08;50
18;51 08;51
18;52 08;52
18;53 08;53
18;54 08;54
18;55 08;55
18;56 08;56
18;57 08;57
18;58 08;58
18;59 08;59
19;00 09;00
19;01 09;01
19;02 09;02
19;03 09;03
19;04 09;04
19;05 09;05
19;06 09;06
19;07 09;07
19;08 09;08
19;09 09;09
19;10 09;10
19;11 09;11
19;12 09;12
19;13 09;13
19;14 09;14
19;15 09;15
19;16 09;16
19;17 09;17
19;18 09;18
19;19 09;19
19;20 09;20
19;21 09;21
19;22 09;22
19;23 09;23
19;24 09;24
19;25 09;25
19;26 09;26
19;27 09;27
19;28 09;28
19;29 09;29
19;30 09;30
19;31 09;31
19;32 09;32
19;33 09;33
19;34 09;34
19;35 09;35
19;36 09;36
19;37 09;37
19;38 09;38
19;39 09;39
19;40 09;40
19;41 09;41
19;42 09;42
19;43 09;43
19;44 09;44
19;45 09;45
19;46 09;46
19;47 09;47
19;48 09;48
19;49 09;49
19;50 09;50
19;51 09;51
19;52 09;52
19;53 09;53
19;54 09;54
19;55 09;55
19;56 09;56
19;57 09;57
19;58 09;58
19;59 09;59
20;00 01;00
20;01 01;01
20;02 01;02
20;03 01;03
20;04 01;04
20;05 01;05
20;06 01;06
20;07 01;07
20;08 01;08
20;09 01;09
20;10 01;10
20;11 01;11
20;12 01;12
20;13 01;13
20;14 01;14
20;15 01;15
20;16 01;16
20;17 01;17
20;18 01;18
20;19 01;19
20;20 01;20
20;21 01;21
20;22 01;22
20;23 01;23
20;24 01;24
20;25 01;25
20;26 01;26
20;27 01;27
20;28 01;28
20;29 01;29
20;30 01;30
20;31 01;31
20;32 01;32
20;33 01;33
20;34 01;34
20;35 01;35
20;36 01;36
20;37 01;37
20;38 01;38
20;39 01;39
20;40 01;40
20;41 01;41
20;42 01;42
20;43 01;43
20;44 01;44
20;45 01;45
20;46 01;46
20;47 01;47
20;48 01;48
20;49 01;49
20;50 01;50
20;51 01;51
20;52 01;52
20;53 01;53
20;54 01;54
20;55 01;55
20;56 01;56
20;57 01;57
20;58 01;58
20;59 01;59
21;00 01;00
21;01 01;01
21;02 01;02
21;03 01;03
21;04 01;04
21;05 01;05
21;06 01;06
21;07 01;07
21;08 01;08
21;09 01;09
21;10 01;10
21;11 01;11
21;12 01;12
21;13 01;13
21;14 01;14
21;15 01;15
21;16 01;16
21;17 01;17
21;18 01;18
21;19 01;19
21;20 01;20
21;21 01;21
21;22 01;22
21;23 01;23
21;24 01;24
21;25 01;25
21;26 01;26
21;27 01;27
21;28 01;28
21;29 01;29
21;30 01;30
21;31 01;31
21;32 01;32
21;33 01;33
21;34 01;34
21;35 01;35
21;36 01;36
21;37 01;37
21;38 01;38
21;39 01;39
21;40 01;40
21;41 01;41
21;42 01;42
21;43 01;43
21;44 01;44
21;45 01;45
21;46 01;46
21;47 01;47
21;48 01;48
21;49 01;49
21;50 01;50
21;51 01;51
21;52 01;52
21;53 01;53
21;54 01;54
21;55 01;55
21;56 01;56
21;57 01;57
21;58 01;58
21;59 01;59
22;00 02;00
22;01 02;01
22;02 02;02
22;03 02;03
22;04 02;04
22;05 02;05
22;06 02;06
22;07 02;07
22;08 02;08
22;09 02;09
22;10 02;10
22;11 02;11
22;12 02;12
22;13 02;13
22;14 02;14
22;15 02;15
22;16 02;16
22;17 02;17
22;18 02;18
22;19 02;19
22;20 02;20
22;21 02;21
22;22 02;22
22;23 02;23
22;24 02;24
22;25 02;25
22;26 02;26
22;27 02;27
22;28 02;28
22;29 02;29
22;30 02;30
22;31 02;31
22;32 02;32
22;33 02;33
22;34 02;34
22;35 02;35
22;36 02;36
22;37 02;37
22;38 02;38
22;39 02;39
22;40 02;40
22;41 02;41
22;42 02;42
22;43 02;43
22;44 02;44
22;45 02;45
22;46 02;46
22;47 02;47
22;48 02;48
22;49 02;49
22;50 02;50
22;51 02;51
22;52 02;52
22;53 02;53
22;54 02;54
22;55 02;55
22;56 02;56
22;57 02;57
22;58 02;58
22;59 02;59
23;00 03;00
23;01 03;01
23;02 03;02
23;03 03;03
23;04 03;04
23;05 03;05
23;06 03;06
23;07 03;07
23;08 03;08
23;09 03;09
23;10 03;10
23;11 03;11
23;12 03;12
23;13 03;13
23;14 03;14
23;15 03;15
23;16 03;16
23;17 03;17
23;18 03;18
23;19 03;19
23;20 03;20
23;21 03;21
23;22 03;22
23;23 03;23
23;24 03;24
23;25 03;25
23;26 03;26
23;27 03;27
23;28 03;28
23;29 03;29
23;30 03;30
23;31 03;31
23;32 03;32
23;33 03;33
23;34 03;34
23;35 03;35
23;36 03;36
23;37 03;37
23;38 03;38
23;39 03;39
23;40 03;40
23;41 03;41
23;42 03;42
23;43 03;43
23;44 03;44
23;45 03;45
23;46 03;46
23;47 03;47
23;48 03;48
23;49 03;49
23;50 03;50
23;51 03;51
23;52 03;52
23;53 03;53
23;54 03;54
23;55 03;55
23;56 03;56
23;57 03;57
23;58 03;58
23;59 03;59
24;00 04;00
24;01 04;01
24;02 04;02
24;03 04;03
24;04 04;04
24;05 04;05
24;06 04;06
24;07 04;07
24;08 04;08
24;09 04;09
24;10 04;10
24;11 04;11
24;12 04;12
24;13 04;13
24;14 04;14
24;15 04;15
24;16 04;16
24;17 04;17
24;18 04;18
24;19 04;19
24;20 04;20
24;21 04;21
24;22 04;22
24;23 04;23
24;24 04;24
24;25 04;25
24;26 04;26
24;27 04;27
24;28 04;28
24;29 04;29
24;30 04;30
24;31 04;31
24;32 04;32
24;33 04;33
24;34 04;34
24;35 04;35
24;36 04;36
24;37 04;37
24;38 04;38
24;39 04;39
24;40 04;40
24;41 04;41
24;42 04;42
24;43 04;43
24;44 04;44
24;45 04;45
24;46 04;46
24;47 04;47
24;48 04;48
24;49 04;49
24;50 04;50
24;51 04;51
24;52 04;52
24;53 04;53
24;54 04;54
24;55 04;55
24;56 04;56
24;57 04;57
24;58 04;58
24;59 04;59
25;00 05;00
25;01 05;01
25;02 05;02
25;03 05;03
25;04 05;04
25;05 05;05
25;06 05;06
25;07 05;07
25;08 05;08
25;09 05;09
25;10 05;10
25;11 05;11
25;12 05;12
25;13 05;13
25;14 05;14
25;15 05;15
25;16 05;16
25;17 05;17
25;18 05;18
25;19 05;19
25;20 05;20
25;21 05;21
25;22 05;22
25;23 05;23
25;24 05;24
25;25 05;25
25;26 05;26
25;27 05;27
25;28 05;28
25;29 05;29
25;30 05;30
25;31 05;31
25;32 05;32
25;33 05;33
25;34 05;34
25;35 05;35
25;36 05;36
25;37 05;37
25;38 05;38
25;39 05;39
25;40 05;40
25;41 05;41
25;42 05;42
25;43 05;43
25;44 05;44
25;45 05;45
25;46 05;46
25;47 05;47
25;48 05;48
25;49 05;49
25;50 05;50
25;51 05;51
25;52 05;52
25;53 05;53
25;54 05;54
25;55 05;55
25;56 05;56
25;57 05;57
25;58 05;58
25;59 05;59
26;00 06;00
26;01 06;01
26;02 06;02
26;03 06;03
26;04 06;04
26;05 06;05
26;06 06;06
26;07 06;07
26;08 06;08
26;09 06;09
26;10 06;10
26;11 06;11
26;12 06;12
26;13 06;13
26;14 06;14
26;15 06;15
26;16 06;16
26;17 06;17
26;18 06;18
26;19 06;19
26;20 06;20
26;21 06;21
26;22 06;22
26;23 06;23
26;24 06;24
26;25 06;25
26;26 06;26
26;27 06;27
26;28 06;28
26;29 06;29
26;30 06;30
26;31 06;31
26;32 06;32
26;33 06;33
26;34 06;34
26;35 06;35
26;36 06;36
26;37 06;37
26;38 06;38
26;39 06;39
26;40 06;40
26;41 06;41
26;42 06;42
26;43 06;43
26;44 06;44
26;45 06;45
26;46 06;46
26;47 06;47
26;48 06;48
26;49 06;49
26;50 06;50
26;51 06;51
26;52 06;52
26;53 06;53
26;54 06;54
26;55 06;55
26;56 06;56
26;57 06;57
26;58 06;58
26;59 06;59
27;00 07;00
27;01 07;01
27;02 07;02
27;03 07;03
27;04 07;04
27;05 07;05
27;06 07;06
27;07 07;07
27;08 07;08
27;09 07;09
27;10 07;10
27;11 07;11
27;12 07;12
27;13 07;13
27;14 07;14
27;15 07;15
27;16 07;16
27;17 07;17
27;18 07;18
27;19 07;19
27;20 07;20
27;21 07;21
27;22 07;22
27;23 07;23
27;24 07;24
27;25 07;25
27;26 07;26
27;27 07;27
27;28 07;28
27;29 07;29
27;30 07;30
27;31 07;31
27;32 07;32
27;33 07;33
27;34 07;34
27;35 07;35
27;36 07;36
27;37 07;37
27;38 07;38
27;39 07;39
27;40 07;40
27;41 07;41
27;42 07;42
27;43 07;43
27;44 07;44
27;45 07;45
27;46 07;46
27;47 07;47
27;48 07;48
27;49 07;49
27;50 07;50
27;51 07;51
27;52 07;52
27;53 07;53
27;54 07;54
27;55 07;55
27;56 07;56
27;57 07;57
27;58 07;58
27;59 07;59
28;00 08;00
28;01 08;01
28;02 08;02
28;03 08;03
28;04 08;04
28;05 08;05
28;06 08;06
28;07 08;07
28;08 08;08
28;09 08;09
28;10 08;10
28;11 08;11
28;12 08;12
28;13 08;13
28;14 08;14
28;15 08;15
28;16 08;16
28;17 08;17
28;18 08;18
28;19 08;19
28;20 08;20
28;21 08;21
28;22 08;22
28;23 08;23
28;24 08;24
28;25 08;25
28;26 08;26
28;27 08;27
28;28 08;28
28;29 08;29
28;30 08;30
28;31 08;31
28;32 08;32
28;33 08;33
28;34 08;34
28;35 08;35
28;36 08;36
28;37 08;37
28;38 08;38
28;39 08;39
28;40 08;40
28;41 08;41
28;42 08;42
28;43 08;43
28;44 08;44
28;45 08;45
28;46 08;46
28;47 08;47
28;48 08;48
28;49 08;49
28;50 08;50
28;51 08;51
28;52 08;52
28;53 08;53
28;54 08;54
28;55 08;55
28;56 08;56
28;57 08;57
28;58 08;58
28;59 08;59
29;00 09;00
29;01 09;01
29;02 09;02
29;03 09;03
29;04 09;04
29;05 09;05
29;06 09;06
29;07 09;07
29;08 09;08
29;09 09;09
29;10 09;10
29;11 09;11
29;12 09;12
29;13 09;13
29;14 09;14
29;15 09;15
29;16 09;16
29;17 09;17
29;18 09;18
29;19 09;19
29;20 09;20
29;21 09;21
29;22 09;22
29;23 09;23
29;24 09;24
29;25 09;25
29;26 09;26
29;27 09;27
29;28 09;28
29;29 09;29
29;30 09;30
29;31 09;31
29;32 09;32
29;33 09;33
29;34 09;34
29;35 09;35
29;36 09;36
29;37 09;37
29;38 09;38
29;39 09;39
29;40 09;40
29;41 09;41
29;42 09;42
29;43 09;43
29;44 09;44
29;45 09;45
29;46 09;46
29;47 09;47
29;48 09;48
29;49 09;49
29;50 09;50
29;51 09;51
29;52 09;52
29;53 09;53
29;54 09;54
29;55 09;55
29;56 09;56
29;57 09;57
29;58 09;58
29;59 09;59
30;00 01;00
30;01 01;01
30;02 01;02
30;03 01;03
30;04 01;04
30;05 01;05
30;06 01;06
30;07 01;07
30;08 01;08
30;09 01;09
30;10 01;10
30;11 01;11
30;12 01;12
30;13 01;13
30;14 01;14
30;15 01;15
30;16 01;16
30;17 01;17
30;18 01;18
30;19 01;19
30;20 01;20
30;21 01;21
30;22 01;22
30;23 01;23
30;24 01;24
30;25 01;25
30;26 01;26
30;27 01;27
30;28 01;28
30;29 01;29
30;30 01;30
30;31 01;31
30;32 01;32
30;33 01;33
30;34 01;34
30;35 01;35
30;36 01;36
30;37 01;37
30;38 01;38
30;39 01;39
30;40 01;40
30;41 01;41
30;42 01;42
30;43 01;43
30;44 01;44
30;45 01;45
30;46 01;46
30;47 01;47
30;48 01;48
30;49 01;49
30;50 01;50
30;51 01;51
30;52 01;52
30;53 01;53
30;54 01;54
30;55 01;55
30;56 01;56
30;57 01;57
30;58 01;58
30;59 01;59
31;00 01;00
31;01 01;01
31;02 01;02
31;03 01;03
31;04 01;04
31;05 01;05
31;06 01;06
31;07 01;07
31;08 01;08
31;09 01;09
31;10 01;10
31;11 01;11
31;12 01;12
31;13 01;13
31;14 01;14
31;15 01;15
31;16 01;16
31;17 01;17
31;18 01;18
31;19 01;19
31;20 01;20
31;21 01;21
31;22 01;22
31;23 01;23
31;24 01;24
31;25 01;25
31;26 01;26
31;27 01;27
31;28 01;28
31;29 01;29
31;30 01;30
31;31 01;31
31;32 01;32
31;33 01;33
31;34 01;34
31;35 01;35
31;36 01;36
31;37 01;37
31;38 01;38
31;39 01;39
31;40 01;40
31;41 01;41
31;42 01;42
31;43 01;43
31;44 01;44
31;45 01;45
31;46 01;46
31;47 01;47
31;48 01;48
31;49 01;49
31;50 01;50
31;51 01;51
31;52 01;52
31;53 01;53
31;54 01;54
31;55 01;55
31;56 01;56
31;57 01;57
31;58 01;58
31;59 01;59
32;00 02;00
32;01 02;01
32;02 02;02
32;03 02;03
32;04 02;04
32;05 02;05
32;06 02;06
32;07 02;07
32;08 02;08
32;09 02;09
32;10 02;10
32;11 02;11
32;12 02;12
32;13 02;13
32;14 02;14
32;15 02;15
32;16 02;16
32;17 02;17
32;18 02;18
32;19 02;19
32;20 02;20
32;21 02;21
32;22 02;22
32;23 02;23
32;24 02;24
32;25 02;25
32;26 02;26
32;27 02;27
32;28 02;28
32;29 02;29
32;30 02;30
32;31 02;31
32;32 02;32
32;33 02;33
32;34 02;34
32;35 02;35
32;36 02;36
32;37 02;37
32;38 02;38
32;39 02;39
32;40 02;40
32;41 02;41
32;42 02;42
32;43 02;43
32;44 02;44
32;45 02;45
32;46 02;46
32;47 02;47
32;48 02;48
32;49 02;49
32;50 02;50
32;51 02;51
32;52 02;52
32;53 02;53
32;54 02;54
32;55 02;55
32;56 02;56
32;57 02;57
32;58 02;58
32;59 02;59
33;00 03;00
33;01 03;01
33;02 03;02
33;03 03;03
33;04 03;04
33;05 03;05
33;06 03;06
33;07 03;07
33;08 03;08
33;09 03;09
33;10 03;10
33;11 03;11
33;12 03;12
33;13 03;13
33;14 03;14
33;15 03;15
33;16 03;16
33;17 03;17
33;18 03;18
33;19 03;19
33;20 03;20
33;21 03;21
33;22 03;22
33;23 03;23
33;24 03;24
33;25 03;25
33;26 03;26
33;27 03;27
33;28 03;28
33;29 03;29
33;30 03;30
33;31 03;31
33;32 03;32
33;33 03;33
33;34 03;34
33;35 03;35
33;36 03;36
33;37 03;37
33;38 03;38
33;39 03;39
33;40 03;40
33;41 03;41
33;42 03;42
33;43 03;43
33;44 03;44
33;45 03;45
33;46 03;46
33;47 03;47
33;48 03;48
33;49 03;49
33;50 03;50
33;51 03;51
33;52 03;52
33;53 03;53
33;54 03;54
33;55 03;55
33;56 03;56
33;57 03;57
33;58 03;58
33;59 03;59
34;00 04;00
34;01 04;01
34;02 04;02
34;03 04;03
34;04 04;04
34;05 04;05
34;06 04;06
34;07 04;07
34;08 04;08
34;09 04;09
34;10 04;10
34;11 04;11
34;12 04;12
34;13 04;13
34;14 04;14
34;15 04;15
34;16 04;16
34;17 04;17
34;18 04;18
34;19 04;19
34;20 04;20
34;21 04;21
34;22 04;22
34;23 04;23
34;24 04;24
34;25 04;25
34;26 04;26
34;27 04;27
34;28 04;28
34;29 04;29
34;30 04;30
34;31 04;31
34;32 04;32
34;33 04;33
34;34 04;34
34;35 04;35
34;36 04;36
34;37 04;37
34;38 04;38
34;39 04;39
34;40 04;40
34;41 04;41
34;42 04;42
34;43 04;43
34;44 04;44
34;45 04;45
34;46 04;46
34;47 04;47
34;48 04;48
34;49 04;49
34;50 04;50
34;51 04;51
34;52 04;52
34;53 04;53
34;54 04;54
34;55 04;55
34;56 04;56
34;57 04;57
34;58 04;58
34;59 04;59
35;00 05;00
35;01 05;01
35;02 05;02
35;03 05;03
35;04 05;04
35;05 05;05
35;06 05;06
35;07 05;07
35;08 05;08
35;09 05;09
35;10 05;10
35;11 05;11
35;12 05;12
35;13 05;13
35;14 05;14
35;15 05;15
35;16 05;16
35;17 05;17
35;18 05;18
35;19 05;19
35;20 05;20
35;21 05;21
35;22 05;22
35;23 05;23
35;24 05;24
35;25 05;25
35;26 05;26
35;27 05;27
35;28 05;28
35;29 05;29
35;30 05;30
35;31 05;31
35;32 05;32
35;33 05;33
35;34 05;34
35;35 05;35
35;36 05;36
35;37 05;37
35;38 05;38
35;39 05;39
35;40 05;40
35;41 05;41
35;42 05;42
35;43 05;43
35;44 05;44
35;45 05;45
35;46 05;46
35;47 05;47
35;48 05;48
35;49 05;49
35;50 05;50
35;51 05;51
35;52 05;52
35;53 05;53
35;54 05;54
35;55 05;55
35;56 05;56
35;57 05;57
35;58 05;58
35;59 05;59
36;00 06;00
36;01 06;01
36;02 06;02
36;03 06;03
36;04 06;04
36;05 06;05
36;06 06;06
36;07 06;07
36;08 06;08
36;09 06;09
36;10 06;10
36;11 06;11
36;12 06;12
36;13 06;13
36;14 06;14
36;15 06;15
36;16 06;16
36;17 06;17
36;18 06;18
36;19 06;19
36;20 06;20
36;21 06;21
36;22 06;22
36;23 06;23
36;24 06;24
36;25 06;25
36;26 06;26
36;27 06;27
36;28 06;28
36;29 06;29
36;30 06;30
36;31 06;31
36;32 06;32
36;33 06;33
36;34 06;34
36;35 06;35
36;36 06;36
36;37 06;37
36;38 06;38
36;39 06;39
36;40 06;40
36;41 06;41
36;42 06;42
36;43 06;43
36;44 06;44
36;45 06;45
36;46 06;46
36;47 06;47
36;48 06;48
36;49 06;49
36;50 06;50
36;51 06;51
36;52 06;52
36;53 06;53
36;54 06;54
36;55 06;55
36;56 06;56
36;57 06;57
36;58 06;58
36;59 06;59
37;00 07;00
37;01 07;01
37;02 07;02
37;03 07;03
37;04 07;04
37;05 07;05
37;06 07;06
37;07 07;07
37;08 07;08
37;09 07;09
37;10 07;10
37;11 07;11
37;12 07;12
37;13 07;13
37;14 07;14
37;15 07;15
37;16 07;16
37;17 07;17
37;18 07;18
37;19 07;19
37;20 07;20
37;21 07;21
37;22 07;22
37;23 07;23
37;24 07;24
37;25 07;25
37;26 07;26
37;27 07;27
37;28 07;28
37;29 07;29
37;30 07;30
37;31 07;31
37;32 07;32
37;33 07;33
37;34 07;34
37;35 07;35
37;36 07;36
37;37 07;37
37;38 07;38
37;39 07;39
37;40 07;40
37;41 07;41
37;42 07;42
37;43 07;43
37;44 07;44
37;45 07;45
37;46 07;46
37;47 07;47
37;48 07;48
37;49 07;49
37;50 07;50
37;51 07;51
37;52 07;52
37;53 07;53
37;54 07;54
37;55 07;55
37;56 07;56
37;57 07;57
37;58 07;58
37;59 07;59
38;00 08;00
38;01 08;01
38;02 08;02
38;03 08;03
38;04 08;04
38;05 08;05
38;06 08;06
38;07 08;07
38;08 08;08
38;09 08;09
38;10 08;10
38;11 08;11
38;12 08;12
38;13 08;13
38;14 08;14
38;15 08;15
38;16 08;16
38;17 08;17
38;18 08;18
38;19 08;19
38;20 08;20
38;21 08;21
38;22 08;22
38;23 08;23
38;24 08;24
38;25 08;25
38;26 08;26
38;27 08;27
38;28 08;28
38;29 08;29
38;30 08;30
38;31 08;31
38;32 08;32
38;33 08;33
38;34 08;34
38;35 08;35
38;36 08;36
38;37 08;37
38;38 08;38
38;39 08;39
38;40 08;40
38;41 08;41
38;42 08;42
38;43 08;43
38;44 08;44
38;45 08;45
38;46 08;46
38;47 08;47
38;48 08;48
38;49 08;49
38;50 08;50
38;51 08;51
38;52 08;52
38;53 08;53
38;54 08;54
38;55 08;55
38;56 08;56
38;57 08;57
38;58 08;58
38;59 08;59
39;00 09;00
39;01 09;01
39;02 09;02
39;03 09;03
39;04 09;04
39;05 09;05
39;06 09;06
39;07 09;07
39;08 09;08
39;09 09;09
39;10 09;10
39;11 09;11
39;12 09;12
39;13 09;13
39;14 09;14
39;15 09;15
39;16 09;16
39;17 09;17
39;18 09;18
39;19 09;19
39;20 09;20
39;21 09;21
39;22 09;22
39;23 09;23
39;24 09;24
39;25 09;25
39;26 09;26
39;27 09;27
39;28 09;28
39;29 09;29
39;30 09;30
39;31 09;31
39;32 09;32
39;33 09;33
39;34 09;34
39;35 09;35
39;36 09;36
39;37 09;37
39;38 09;38
39;39 09;39
39;40 09;40
39;41 09;41
39;42 09;42
39;43 09;43
39;44 09;44
39;45 09;45
39;46 09;46
39;47 09;47
39;48 09;48
39;49 09;49
39;50 09;50
39;51 09;51
39;52 09;52
39;53 09;53
39;54 09;54
39;55 09;55
39;56 09;56
39;57 09;57
39;58 09;58
39;59 09;59
40;00 01;00
40;01 01;01
40;02 01;02
40;03 01;03
40;04 01;04
40;05 01;05
40;06 01;06
40;07 01;07
40;08 01;08
40;09 01;09
40;10 01;10
40;11 01;11
40;12 01;12
40;13 01;13
40;14 01;14
40;15 01;15
40;16 01;16
40;17 01;17
40;18 01;18
40;19 01;19
40;20 01;20
40;21 01;21
40;22 01;22
40;23 01;23
40;24 01;24
40;25 01;25
40;26 01;26
40;27 01;27
40;28 01;28
40;29 01;29
40;30 01;30
40;31 01;31
40;32 01;32
40;33 01;33
40;34 01;34
40;35 01;35
40;36 01;36
40;37 01;37
40;38 01;38
40;39 01;39
40;40 01;40
40;41 01;41
40;42 01;42
40;43 01;43
40;44 01;44
40;45 01;45
40;46 01;46
40;47 01;47
40;48 01;48
40;49 01;49
40;50 01;50
40;51 01;51
40;52 01;52
40;53 01;53
40;54 01;54
40;55 01;55
40;56 01;56
40;57 01;57
40;58 01;58
40;59 01;59
41;00 01;00
41;01 01;01
41;02 01;02
41;03 01;03
41;04 01;04
41;05 01;05
41;06 01;06
41;07 01;07
41;08 01;08
41;09 01;09
41;10 01;10
41;11 01;11
41;12 01;12
41;13 01;13
41;14 01;14
41;15 01;15
41;16 01;16
41;17 01;17
41;18 01;18
41;19 01;19
41;20 01;20
41;21 01;21
41;22 01;22
41;23 01;23
41;24 01;24
41;25 01;25
41;26 01;26
41;27 01;27
41;28 01;28
41;29 01;29
41;30 01;30
41;31 01;31
41;32 01;32
41;33 01;33
41;34 01;34
41;35 01;35
41;36 01;36
41;37 01;37
41;38 01;38
41;39 01;39
41;40 01;40
41;41 01;41
41;42 01;42
41;43 01;43
41;44 01;44
41;45 01;45
41;46 01;46
41;47 01;47
41;48 01;48
41;49 01;49
41;50 01;50
41;51 01;51
41;52 01;52
41;53 01;53
41;54 01;54
41;55 01;55
41;56 01;56
41;57 01;57
41;58 01;58
41;59 01;59
42;00 02;00
42;01 02;01
42;02 02;02
42;03 02;03
42;04 02;04
42;05 02;05
42;06 02;06
42;07 02;07
42;08 02;08
42;09 02;09
42;10 02;10
42;11 02;11
42;12 02;12
42;13 02;13
42;14 02;14
42;15 02;15
42;16 02;16
42;17 02;17
42;18 02;18
42;19 02;19
42;20 02;20
42;21 02;21
42;22 02;22
42;23 02;23
42;24 02;24
42;25 02;25
42;26 02;26
42;27 02;27
42;28 02;28
42;29 02;29
42;30 02;30
42;31 02;31
42;32 02;32
42;33 02;33
42;34 02;34
42;35 02;35
42;36 02;36
42;37 02;37
42;38 02;38
42;39 02;39
42;40 02;40
42;41 02;41
42;42 02;42
42;43 02;43
42;44 02;44
42;45 02;45
42;46 02;46
42;47 02;47
42;48 02;48
42;49 02;49
42;50 02;50
42;51 02;51
42;52 02;52
42;53 02;53
42;54 02;54
42;55 02;55
42;56 02;56
42;57 02;57
42;58 02;58
42;59 02;59
43;00 03;00
43;01 03;01
43;02 03;02
43;03 03;03
43;04 03;04
43;05 03;05
43;06 03;06
43;07 03;07
43;08 03;08
43;09 03;09
43;10 03;10
43;11 03;11
43;12 03;12
43;13 03;13
43;14 03;14
43;15 03;15
43;16 03;16
43;17 03;17
43;18 03;18
43;19 03;19
43;20 03;20
43;21 03;21
43;22 03;22
43;23 03;23
43;24 03;24
43;25 03;25
43;26 03;26
43;27 03;27
43;28 03;28
43;29 03;29
43;30 03;30
43;31 03;31
43;32 03;32
43;33 03;33
43;34 03;34
43;35 03;35
43;36 03;36
43;37 03;37
43;38 03;38
43;39 03;39
43;40 03;40
43;41 03;41
43;42 03;42
43;43 03;43
43;44 03;44
43;45 03;45
43;46 03;46
43;47 03;47
43;48 03;48
43;49 03;49
43;50 03;50
43;51 03;51
43;52 03;52
43;53 03;53
43;54 03;54
43;55 03;55
43;56 03;56
43;57 03;57
43;58 03;58
43;59 03;59
44;00 04;00
44;01 04;01
44;02 04;02
44;03 04;03
44;04 04;04
44;05 04;05
44;06 04;06
44;07 04;07
44;08 04;08
44;09 04;09
44;10 04;10
44;11 04;11
44;12 04;12
44;13 04;13
44;14 04;14
44;15 04;15
44;16 04;16
44;17 04;17
44;18 04;18
44;19 04;19
44;20 04;20
44;21 04;21
44;22 04;22
44;23 04;23
44;24 04;24
44;25 04;25
44;26 04;26
44;27 04;27
44;28 04;28
44;29 04;29
44;30 04;30
44;31 04;31
44;32 04;32
44;33 04;33
44;34 04;34
44;35 04;35
44;36 04;36
44;37 04;37
44;38 04;38
44;39 04;39
44;40 04;40
44;41 04;41
44;42 04;42
44;43 04;43
44;44 04;44
44;45 04;45
44;46 04;46
44;47 04;47
44;48 04;48
44;49 04;49
44;50 04;50
44;51 04;51
44;52 04;52
44;53 04;53
44;54 04;54
44;55 04;55
44;56 04;56
44;57 04;57
44;58 04;58
44;59 04;59
45;00 05;00
45;01 05;01
45;02 05;02
45;03 05;03
45;04 05;04
45;05 05;05
45;06 05;06
45;07 05;07
45;08 05;08
45;09 05;09
45;10 05;10
45;11 05;11
45;12 05;12
45;13 05;13
45;14 05;14
45;15 05;15
45;16 05;16
45;17 05;17
45;18 05;18
45;19 05;19
45;20 05;20
45;21 05;21
45;22 05;22
45;23 05;23
45;24 05;24
45;25 05;25
45;26 05;26
45;27 05;27
45;28 05;28
45;29 05;29
45;30 05;30
45;31 05;31
45;32 05;32
45;33 05;33
45;34 05;34
45;35 05;35
45;36 05;36
45;37 05;37
45;38 05;38
45;39 05;39
45;40 05;40
45;41 05;41
45;42 05;42
45;43 05;43
45;44 05;44
45;45 05;45
45;46 05;46
45;47 05;47
45;48 05;48
45;49 05;49
45;50 05;50
45;51 05;51
45;52 05;52
45;53 05;53
45;54 05;54
45;55 05;55
45;56 05;56
45;57 05;57
45;58 05;58
45;59 05;59
46;00 06;00
46;01 06;01
46;02 06;02
46;03 06;03
46;04 06;04
46;05 06;05
46;06 06;06
46;07 06;07
46;08 06;08
46;09 06;09
46;10 06;10
46;11 06;11
46;12 06;12
46;13 06;13
46;14 06;14
46;15 06;15
46;16 06;16
46;17 06;17
46;18 06;18
46;19 06;19
46;20 06;20
46;21 06;21
46;22 06;22
46;23 06;23
46;24 06;24
46;25 06;25
46;26 06;26
46;27 06;27
46;28 06;28
46;29 06;29
46;30 06;30
46;31 06;31
46;32 06;32
46;33 06;33
46;34 06;34
46;35 06;35
46;36 06;36
46;37 06;37
46;38 06;38
46;39 06;39
46;40 06;40
46;41 06;41
46;42 06;42
46;43 06;43
46;44 06;44
46;45 06;45
46;46 06;46
46;47 06;47
46;48 06;48
46;49 06;49
46;50 06;50
46;51 06;51
46;52 06;52
46;53 06;53
46;54 06;54
46;55 06;55
46;56 06;56
46;57 06;57
46;58 06;58
46;59 06;59
47;00 07;00
47;01 07;01
47;02 07;02
47;03 07;03
47;04 07;04
47;05 07;05
47;06 07;06
47;07 07;07
47;08 07;08
47;09 07;09
47;10 07;10
47;11 07;11
47;12 07;12
47;13 07;13
47;14 07;14
47;15 07;15
47;16 07;16
47;17 07;17
47;18 07;18
47;19 07;19
47;20 07;20
47;21 07;21
47;22 07;22
47;23 07;23
47;24 07;24
47;25 07;25
47;26 07;26
47;27 07;27
47;28 07;28
47;29 07;29
47;30 07;30
47;31 07;31
47;32 07;32
47;33 07;33
47;34 07;34
47;35 07;35
47;36 07;36
47;37 07;37
47;38 07;38
47;39 07;39
47;40 07;40
47;41 07;41
47;42 07;42
47;43 07;43
47;44 07;44
47;45 07;45
47;46 07;46
47;47 07;47
47;48 07;48
47;49 07;49
47;50 07;50
47;51 07;51
47;52 07;52
47;53 07;53
47;54 07;54
47;55 07;55
47;56 07;56
47;57 07;57
47;58 07;58
47;59 07;59
48;00 08;00
48;01 08;01
48;02 08;02
48;03 08;03
48;04 08;04
48;05 08;05
48;06 08;06
48;07 08;07
48;08 08;08
48;09 08;09
48;10 08;10
48;11 08;11
48;12 08;12
48;13 08;13
48;14 08;14
48;15 08;15
48;16 08;16
48;17 08;17
48;18 08;18
48;19 08;19
48;20 08;20
48;21 08;21
48;22 08;22
48;23 08;23
48;24 08;24
48;25 08;25
48;26 08;26
48;27 08;27
48;28 08;28
48;29 08;29
48;30 08;30
48;31 08;31
48;32 08;32
48;33 08;33
48;34 08;34
48;35 08;35
48;36 08;36
48;37 08;37
48;38 08;38
48;39 08;39
48;40 08;40
48;41 08;41
48;42 08;42
48;43 08;43
48;44 08;44
48;45 08;45
48;46 08;46
48;47 08;47
48;48 08;48
48;49 08;49
48;50 08;50
48;51 08;51
48;52 08;52
48;53 08;53
48;54 08;54
48;55 08;55
48;56 08;56
48;57 08;57
48;58 08;58
48;59 08;59
49;00 09;00
49;01 09;01
49;02 09;02
49;03 09;03
49;04 09;04
49;05 09;05
49;06 09;06
49;07 09;07
49;08 09;08
49;09 09;09
49;10 09;10
49;11 09;11
49;12 09;12
49;13 09;13
49;14 09;14
49;15 09;15
49;16 09;16
49;17 09;17
49;18 09;18
49;19 09;19
49;20 09;20
49;21 09;21
49;22 09;22
49;23 09;23
49;24 09;24
49;25 09;25
49;26 09;26
49;27 09;27
49;28 09;28
49;29 09;29
49;30 09;30
49;31 09;31
49;32 09;32
49;33 09;33
49;34 09;34
49;35 09;35
49;36 09;36
49;37 09;37
49;38 09;38
49;39 09;39
49;40 09;40
49;41 09;41
49;42 09;42
49;43 09;43
49;44 09;44
49;45 09;45
49;46 09;46
49;47 09;47
49;48 09;48
49;49 09;49
49;50 09;50
49;51 09;51
49;52 09;52
49;53 09;53
49;54 09;54
49;55 09;55
49;56 09;56
49;57 09;57
49;58 09;58
49;59 09;59
50;00 01;00
50;01 01;01
50;02 01;02
50;03 01;03
50;04 01;04
50;05 01;05
50;06 01;06
50;07 01;07
50;08 01;08
50;09 01;09
50;10 01;10
50;11 01;11
50;12 01;12
50;13 01;13
50;14 01;14
50;15 01;15
50;16 01;16
50;17 01;17
50;18 01;18
50;19 01;19
50;20 01;20
50;21 01;21
50;22 01;22
50;23 01;23
50;24 01;24
50;25 01;25
50;26 01;26
50;27 01;27
50;28 01;28
50;29 01;29
50;30 01;30
50;31 01;31
50;32 01;32
50;33 01;33
50;34 01;34
50;35 01;35
50;36 01;36
50;37 01;37
50;38 01;38
50;39 01;39
50;40 01;40
50;41 01;41
50;42 01;42
50;43 01;43
50;44 01;44
50;45 01;45
50;46 01;46
50;47 01;47
50;48 01;48
50;49 01;49
50;50 01;50
50;51 01;51
50;52 01;52
50;53 01;53
50;54 01;54
50;55 01;55
50;56 01;56
50;57 01;57
50;58 01;58
50;59 01;59
51;00 01;00
51;01 01;01
51;02 01;02
51;03 01;03
51;04 01;04
51;05 01;05
51;06 01;06
51;07 01;07
51;08 01;08
51;09 01;09
51;10 01;10
51;11 01;11
51;12 01;12
51;13 01;13
51;14 01;14
51;15 01;15
51;16 01;16
51;17 01;17
51;18 01;18
51;19 01;19
51;20 01;20
51;21 01;21
51;22 01;22
51;23 01;23
51;24 01;24
51;25 01;25
51;26 01;26
51;27 01;27
51;28 01;28
51;29 01;29
51;30 01;30
51;31 01;31
51;32 01;32
51;33 01;33
51;34 01;34
51;35 01;35
51;36 01;36
51;37 01;37
51;38 01;38
51;39 01;39
51;40 01;40
51;41 01;41
51;42 01;42
51;43 01;43
51;44 01;44
51;45 01;45
51;46 01;46
51;47 01;47
51;48 01;48
51;49 01;49
51;50 01;50
51;51 01;51
51;52 01;52
51;53 01;53
51;54 01;54
51;55 01;55
51;56 01;56
51;57 01;57
51;58 01;58
51;59 01;59
52;00 02;00
52;01 02;01
52;02 02;02
52;03 02;03
52;04 02;04
52;05 02;05
52;06 02;06
52;07 02;07
52;08 02;08
52;09 02;09
52;10 02;10
52;11 02;11
52;12 02;12
52;13 02;13
52;14 02;14
52;15 02;15
52;16 02;16
52;17 02;17
52;18 02;18
52;19 02;19
52;20 02;20
52;21 02;21
52;22 02;22
52;23 02;23
52;24 02;24
52;25 02;25
52;26 02;26
52;27 02;27
52;28 02;28
52;29 02;29
52;30 02;30
52;31 02;31
52;32 02;32
52;33 02;33
52;34 02;34
52;35 02;35
52;36 02;36
52;37 02;37
52;38 02;38
52;39 02;39
52;40 02;40
52;41 02;41
52;42 02;42
52;43 02;43
52;44 02;44
52;45 02;45
52;46 02;46
52;47 02;47
52;48 02;48
52;49 02;49
52;50 02;50
52;51 02;51
52;52 02;52
52;53 02;53
52;54 02;54
52;55 02;55
52;56 02;56
52;57 02;57
52;58 02;58
52;59 02;59
53;00 03;00
53;01 03;01
53;02 03;02
53;03 03;03
53;04 03;04
53;05 03;05
53;06 03;06
53;07 03;07
53;08 03;08
53;09 03;09
53;10 03;10
53;11 03;11
53;12 03;12
53;13 03;13
53;14 03;14
53;15 03;15
53;16 03;16
53;17 03;17
53;18 03;18
53;19 03;19
53;20 03;20
53;21 03;21
53;22 03;22
53;23 03;23
53;24 03;24
53;25 03;25
53;26 03;26
53;27 03;27
53;28 03;28
53;29 03;29
53;30 03;30
53;31 03;31
53;32 03;32
53;33 03;33
53;34 03;34
53;35 03;35
53;36 03;36
53;37 03;37
53;38 03;38
53;39 03;39
53;40 03;40
53;41 03;41
53;42 03;42
53;43 03;43
53;44 03;44
53;45 03;45
53;46 03;46
53;47 03;47
53;48 03;48
53;49 03;49
53;50 03;50
53;51 03;51
53;52 03;52
53;53 03;53
53;54 03;54
53;55 03;55
53;56 03;56
53;57 03;57
53;58 03;58
53;59 03;59
54;00 04;00
54;01 04;01
54;02 04;02
54;03 04;03
54;04 04;04
54;05 04;05
54;06 04;06
54;07 04;07
54;08 04;08
54;09 04;09
54;10 04;10
54;11 04;11
54;12 04;12
54;13 04;13
54;14 04;14
54;15 04;15
54;16 04;16
54;17 04;17
54;18 04;18
54;19 04;19
54;20 04;20
54;21 04;21
54;22 04;22
54;23 04;23
54;24 04;24
54;25 04;25
54;26 04;26
54;27 04;27
54;28 04;28
54;29 04;29
54;30 04;30
54;31 04;31
54;32 04;32
54;33 04;33
54;34 04;34
54;35 04;35
54;36 04;36
54;37 04;37
54;38 04;38
54;39 04;39
54;40 04;40
54;41 04;41
54;42 04;42
54;43 04;43
54;44 04;44
54;45 04;45
54;46 04;46
54;47 04;47
54;48 04;48
54;49 04;49
54;50 04;50
54;51 04;51
54;52 04;52
54;53 04;53
54;54 04;54
54;55 04;55
54;56 04;56
54;57 04;57
54;58 04;58
54;59 04;59
55;00 05;00
55;01 05;01
55;02 05;02
55;03 05;03
55;04 05;04
55;05 05;05
55;06 05;06
55;07 05;07
55;08 05;08
55;09 05;09
55;10 05;10
55;11 05;11
55;12 05;12
55;13 05;13
55;14 05;14
55;15 05;15
55;16 05;16
55;17 05;17
55;18 05;18
55;19 05;19
55;20 05;20
55;21 05;21
55;22 05;22
55;23 05;23
55;24 05;24
55;25 05;25
55;26 05;26
55;27 05;27
55;28 05;28
55;29 05;29
55;30 05;30
55;31 05;31
55;32 05;32
55;33 05;33
55;34 05;34
55;35 05;35
55;36 05;36
55;37 05;37
55;38 05;38
55;39 05;39
55;40 05;40
55;41 05;41
55;42 05;42
55;43 05;43
55;44 05;44
55;45 05;45
55;46 05;46
55;47 05;47
55;48 05;48
55;49 05;49
55;50 05;50
55;51 05;51
55;52 05;52
55;53 05;53
55;54 05;54
55;55 05;55
55;56 05;56
55;57 05;57
55;58 05;58
55;59 05;59
56;00 06;00
56;01 06;01
56;02 06;02
56;03 06;03
56;04 06;04
56;05 06;05
56;06 06;06
56;07 06;07
56;08 06;08
56;09 06;09
56;10 06;10
56;11 06;11
56;12 06;12
56;13 06;13
56;14 06;14
56;15 06;15
56;16 06;16
56;17 06;17
56;18 06;18
56;19 06;19
56;20 06;20
56;21 06;21
56;22 06;22
56;23 06;23
56;24 06;24
56;25 06;25
56;26 06;26
56;27 06;27
56;28 06;28
56;29 06;29
56;30 06;30
56;31 06;31
56;32 06;32
56;33 06;33
56;34 06;34
56;35 06;35
56;36 06;36
56;37 06;37
56;38 06;38
56;39 06;39
56;40 06;40
56;41 06;41
56;42 06;42
56;43 06;43
56;44 06;44
56;45 06;45
56;46 06;46
56;47 06;47
56;48 06;48
56;49 06;49
56;50 06;50
56;51 06;51
56;52 06;52
56;53 06;53
56;54 06;54
56;55 06;55
56;56 06;56
56;57 06;57
56;58 06;58
56;59 06;59
57;00 07;00
57;01 07;01
57;02 07;02
57;03 07;03
57;04 07;04
57;05 07;05
57;06 07;06
57;07 07;07
57;08 07;08
57;09 07;09
57;10 07;10
57;11 07;11
57;12 07;12
57;13 07;13
57;14 07;14
57;15 07;15
57;16 07;16
57;17 07;17
57;18 07;18
57;19 07;19
57;20 07;20
57;21 07;21
57;22 07;22
57;23 07;23
57;24 07;24
57;25 07;25
57;26 07;26
57;27 07;27
57;28 07;28
57;29 07;29
57;30 07;30
57;31 07;31
57;32 07;32
57;33 07;33
57;34 07;34
57;35 07;35
57;36 07;36
57;37 07;37
57;38 07;38
57;39 07;39
57;40 07;40
57;41 07;41
57;42 07;42
57;43 07;43
57;44 07;44
57;45 07;45
57;46 07;46
57;47 07;47
57;48 07;48
57;49 07;49
57;50 07;50
57;51 07;51
57;52 07;52
57;53 07;53
57;54 07;54
57;55 07;55
57;56 07;56
57;57 07;57
57;58 07;58
57;59 07;59
58;00 08;00
58;01 08;01
58;02 08;02
58;03 08;03
58;04 08;04
58;05 08;05
58;06 08;06
58;07 08;07
58;08 08;08
58;09 08;09
58;10 08;10
58;11 08;11
58;12 08;12
58;13 08;13
58;14 08;14
58;15 08;15
58;16 08;16
58;17 08;17
58;18 08;18
58;19 08;19
58;20 08;20
58;21 08;21
58;22 08;22
58;23 08;23
58;24 08;24
58;25 08;25
58;26 08;26
58;27 08;27
58;28 08;28
58;29 08;29
58;30 08;30
58;31 08;31
58;32 08;32
58;33 08;33
58;34 08;34
58;35 08;35
58;36 08;36
58;37 08;37
58;38 08;38
58;39 08;39
58;40 08;40
58;41 08;41
58;42 08;42
58;43 08;43
58;44 08;44
58;45 08;45
58;46 08;46
58;47 08;47
58;48 08;48
58;49 08;49
58;50 08;50
58;51 08;51
58;52 08;52
58;53 08;53
58;54 08;54
58;55 08;55
58;56 08;56
58;57 08;57
58;58 08;58
58;59 08;59
59;00 09;00
59;01 09;01
59;02 09;02
59;03 09;03
59;04 09;04
59;05 09;05
59;06 09;06
59;07 09;07
59;08 09;08
59;09 09;09
59;10 09;10
59;11 09;11
59;12 09;12
59;13 09;13
59;14 09;14
59;15 09;15
59;16 09;16
59;17 09;17
59;18 09;18
59;19 09;19
59;20 09;20
59;21 09;21
59;22 09;22
59;23 09;23
59;24 09;24
59;25 09;25
59;26 09;26
59;27 09;27
59;28 09;28
59;29 09;29
59;30 09;30
59;31 09;31
59;32 09;32
59;33 09;33
59;34 09;34
59;35 09;35
59;36 09;36
59;37 09;37
59;38 09;38
59;39 09;39
59;40 09;40
59;41 09;41
59;42 09;42
59;43 09;43
59;44 09;44
59;45 09;45
59;46 09;46
59;47 09;47
59;48 09;48
59;49 09;49
59;50 09;50
59;51 09;51
59;52 09;52
59;53 09;53
59;54 09;54
59;55 09;55
59;56 09;56
59;57 09;57
59;58 09;58
59;59 09;59
