7 18 46
1 16 71
1 20 21
-39 -2 51
3 14 74
-16 -1 82
2 24 56
3 47 66
-15 -11 55
6 14 23
5 36 48
2 22 76
-14 -9 71
2 47 51
7 14 44
-23 -4 31
4 19 28
-24 -1 76
-9 -1 50
2 25 32
14 15 44
1 7 61
2 39 91
1 38 59
11 17 35
-10 -1 46
4 15 29
4 31 70
-42 -2 77
5 16 87
-15 -3 25
4 27 66
14 19 33
3 18 82
-19 -6 34
1 6 30
-36 -1 90
No solution.
-18 -10 47
10 19 49
No solution.
6 18 52
13 19 30
10 11 52
-6 -1 83
5 16 81
-28 -5 42
3 31 87
-11 -8 73
5 9 57
-10 -5 58
-10 -4 63
1 39 72
12 15 50
-9 -3 81
-32 -1 82
3 44 71
4 36 52
-7 -2 40
6 11 63
6 11 24
5 42 47
5 30 54
11 19 39
-34 -1 49
4 19 91
-34 -3 59
No solution.
3 33 50
1 37 44
-9 -3 81
No solution.
-21 -7 39
-4 -3 65
6 10 20
2 47 66
-11 -4 93
3 14 41
4 8 26
2 35 86
-20 -8 56
-13 -6 52
1 53 79
3 40 49
5 15 53
-32 -5 42
-14 -1 27
1 34 52
5 16 32
-6 -2 64
-20 -5 90
-9 -1 45
2 13 17
No solution.
-5 -1 17
-2 -1 58
-32 -1 40
8 10 92
1 19 33
-11 -7 63
10 15 63
-32 -1 85
1 17 89
-11 -5 98
2 58 63
-45 -1 73
-26 -1 87
-22 -6 34
5 12 70
-21 -5 70
5 13 75
10 18 55
-14 -9 64
13 14 32
3 19 48
-26 -3 37
-10 -3 98
-12 -5 19
1 42 75
3 19 24
5 8 76
-15 -5 78
4 24 85
-25 -6 45
7 25 52
10 20 33
-28 -5 42
-4 -2 92
-9 -6 40
3 17 76
-37 -3 73
4 10 11
-45 -1 76
4 30 64
3 8 45
8 15 57
-11 -3 91
1 41 47
3 4 73
-20 -4 27
3 8 84
-16 -8 60
3 7 86
-21 -9 51
5 6 76
-20 -3 71
2 55 61
-16 -11 53
8 24 37
-26 -3 56
-6 -2 56
1 9 17
-13 -10 47
-14 -11 64
4 25 82
5 39 43
-10 -1 69
-18 -4 79
-9 -2 57
4 5 82
-24 -11 36
-14 -4 22
-13 -10 44
-12 -7 75
-16 -12 35
-22 -4 90
-33 -4 74
-9 -6 80
2 21 70
-7 -4 72
-27 -4 69
4 18 98
16 17 19
-30 -3 67
-21 -4 77
1 2 76
-26 -2 60
-27 -2 33
15 23 24
-13 -9 62
-13 -1 36
2 27 75
-13 -1 95
6 8 81
-47 -3 54
6 22 65
-51 -1 67
4 20 34
7 22 32
3 24 79
2 14 53
3 23 96
-11 -8 32
-9 -5 16
4 6 7
-11 -7 43
2 14 93
-11 -9 46
-2 -1 16
-12 -6 85
-27 -1 38
-14 -5 74
9 17 48
7 9 57
1 4 74
No solution.
6 28 50
-20 -9 50
5 16 92
8 33 35
-61 -1 71
-24 -2 71
-38 -2 72
-11 -7 63
4 28 82
1 51 63
-24 -1 53
8 25 48
9 17 37
No solution.
5 19 24
-39 -4 54
-25 -5 48
-18 -6 40
-18 -1 71
-4 -1 40
-13 -6 53
2 25 38
4 8 31
-8 -5 44
2 44 63
4 5 57
6 14 73
1 13 84
-32 -3 76
-17 -8 27
8 10 77
-18 -8 38
-36 -2 51
6 20 50
-17 -7 37
1 54 72
12 14 44
-14 -6 41
-20 -2 25
-6 -1 31
3 23 58
-12 -4 95
1 8 62
9 21 37
-18 -2 52
1 21 80
-27 -4 37
1 12 96
-16 -3 85
-10 -6 95
-20 -2 39
5 18 37
-6 -4 98
-38 -1 92
4 17 44
5 32 62
-12 -5 99
4 14 57
-20 -4 50
1 10 56
-8 -7 65
-48 -2 51
-36 -5 46
-23 -4 68
-13 -7 38
5 41 43
-9 -7 32
-35 -1 46
-2 -1 36
-23 -4 78
-16 -12 35
-58 -1 70
2 14 22
No solution.
3 37 54
2 14 17
1 10 99
-11 -3 97
-7 -4 88
-15 -4 61
1 37 66
-11 -10 40
-34 -2 63
-27 -2 82
-8 -4 29
-26 -2 69
10 16 22
-53 -2 72
7 8 54
-21 -6 64
-6 -4 60
-10 -5 39
-15 -9 28
-27 -6 42
-27 -6 53
-16 -4 47
-7 -4 33
7 14 38
-37 -4 67
2 35 59
-19 -12 37
3 7 9
7 24 29
-43 -1 86
-19 -5 68
6 12 43
1 62 77
4 8 27
-22 -4 94
1 30 44
-9 -5 99
-14 -4 65
6 11 45
4 21 28
-11 -1 34
4 35 41
3 12 77
3 9 55
6 13 14
8 13 45
2 3 31
4 12 52
No solution.
2 33 35
-23 -4 92
-14 -6 53
15 23 27
-62 -1 76
5 9 34
2 11 96
-30 -3 55
3 4 70
-16 -3 97
4 22 49
-50 -1 84
-65 -2 68
-14 -9 78
11 12 66
-9 -7 24
-27 -2 84
15 19 22
-10 -8 97
5 7 49
-7 -4 48
-32 -2 74
2 33 79
2 10 41
1 24 47
-13 -4 40
8 21 33
5 8 76
2 18 19
-12 -11 46
-11 -10 89
3 15 37
No solution.
1 26 94
4 20 44
2 10 24
1 12 62
7 28 33
4 5 82
9 13 22
5 25 77
-30 -3 39
3 7 47
-9 -2 13
9 17 35
-33 -2 84
4 29 72
-14 -10 37
-9 -6 31
-34 -3 75
-24 -4 65
5 16 17
-25 -1 92
1 13 26
12 22 30
-18 -7 76
9 15 70
4 31 66
-28 -5 40
5 9 34
9 17 34
-9 -1 38
2 42 64
3 21 68
6 21 78
-14 -1 19
-25 -2 75
-19 -3 72
-18 -2 52
7 13 56
7 26 40
-15 -1 49
1 2 73
7 8 80
4 8 71
1 11 49
-41 -2 78
3 16 43
12 18 20
-4 -1 48
-15 -13 39
13 16 27
-50 -2 71
-57 -1 75
9 14 27
-19 -11 31
-36 -3 61
6 19 35
-27 -3 62
4 27 76
1 5 79
-10 -8 98
8 21 22
-30 -1 62
-15 -4 86
5 10 12
-12 -11 69
-23 -6 56
-23 -5 29
6 22 40
2 24 69
4 22 40
8 19 49
2 39 58
4 19 74
-31 -4 63
-54 -2 65
-26 -4 56
-42 -3 73
2 17 80
No solution.
No solution.
-8 -7 50
10 12 36
-41 -1 85
-13 -7 63
4 26 34
-60 -2 64
-10 -1 38
3 30 36
-18 -11 37
4 7 29
-4 -1 90
-52 -1 65
5 8 68
2 39 44
-6 -4 65
-28 -1 43
1 33 79
-21 -7 41
2 29 55
1 24 58
1 10 49
3 15 57
-19 -11 40
-41 -1 77
-4 -2 12
-44 -2 72
-67 -1 74
-25 -1 88
-31 -3 58
5 9 62
3 10 78
2 25 45
-19 -10 44
-16 -6 37
12 13 50
5 26 72
2 43 71
1 40 44
-44 -1 57
-27 -1 85
2 32 35
-11 -9 91
-27 -4 32
-17 -12 41
4 38 47
8 18 22
14 19 36
6 29 50
-10 -3 91
7 17 19
4 8 98
-19 -2 88
1 47 57
No solution.
-28 -2 94
1 31 50
3 28 48
-20 -3 45
-9 -4 27
2 3 43
7 15 71
6 24 28
2 7 11
1 57 70
2 20 48
-30 -4 44
-11 -3 65
7 15 71
10 15 25
2 22 55
2 39 74
-26 -3 87
3 24 75
1 39 73
-8 -4 26
-14 -12 49
-18 -3 49
1 65 70
-13 -12 58
5 10 46
1 54 80
5 8 67
10 26 36
-22 -1 84
2 3 42
-17 -8 41
-9 -1 54
3 41 62
10 15 24
3 33 52
2 4 14
10 11 13
4 20 28
-6 -1 31
No solution.
-62 -2 78
3 16 95
1 16 51
-7 -1 43
3 47 63
5 19 83
12 23 32
6 13 70
-12 -8 69
-17 -1 65
10 28 33
-10 -2 59
-6 -5 23
14 18 39
-14 -3 91
No solution.
-19 -3 27
4 11 74
-6 -2 92
2 21 32
-32 -5 46
3 25 60
2 34 55
-21 -5 37
-20 -5 78
2 19 37
2 29 42
-12 -2 98
-11 -8 99
-10 -3 82
-27 -7 48
-26 -3 82
3 36 51
-19 -2 63
-10 -3 48
2 37 56
-15 -7 47
7 27 47
-13 -8 70
-13 -9 33
1 33 64
3 14 94
2 10 70
-10 -7 37
4 32 49
10 15 32
-9 -4 27
-36 -4 51
-24 -8 38
-35 -1 91
8 16 26
1 54 67
-27 -3 43
-16 -3 40
8 11 68
10 11 58
-12 -7 26
-23 -7 38
10 12 52
4 8 60
-14 -5 36
-6 -4 19
4 9 85
9 17 19
3 5 81
11 17 22
4 18 59
1 41 44
1 16 60
-14 -1 36
-15 -1 45
6 25 55
-11 -8 85
12 14 22
6 16 28
-22 -4 55
2 16 95
6 23 57
3 38 68
2 28 46
2 21 62
2 45 68
-35 -4 59
-19 -1 57
-21 -2 48
-17 -8 63
-48 -2 62
-46 -1 68
-4 -1 18
5 15 35
7 8 86
5 12 34
-26 -1 65
-14 -1 53
8 23 44
2 22 66
5 40 46
-13 -1 23
6 11 60
-22 -2 62
4 24 56
1 31 87
-42 -1 85
10 12 44
2 10 96
6 11 34
1 2 5
3 14 68
7 15 92
-8 -3 54
-2 -1 97
-15 -4 60
6 12 45
9 24 26
-29 -4 62
7 9 13
1 30 72
-23 -4 35
-14 -5 75
11 18 27
-12 -9 72
-14 -1 47
-12 -10 57
-8 -7 21
-32 -2 70
7 17 65
1 12 93
-43 -2 60
-21 -3 94
6 21 26
