1

1
1
3
3
3
1
10
3
3
10
3
10
10
10
10
4
10
4
4
10
10
1
4
10
1
1

37
37
37
37
37
37
37
37
3
37
37
37
37
37
37
3
3
37
37
37
37
1
37
37
37
37
37
37
37
37
37
37
37
17
17
37
37
37
37
2
17
1
37
37
2
17
2
37
37
17
2
5
5
17
17
17
17
5
5
17
17
4
4
4
5
17
17
17
4
4
4
3
17
17
4
1
3
3
17
4
1

3
3
1
3
7
7
1
7
2
2
7
2
2
7
7
7

1
1
7
7
7
7
2
7
7
2
7
1
1
2
5
2
5
5
5
1
5

19
1
2
16
16
16
16
2
2
19
2
16
16
16
16
16
16
19
16
13
19
19
16
16
2
13
1
19
19
16
7
7
7
2
13
19
16
7
13
19
19
16
7
7
7
13
13
19
19
19
13
13
13
19
19
19
13
13
1
19
19
19
13
13

2
2
2
3
3
2
3
17
17
17
17
17
17
1
17
17
17
17
2
17
17
17
17
17
2
17
17
1
6
6
6
6
4
4
1
6
6
4
4
1

2
1
8
8
2
8
1
4
8
4
8
8
8
1
4
8
1
4
5
5
5
2
2
5
8
2
2
5
8
1
8
8
8
4
8
4
8
2
4
4
8
2
2
2

2
2
1

2
2
1
4
3
3
3
4
4
4
19
19
19
19
19
19
19
19
19
19
19
19
19
19
19
19
2
19
19
2
19
1
1

1
17
17
3
3
3
17
17
4
1
5
5
17
17
4
4
10
5
5
17
17
17
4
10
10
5
17
17
17
10
10
4
17
17
17
10
10
4
4
1
2
2
17
17
2
10
4
2
10
10
