500
0 79 5862 6635 8624 8645 8890 8902 8974 9000 9155 9256 9312 9426 
1 2013 5689 5727 5805 5905 5971 5990 6361 6455 6584 7710 7922 
2 979 3521 8167 9168 9294 9307 9310 9403 9509 9528 9558 9559 9586 9592 9689 
3 905 974 1030 1073 1182 1194 1222 1306 1512 1657 2595 3079 3936 6465 6613 7652 
4 1668 2555 5729 5769 5877 5916 5920 5962 6007 6151 6169 6186 6301 7153 7641 
5 6866 6950 7103 7116 7186 7241 7244 7270 7291 7292 7296 7365 
6 680 760 813 926 1054 1082 1143 1145 1252 1457 1460 1598 1657 2150 9842 
7 3716 3741 3796 3852 3907 3923 3952 4005 4030 4661 7949 8994 
8 6030 7489 7549 7563 7572 7613 7632 7701 7764 7769 7837 7862 8198 
9 120 187 215 237 285 288 489 564 649 755 865 884 960 3047 3728 6584 9848 
10 1670 6918 7379 9328 9348 9370 9379 9493 9547 9566 9590 9593 9618 9632 9646 
11 847 6183 6267 6375 6406 6731 7055 7413 9769 9780 9802 9850 9909 9914 
12 2555 3936 4500 4542 4566 5104 8690 9636 9766 9776 9816 9876 9907 9977 
13 1249 1314 1440 1485 1489 1590 1624 1683 1727 1729 3630 5715 
14 2166 2194 2320 2400 2438 2483 2520 2566 2608 2672 2695 2730 3720 6049 9270 
15 1435 1494 1520 1652 1663 1721 1743 1762 1767 8994 
16 660 668 759 765 815 879 902 906 912 917 987 1025 1084 1127 1277 1465 1496 3894 5412 
17 1194 1200 1203 1214 1313 1384 1457 1737 2060 2322 6270 
18 4700 4781 4806 4861 4889 5259 5262 5448 5458 5746 
19 3151 3406 3446 3488 3672 3717 3741 3912 3970 3983 4695 6331 7751 
20 1134 2172 2259 2272 2402 2555 2567 2727 2741 3007 3081 3795 5038 
21 7153 7410 8150 8169 8945 8981 8983 9010 9097 9109 9189 9233 9293 9581 9648 9717 9723 
22 7367 7940 8021 8045 8272 8353 8459 8464 8509 8834 9842 
23 88 935 5159 5182 5191 5210 5218 5237 5262 5273 5831 
24 6049 8373 8390 8397 8538 8572 8618 8657 8685 8743 8790 8804 8815 8885 9031 
25 1668 3894 5427 5626 5672 5714 6039 6088 6166 6346 6406 6524 6616 
26 2155 3432 4479 4630 4650 4672 4705 4721 4805 5099 9867 9996 
27 22 26 100 110 192 244 278 362 377 447 518 535 590 608 650 1739 8491 
28 1753 1845 1923 1945 2011 2034 2051 2060 2210 2218 2262 2954 8043 
29 79 3232 3985 3999 4022 4120 4147 4192 4313 4354 4541 4586 4607 4645 4899 5006 5138 6404 
30 3830 4326 5298 5309 5441 5556 5573 5604 5636 5678 5799 5881 6025 6074 6254 
31 462 473 478 481 561 591 593 667 694 756 794 921 6101 7883 
32 2240 2986 3894 6794 6956 6969 7002 7011 7328 7333 7359 
33 1392 1435 1521 1548 1588 1906 1999 2306 2308 3798 3932 5219 7762 8134 
34 148 2645 2713 2741 2843 2950 2957 2981 2999 3005 3021 3044 3352 9007 
35 10 18 99 107 116 209 247 278 439 525 636 700 705 2569 3158 7880 9244 
36 3830 6170 7066 7151 7160 7270 7298 7338 7409 7469 7493 7615 7639 
37 4862 4926 5089 5148 5257 5310 5492 5546 5701 5743 5838 6451 9842 9968 
38 1105 5181 5211 5232 5353 5365 5371 5391 5418 5422 5469 5590 6178 6258 6305 6938 7791 
39 2240 2790 7438 7740 9519 9584 9610 9661 9698 9745 9793 9802 9809 9866 9893 
40 3012 4060 7638 7730 7840 7893 8001 8158 8167 8176 8203 8507 8684 9224 
41 3982 4782 4937 5017 5040 5068 5135 5173 5217 5219 5278 5303 5384 5389 7026 
42 569 3660 3698 3742 3744 3796 3802 3843 3857 3891 4104 4199 4343 
43 2962 3862 3884 3893 3990 4055 4083 4086 4098 4119 4133 4282 4765 5111 
44 1787 1796 1860 1890 1920 2007 2020 2047 2104 2107 2228 2275 2607 4071 4341 8284 
45 148 906 1032 1143 1362 1541 1564 1712 1725 1773 5386 
46 427 3982 4525 4648 4748 4874 4917 4936 5140 5151 5153 6001 9852 
47 629 806 935 989 1085 1150 1162 1190 1296 1315 1371 1378 1445 1479 1569 4060 
48 2128 3032 5886 5958 6125 6199 6210 6224 6248 6379 6490 6692 7652 8269 
49 604 652 660 744 766 773 882 929 1056 1087 1146 1154 1181 1264 1289 2240 
50 148 2927 3936 6081 6148 6163 6191 6247 6299 6368 6393 6452 6614 
51 259 935 4599 4621 4668 4761 4770 4798 4830 4852 4913 5033 6486 
52 1117 2240 7216 9471 9529 9670 9702 9736 9747 9829 9844 9885 9911 
53 7925 7927 7985 8315 8362 8525 8684 8882 8956 8989 9244 
54 4298 4331 4406 4538 4620 4653 4707 4939 5674 9197 
55 4994 5071 5074 5268 5418 5432 5537 5539 5558 5575 5696 5980 6258 7751 
56 3459 3484 3512 3536 3577 3583 3658 4199 4216 5177 6170 6360 9443 
57 2288 3863 3977 3994 4002 4081 4105 4139 4285 4368 4465 4625 5239 5492 9199 
58 6330 6371 6375 6459 6522 6541 6553 6668 6742 6805 7786 9480 
59 2935 3134 3204 3206 3216 3268 3283 3360 3469 3470 3505 3700 3835 5307 6712 7438 
60 1183 1241 1294 1302 1451 1654 1777 1896 2007 2070 4377 8134 
61 2288 2630 7153 7677 7853 7873 8007 8040 8127 8155 8225 8346 9192 
62 3377 6094 6143 6183 6190 6240 6309 6350 6425 6430 6833 7029 7553 8618 9533 9968 
63 979 5647 5696 5778 5804 5882 6021 6126 6217 6268 6346 6505 7537 9842 
64 321 2896 2925 2928 3273 3308 3322 3340 3368 3397 3457 3458 4043 5054 6101 8130 
65 2068 2124 2231 2331 2353 2400 2420 2784 2797 2883 3827 5064 6467 
66 282 315 316 324 352 368 428 479 673 765 790 795 847 850 
67 676 1668 8005 8804 9082 9157 9250 9258 9310 9412 9668 
68 2836 2941 2947 2987 3173 3212 3227 3279 3348 3657 8259 
69 5962 7707 7800 7845 8858 8893 8994 9439 9534 9542 9611 9796 9823 9861 9970 
70 4087 4093 4126 4157 4199 4228 4309 4348 4389 4405 4408 4459 4493 4847 5326 6258 
71 6020 6501 6574 6987 7004 7035 7074 7208 7357 7696 8150 9533 9968 
72 935 3264 3405 3436 3603 3605 3638 3691 3708 3709 3812 3896 4054 5003 7949 
73 5138 5186 5187 5288 5361 5436 5456 5503 5565 5639 5642 5655 5659 5781 5800 5933 6547 8130 
74 3998 4014 4048 4050 4260 4314 4356 4403 4441 4452 4551 4717 5155 
75 4377 4861 4931 4966 5024 5030 5094 5135 5235 5467 5521 5775 8125 
76 935 2049 2174 2240 2252 2385 2461 2489 2547 2628 2730 3092 3104 4539 5715 
77 7453 7535 7560 7582 7680 7694 7720 7786 7875 7983 7986 8528 9290 9465 
78 1534 2986 4855 5888 5953 5986 6012 6092 6106 6146 6151 6294 6298 6477 7709 9244 
79 4822 4840 4844 4859 4898 4920 4951 5017 5021 5037 5041 5245 6547 8722 
80 639 641 664 691 702 733 736 778 832 897 1852 8830 
81 1656 1658 1688 1689 1701 1745 1851 1865 1892 1898 2143 2345 2414 3781 6101 6827 7429 7438 
82 8033 8034 8050 8061 8272 8275 8309 8434 8460 8547 9224 9444 9822 
83 1176 3827 9358 9459 9506 9531 9632 9642 9666 9758 9769 9788 9830 
84 935 3077 5012 5037 5107 5168 5174 5299 5391 5444 6011 
85 1299 8941 9007 9154 9157 9222 9243 9368 9413 9582 9583 
86 2240 2790 9009 9070 9083 9110 9112 9162 9195 9235 9271 9341 9385 9399 
87 699 751 769 804 869 953 968 1017 1044 1240 1276 1352 1491 2611 4199 9545 
88 412 925 2121 3038 3188 3192 3557 3623 3788 3789 3819 4083 4178 4191 4349 4739 5412 8431 
89 145 172 195 235 257 303 307 337 370 402 484 560 630 774 935 2340 9533 
90 8551 8557 8611 8623 8650 8703 8734 8768 9293 9476 9604 
91 4180 6607 6617 6634 6674 6684 6690 6799 6881 6950 6963 7105 7413 7782 
92 6049 6478 6539 6645 6702 6709 6773 6779 6937 6938 7078 7131 7202 7220 7459 7507 
93 1534 5715 6713 6905 6912 6924 6942 7146 7228 7286 7380 7459 7541 7713 8248 
94 1881 2069 2118 2123 2381 2393 2405 2423 2458 2531 7968 
95 1330 1390 1398 1400 1515 1608 1635 1638 1669 1683 1705 1769 1799 1838 4362 5156 
96 3995 4207 4376 4381 4389 4444 4478 4507 4640 4816 4819 8325 8491 8495 
97 80 209 309 380 409 428 515 646 655 5437 9244 
98 1625 7356 7375 7435 7498 7568 7662 7734 7761 7864 7945 8019 8248 9178 
99 491 631 838 847 966 1125 1159 1298 1364 1386 1411 1412 1455 1557 1657 1728 2704 7296 
100 1125 6744 7128 7134 7286 7332 7363 7385 7484 7501 7515 7606 7755 9848 9968 
101 6713 6725 6750 6837 6917 7031 7061 7113 7190 7762 8414 
102 2121 5507 5792 5900 5905 6009 6034 6041 6137 6197 6247 6263 6592 6727 8125 8462 
103 1492 1507 1565 1574 1730 1838 1893 1966 2078 2141 2256 2345 2857 4352 4760 
104 532 641 757 900 971 1014 1015 1147 1190 1214 1498 4340 6978 7709 
105 3 79 117 137 153 226 257 319 378 434 483 767 2615 3936 5848 6613 
106 1404 1417 1507 1689 1703 1776 1943 2160 2485 
107 3013 4156 6369 9482 9520 9596 9701 9769 9774 9868 9981 
108 321 867 6613 6926 6940 6985 6998 7005 7043 7052 7073 7116 7183 8139 8797 
109 745 2071 2078 2082 2098 2157 2170 2172 2251 2464 5715 9822 
110 3003 3017 3099 3143 3181 3185 3330 3381 3434 3453 3539 3836 3842 
111 1988 2043 2072 2126 2187 2202 2208 2287 2472 2730 2962 3894 4034 5412 
112 79 2121 2460 2473 2559 2622 2704 2881 2936 3000 3098 3134 3515 3877 5715 5748 9968 
113 935 3700 8822 8914 9091 9148 9274 9277 9300 9369 9382 9386 
114 2 1299 6017 6033 6173 6268 6356 6466 6539 6586 6642 6730 6800 6938 8428 
115 935 3316 6289 6388 6411 6506 6690 6752 6773 6780 6840 6848 7285 7641 
116 1191 1218 1235 1275 1307 1398 1432 1510 1565 1650 1904 4527 7736 
117 1 18 36 123 212 405 439 458 468 526 531 538 583 684 847 935 8994 
118 2875 4511 4568 4575 4683 4698 4736 4757 4802 4835 4979 4987 
119 4644 4718 4845 4846 4863 4898 5017 5023 5044 5085 5105 5116 6054 
120 1668 1930 1961 1968 2159 2191 2239 2307 2355 2458 2488 2568 2579 2706 2760 2810 3237 3513 5762 5898 
121 6584 7035 7052 7137 7299 7319 7377 7399 7482 7589 7622 8702 
122 3972 3994 4023 4090 4092 4155 4201 4229 4720 7782 
123 321 1823 1864 1884 1946 1965 1980 2002 2024 2048 2165 2256 2543 3320 8212 
124 79 3074 6663 6732 6753 6894 6917 6919 6997 7013 7016 7172 7213 7267 7272 7318 
125 3982 5291 5355 5372 5452 5505 5592 5673 5719 5867 5868 6025 6739 6899 
126 2167 2249 2355 2451 2455 2501 2597 2706 2761 2799 4317 8716 9007 
127 1668 3111 6143 6176 6332 6336 6452 6457 6530 6688 6691 6699 6891 6957 7000 7040 7087 7634 7883 
128 806 900 928 958 971 1091 1230 1257 1449 1604 1634 1667 1761 2288 7883 7968 
129 2 5880 8510 8577 8940 8962 8969 9045 9066 9132 9248 9271 9305 9341 9586 
130 4608 4667 4685 4721 4889 5010 5069 5075 5609 5656 6650 8387 
131 2240 2258 2350 2390 2542 2545 2576 2623 2625 2972 2982 3084 3127 3894 
132 4527 8618 8728 9312 9383 9410 9481 9508 9531 9591 9655 9680 9697 9759 
133 321 592 728 750 814 859 871 888 1118 1219 1339 1490 5099 5715 
134 3894 5766 5787 5936 5991 6032 6056 6087 6121 6158 6184 
135 2 1518 1525 1537 1592 2024 2047 2059 2113 2318 3243 3877 5543 
136 2 41 111 132 209 218 231 252 294 315 373 949 6327 
137 4058 4275 4578 4589 4747 4779 4806 5780 6486 7234 8431 
138 2 2643 6033 6184 6255 6396 6433 6457 6596 6602 6920 6962 7049 
139 3894 4853 4872 4925 5203 5233 5250 5280 5444 5505 5520 5658 5666 5817 
140 4038 4040 4159 4176 4233 4247 4259 4369 4491 4543 4571 5150 5295 9533 9968 
141 4783 4845 4850 4920 4967 5084 5091 5228 5234 5257 5323 5337 5547 5645 5726 
142 2340 3554 3899 3908 3916 3945 4004 4023 4111 4121 4253 4437 5072 9007 
143 3144 6630 8957 9018 9046 9062 9092 9125 9150 9162 9310 9548 
144 1483 1624 1635 1850 1867 1932 2010 2018 2029 2288 2382 2431 2493 2731 2939 3190 8498 
145 3668 3671 3688 3763 3766 3782 3891 3895 3986 4017 4497 6021 
146 321 490 497 573 708 744 771 828 854 864 927 1153 1186 1281 1611 3936 4400 
147 3074 3573 3739 3749 3771 3815 3829 4051 4242 6447 6920 9270 
148 2 2288 2340 3023 7153 7340 7356 7434 7452 7453 7612 7672 7680 7775 7961 8052 
149 1435 1603 1669 1685 1769 1804 1929 1940 2030 2033 2247 2439 2486 3240 3586 6054 6327 
150 834 3869 6470 9217 9231 9257 9307 9316 9330 9362 9487 9691 9809 9847 
151 2275 3354 4180 4626 9486 9534 9628 9636 9686 9728 9737 9829 9916 
152 253 289 302 345 389 485 506 548 674 696 705 823 1343 4855 
153 4194 4224 4306 4380 4402 4486 4534 4555 4563 4578 5295 5304 9129 
154 321 2052 6845 6897 6976 7036 7047 7091 7165 7232 7300 7526 8140 
155 2986 6470 6854 7022 7045 7050 7097 7112 7154 7190 7238 7444 7476 
156 799 1003 1020 1036 1097 1143 1156 1161 1231 1411 1680 1741 1805 1838 2203 4901 5248 
157 2083 2157 2267 2279 2359 2516 2623 2644 2781 2958 4129 4362 4801 9244 
158 3012 3936 5437 6957 7045 7082 7174 7201 7535 7585 7745 7779 7798 8358 
159 2656 2665 2880 2934 2972 2982 3072 3121 3147 3224 3530 7120 9301 9404 
160 736 769 772 811 911 1002 1224 1267 1569 2555 3053 7133 8994 
161 50 69 188 267 353 429 446 461 491 591 718 901 2005 2407 2962 6547 7652 
162 632 748 976 1062 1071 1141 1181 1197 1288 1347 1948 2396 5762 
163 293 321 484 617 688 734 871 961 1244 1415 1528 1674 6196 7762 
164 732 2962 6925 7008 7030 7065 7083 7175 7214 7290 7415 7425 7531 7665 7673 9947 
165 1125 2719 2784 2835 2886 2952 2985 3046 3150 3331 3470 4664 5219 
166 2240 3667 3746 3771 3868 3923 4085 4100 4173 4199 4416 5643 
167 7230 7325 7380 7419 7479 7489 7517 7543 7585 7596 7700 7715 7749 8756 8912 
168 6392 6433 6485 6562 6632 6640 6666 6690 6726 6762 6909 7684 7782 9349 
169 2643 5412 5549 5599 5703 5903 5984 6002 6037 6230 6258 6716 8146 8406 
170 2790 4938 4946 4992 5069 5070 5325 5351 5367 5388 5514 5619 7762 
171 2 7413 8194 8292 8416 8422 8473 8488 8583 8627 8659 8793 9137 
172 1774 6080 6276 6394 6540 6626 6628 6703 7165 7396 7762 8863 
173 79 2787 2849 2850 2862 2896 2953 2961 2978 2992 3885 3937 4282 4314 
174 183 6091 6127 6129 6131 6185 6218 6249 6284 6414 6415 6810 7055 7634 
175 321 2121 6577 6581 6628 6638 6677 6704 6722 6743 6762 6814 6825 7454 8439 
176 1956 2962 7342 7348 7381 7388 7404 7461 7553 7582 7605 8293 9354 9968 
177 8869 8895 8927 8941 9135 9179 9280 9300 9301 9312 9407 
178 3982 4170 5346 5584 5622 5692 5699 5843 5872 5922 5932 5947 5982 6373 6437 
179 3111 3554 3573 3824 4087 4117 4123 4153 4197 4466 4490 5448 5762 
180 667 806 903 918 1022 1083 1119 1146 1339 1361 6534 7709 
181 1134 6808 6826 6891 6892 6931 6975 6985 7030 7075 7118 7153 7220 7351 8507 
182 3494 3597 3605 3648 3808 3853 3910 3939 3977 3983 4004 4042 4442 5715 
183 1343 1727 1786 1795 1859 1905 1907 1919 1969 2031 2112 2251 2559 3320 5880 
184 2327 7850 7867 7958 8041 8136 8203 8210 8247 8263 8315 8327 8634 
185 4385 5623 5675 5688 5812 5892 5926 5975 6004 6063 6482 7183 7699 
186 10 71 95 106 117 181 191 273 300 357 687 1140 3074 
187 5341 7153 7357 7476 7480 7654 7737 7828 7858 8037 8117 8156 8187 8319 8958 
188 427 2240 7055 7895 9041 9106 9201 9258 9393 9400 9429 9571 9719 9816 
189 935 5677 6384 6417 6506 6572 6607 6670 6708 6775 7153 7365 7521 7806 8922 
190 1893 1920 1975 2035 2041 2235 2299 2377 2416 2421 2633 2750 2986 5006 
191 6021 6327 6439 6563 6620 6667 6755 6811 6843 7069 7119 7136 
192 84 3810 3862 3941 4044 4089 4122 4124 4231 4283 4345 6547 
193 838 4611 4789 4798 4850 4868 4872 4924 5004 5045 5301 5553 
194 1238 3252 3311 3348 3565 3696 3883 3897 4086 4105 4161 4213 4558 
195 1336 1427 1651 1652 1707 1765 1881 1882 1889 1982 2003 2070 4362 8431 
196 321 3074 5460 5495 5554 5617 5649 5714 5923 5928 6009 6134 6750 
197 35 212 276 298 306 370 373 503 628 1348 2422 3371 4855 4909 5869 8125 8716 
198 3163 4399 7898 7996 8170 8180 8236 8265 8316 8449 8452 8538 8684 8721 9968 
199 6207 6273 6851 7699 9674 9702 9814 9954 9959 9961 9984 
200 79 5897 9265 9369 9371 9481 9494 9522 9621 9651 9742 9746 9804 9812 9882 
201 434 549 561 573 629 691 702 715 727 1183 2085 2475 6538 7133 7732 
202 4642 4677 4705 4777 4847 4887 4891 4900 4902 4949 5138 5239 5726 9600 
203 624 748 765 984 1126 1208 1240 1330 1347 1362 1522 1789 3533 8293 
204 2068 2093 2105 2347 2438 2444 2598 2638 2728 2747 2761 3157 3521 3835 4352 5412 
205 5587 5669 5708 5730 5868 5962 5985 6045 6201 6297 6320 6382 6613 8812 9669 
206 2667 2682 2909 2912 2969 2982 3003 3011 3262 3562 3670 4988 
207 3521 5449 5609 5631 5669 5744 5934 5950 6003 6116 6176 6180 6526 
208 76 2567 2823 2919 2946 2985 3086 3162 3189 3270 6270 
209 4647 6894 6999 7016 7117 7403 7452 7470 7499 7500 7510 7904 
210 1668 7227 7322 7420 7508 7661 7801 7815 7891 8133 9036 9453 9908 
211 4909 6258 8082 8137 8232 8278 8425 8472 8554 8578 8643 8700 8724 8752 
212 5412 7405 7427 7542 7546 7621 7680 7743 7753 7889 8063 8600 9008 
213 939 1015 1020 1322 1436 1452 1467 1473 1494 1505 1553 4222 6044 
214 7120 8059 8102 8190 8203 8242 8300 8317 8352 8421 8424 8493 8908 9551 
215 7793 8021 8030 8090 8098 8117 8132 8141 8188 8392 8552 8567 9135 9548 9903 
216 2638 2658 2834 2887 2905 3051 3950 4352 5111 9768 9818 9881 9883 9957 9989 
217 79 3353 3421 3592 3736 3796 3800 3826 4063 4345 4402 6226 
218 2643 2856 4352 8469 8493 8533 8682 8750 8778 8782 8796 8824 9391 
219 352 3325 3356 3389 3453 3459 3461 3473 3600 3786 3990 5715 
220 3939 4005 4097 4135 4167 4316 4332 4495 6817 8512 
221 1050 4624 4855 8351 8372 8381 8416 8437 8440 8595 8761 8885 
222 321 7880 7883 8553 8717 8771 8824 8967 9084 9329 9342 9348 9829 
223 5446 5595 5679 5716 5742 5847 5884 5944 6185 6201 6278 6343 6982 7586 8121 
224 3 6 79 118 160 181 309 312 325 379 397 413 424 467 1560 6613 
225 4218 4323 4339 4372 4449 4604 4628 4629 4696 4735 4784 4913 5748 5849 7179 
226 2892 3252 3267 3274 3297 3442 3547 3578 3598 3640 3664 4260 7280 
227 4792 4810 4838 4861 4906 4918 4953 4983 5143 7992 9374 
228 7651 7685 7699 7732 7750 8020 8100 8213 8247 8400 
229 3103 5748 6832 6938 7022 7074 7089 7103 7220 7253 7372 7602 8994 
230 1340 1432 1447 1486 1529 1583 1633 1658 1685 1780 1837 1879 1898 2121 2321 2670 5643 8495 8994 
231 2288 3661 3823 3847 3856 3900 3967 3968 4090 4132 4188 4196 5520 7732 
232 5215 5271 5398 5541 5561 5769 5789 5800 5841 5857 5907 5996 8462 
233 3175 3306 3307 3322 3330 3349 3351 4527 5112 7120 7699 9772 9812 9906 
234 1668 8224 8351 8393 8540 8562 8587 8646 8653 8666 8764 8815 9036 9461 9545 
235 4798 4809 4832 4919 4924 4926 4944 4991 5040 5189 5233 5280 5288 5473 6855 7456 
236 3106 8418 8602 8648 8785 8825 8916 9284 9315 9358 
237 3830 6395 6543 6578 6648 6664 6936 7167 7949 8386 9754 9771 9857 9942 
238 1668 2704 4563 4587 4649 4696 4725 4744 4848 4900 5188 5386 
239 3411 3430 3431 3500 3538 3560 3776 3826 3857 3940 9955 
240 1660 1668 1686 1758 1815 1938 1957 1988 2001 2008 2061 3004 4034 
241 79 3753 7890 7905 7945 8032 8088 8127 8492 8523 8562 
242 4539 5038 8264 8491 8585 8612 8652 8658 8686 8723 9112 9209 9714 9717 9746 9942 
243 4314 4599 4607 4650 4654 4659 4665 4673 4846 7845 
244 3982 4683 4947 5085 5115 5183 5276 5316 5474 5562 5719 5836 5992 8053 9007 
245 2986 6176 6203 6215 6226 6279 6358 6446 6840 6841 6869 7027 7059 8848 
246 2808 2827 2850 3125 3127 3152 3185 3274 3308 3322 3493 3681 9299 
247 34 80 142 151 166 214 254 257 304 334 511 539 648 1542 2537 2617 2962 5962 
248 2461 2492 2509 2528 2590 2593 2610 3098 3103 5412 6153 
249 2240 3371 5128 5139 5144 5158 5173 5197 5202 5494 7486 
250 2121 6172 6312 6916 6917 7032 7122 7129 7141 8157 9510 
251 916 1043 1183 1275 1308 1343 1386 1542 1590 1611 1731 1748 1806 1817 1942 2182 3022 4311 
252 2330 2355 2368 2388 2494 2517 2531 2660 2677 2842 3154 3758 9040 
253 5880 7612 7721 7743 7805 7826 7829 7840 7926 7947 8028 8049 
254 1155 1158 1291 1361 1494 1683 1684 1889 1916 1997 5029 
255 183 745 1557 4958 8796 8899 8918 9082 9177 9319 9383 9384 9422 9523 9545 9635 9780 
256 39 171 194 229 323 372 486 590 842 991 1123 1299 2643 2673 6672 9935 9971 
257 1042 1787 1830 1854 1876 1914 1937 2025 2089 2105 2109 2161 2434 2867 2962 3894 7413 
258 1256 5942 5977 5995 6003 6008 6056 6072 6074 6104 6190 6225 6244 6267 6352 7105 7162 
259 2192 3012 5215 5319 5384 5453 5460 5695 5738 5763 5770 5778 7012 
260 4197 4249 4315 4592 4618 4736 4751 4764 4832 4901 5113 
261 1 35 43 489 6537 9007 9620 9676 9702 9762 9820 9992 
262 615 682 778 831 1000 1032 1057 1089 1151 3106 3507 
263 6049 6338 6387 6453 6495 6554 6594 6602 6652 6681 6682 6685 6764 6789 6803 6808 6836 6913 8069 
264 2288 3046 3078 3188 3206 3222 3246 3413 3493 3503 3653 3841 7355 9244 
265 3367 3403 3436 3460 3487 3574 3577 3695 3727 3740 3797 4804 5326 9007 
266 3982 7529 7531 7571 7608 7697 7836 7887 7981 8612 
267 2904 3271 3353 3359 3385 3456 3470 3476 3522 3564 3650 3745 4176 5762 7762 
268 3838 3862 3920 4072 4158 4273 4369 4373 4378 7153 7732 8140 
269 14 96 207 222 407 446 526 857 899 915 935 955 1020 1140 3207 3371 
270 221 3136 3198 3263 3391 3412 3473 3483 3549 3637 3865 5979 8134 
271 3584 3751 8444 8502 8528 8901 8967 9022 9035 9084 9090 9130 
272 108 111 178 188 292 326 457 474 485 486 498 533 563 709 866 921 2175 3830 
273 108 3012 5458 5715 8453 8473 8570 8635 8668 8703 8724 8878 9056 9153 9181 9184 
274 582 692 746 833 849 984 1052 1093 2288 3673 8193 
275 259 6605 6742 6805 6826 6834 6860 7342 7343 7627 7679 7728 7997 
276 2128 2361 2476 2521 2568 2605 2624 2701 2724 2728 2755 2924 5090 8387 
277 2480 5295 7264 7269 7374 7375 7393 7627 7810 7819 7848 9464 
278 3012 5964 7359 7493 7590 7654 7695 7735 7828 8081 8097 8934 
279 13 30 52 98 135 243 253 367 415 471 609 631 699 842 860 946 1058 8293 
280 2192 2288 9232 9246 9402 9522 9619 9640 9652 9679 9719 9770 9783 9837 9844 9936 
281 935 3103 3124 3129 3221 3237 3299 3412 3414 3511 3532 3557 3975 
282 374 3671 3735 3743 3777 3852 3862 3965 4032 4037 4088 4429 
283 4939 5287 5347 5472 5478 5533 5544 5572 5621 5750 5804 6022 6050 6258 6453 
284 3702 3928 3942 3951 4281 4325 4521 4866 8439 9839 9875 9954 
285 420 4139 4172 4182 4318 4327 4333 4383 4476 4636 4783 4985 
286 2 5913 5937 5952 6260 6299 6354 6471 6478 6481 6534 6674 7057 
287 935 7240 7427 7471 7523 7531 7532 7562 7681 7719 9892 
288 2240 4456 4530 4549 4556 4560 4571 4576 4892 4918 5103 5668 8105 8832 
289 2033 2138 2185 2194 2275 2431 2446 2487 2539 2559 2561 2613 4728 8140 
290 615 779 958 997 1047 1114 1194 1419 2904 5412 5762 9834 
291 259 352 6658 6675 6734 6739 6822 6826 7050 7060 7073 7234 7262 7302 7321 7351 7385 7694 9930 
292 321 3586 5219 6922 8944 8961 9151 9291 9426 9534 9648 9763 9924 
293 5011 5066 5115 5136 5196 5261 5268 5304 5391 5444 5457 7193 
294 1984 3586 6426 6448 6579 6656 6764 6786 6896 6926 7068 7134 7199 7259 7434 7874 
295 427 4352 4418 4448 4458 4462 4481 4489 4555 4574 4575 4591 4628 4895 5409 
296 4284 4289 4307 4318 4358 4366 4384 4407 4438 4522 7296 7864 7997 9659 
297 4303 4324 4349 4371 4372 4450 4564 4572 4820 4919 4936 5349 5772 5962 6613 7742 
298 412 1691 1700 1991 2133 2135 2253 2303 2375 2611 2962 4011 
299 79 2471 2540 2605 2729 2971 2997 3072 3115 3149 3201 3314 3327 6054 
300 3982 6031 6089 6221 6238 6241 6262 6345 6398 6434 6523 6619 6650 6928 7922 8125 
301 3936 6622 6656 6678 6818 6840 6868 6886 6901 7032 7071 7496 
302 5715 5733 5755 5795 5818 5839 5912 6015 6151 6164 6168 6188 6208 6290 8484 
303 2518 7699 8676 8705 8735 8796 8831 8915 8972 8978 9083 9223 9268 9290 
304 30 113 125 139 151 240 272 455 732 1731 3982 4311 9244 9738 9863 9915 9963 
305 321 352 2634 2733 2850 2942 2987 3090 3199 3250 3277 3365 3380 3609 
306 6 117 144 216 237 426 477 501 505 532 541 554 1871 4027 7949 8722 
307 979 3514 3556 3558 3604 3759 3954 4157 5111 5758 5997 
308 1668 4614 4676 4695 4722 4732 4823 4842 4854 4917 4930 5022 5126 5390 6054 6101 9931 
309 1534 1785 1800 1806 2164 2192 2371 2402 2444 2494 2594 2622 2624 2735 2929 4463 4928 5762 
310 1152 1178 1183 1203 1233 1255 1294 1324 1356 1464 1570 3006 3758 3877 
311 2515 2765 2776 2801 2914 2977 2981 3152 3590 3877 7791 
312 2962 4552 4684 4687 4777 4857 4873 4937 4997 5086 5199 5211 5220 5388 5597 5925 9138 
313 1179 1180 1200 1217 1342 1349 1370 1448 1702 4269 
314 3074 5194 7240 8608 8617 8626 8700 8744 8862 8989 9027 9069 9288 9481 9563 
315 2434 2610 2674 2717 2724 2844 2873 2885 3052 3074 3181 3203 3251 3262 3425 5304 6534 
316 1792 1877 1923 1962 1963 2027 2277 2287 2299 2354 2417 2431 2486 3101 5326 5775 6613 
317 935 7667 7797 7807 7854 7893 7925 7970 7976 8143 8319 
318 815 862 941 962 1012 1036 1180 1184 1215 1246 1276 1305 3427 6938 7001 7652 
319 79 1134 2666 8771 8814 9273 9340 9423 9586 9656 9683 9707 9738 9814 9840 9995 
320 2298 2338 2433 2444 2454 2655 2660 2665 2702 2711 2872 2903 3208 4199 6360 8069 
321 2240 3662 3671 3729 3767 3768 3957 4096 4182 4277 4327 5869 7568 
322 935 4180 5336 5666 5706 5812 5834 5870 5885 6008 6122 6145 6230 6436 6681 
323 2286 2330 2451 2468 2497 2523 2534 2777 2795 2873 8462 
324 4452 4553 4589 4735 4740 4821 4935 4983 4993 5005 6467 
325 7430 7495 7549 7565 7648 7771 7781 7786 7802 7951 8008 8029 8073 8363 9842 
326 427 5499 5545 5613 5694 5719 5785 5786 5796 6043 6250 7023 
327 2752 5752 7001 8215 8354 8401 8599 8605 8688 8907 8939 8964 9025 9040 9114 9133 9152 9236 9439 9523 9605 9704 
328 2770 2964 3151 3269 3305 3359 3485 3608 3711 3714 3804 3864 6054 7756 7762 
329 1300 1302 1350 1432 1491 1565 1570 1628 1666 1699 2198 2223 2643 2962 3982 
330 4091 4911 4969 5036 5131 5296 5314 5352 5417 5467 5536 
331 1326 1426 1451 1468 1469 1508 1568 1584 1588 1668 1696 4362 
332 61 1117 6692 8066 8089 8094 8143 8147 8148 8170 8262 8310 8372 
333 1216 6429 6506 6572 6601 6622 6636 6640 6645 6666 6884 7024 
334 1590 1631 1716 1722 1794 1795 1801 1932 1973 2050 2120 5097 7762 
335 739 812 818 863 915 943 997 1040 1118 1187 1305 1361 1413 1546 1574 2128 2327 6467 7153 
336 2 3189 3205 3373 3476 3481 3555 3563 3566 3610 3699 3736 3808 3833 4011 4377 7511 
337 3781 7133 7451 7541 7551 7611 7659 7691 7719 7768 7783 7811 7888 7978 
338 2962 8511 8521 8543 8602 8782 8786 8795 8850 8860 8911 8928 9107 
339 8160 8310 8410 8503 8635 8710 8837 8882 8978 8997 9045 9123 9197 9256 9451 9478 
340 4041 4121 4174 4178 4254 4315 4328 4380 4456 7992 9086 9852 
341 2240 2437 7137 7177 7186 7203 7235 7330 7340 7372 7701 7859 7998 9230 
342 1989 2279 2285 2354 2359 2405 2469 2634 3225 3584 7179 
343 4343 5725 5749 5945 6024 6055 6066 6091 6103 6266 7949 
344 96 106 131 133 142 265 276 278 364 372 379 476 577 616 776 2404 3521 
345 1496 2523 2677 2761 2834 2840 2935 2965 2979 2984 3020 3108 3125 3215 4035 
346 38 44 101 107 193 247 338 382 432 528 599 1571 2074 3074 5341 
347 3376 4226 4247 4275 4470 4483 4529 4535 4586 4622 4688 4777 4916 9244 
348 2930 2989 3012 3156 3194 3200 3219 3290 3313 3360 3447 3476 4168 4765 4828 6938 
349 1262 1268 1269 1325 1398 1482 1518 1587 2426 2518 2983 3113 6584 7699 
350 569 2202 2335 2369 2453 2476 2526 2604 2657 2671 2719 2882 3172 5251 7652 
351 141 269 336 345 353 455 466 513 530 602 741 856 877 1121 2685 3032 9968 
352 4531 4985 5715 6286 6448 6533 6579 6641 6642 6683 6709 6714 6931 7790 
353 6 87 138 246 250 265 294 312 334 366 616 1216 3251 
354 5052 5060 5150 5333 5372 5408 5417 5482 5495 5500 5506 5584 5590 5604 5751 6778 8183 
355 2651 4737 4753 4850 4931 5091 5332 5436 5439 5632 6137 
356 524 8625 8654 8736 8847 8951 9054 9274 9275 9293 9688 
357 2555 7076 7158 7218 7228 7240 7319 7429 7471 7497 7691 9040 
358 3516 3536 3573 3810 3852 3917 3933 3948 4147 6613 
359 645 692 702 718 765 840 871 924 1113 1158 1542 2589 7762 9615 
360 321 4986 5008 5011 5016 5022 5120 5127 5186 5756 6216 8994 
361 79 2854 2963 3065 3068 3349 3448 3458 3490 3494 6327 6482 8396 9244 
362 79 2660 2664 2896 2992 3010 3027 3132 3199 3203 3208 4203 4959 7762 
363 4070 4133 4168 4214 4216 4369 4370 4424 4440 4461 4564 4612 6428 8105 
364 979 4838 4880 4977 4993 5073 5119 5172 5179 5301 5496 5555 5651 6070 8130 8649 
365 321 427 1299 6095 7810 7812 7881 7884 7918 7923 7965 8039 8067 9013 
366 4172 4210 4231 4342 4462 4500 4694 4766 4795 4904 4966 5162 5810 6306 7413 
367 4522 4550 4589 4605 4611 4635 4662 4706 4726 4730 7517 9354 
368 7012 7732 7973 8060 8064 8163 8169 8200 8279 8315 8414 8469 8476 8499 8502 8838 9129 
369 48 85 252 358 386 396 628 724 957 2962 5141 7949 
370 450 4077 4140 4159 4178 4179 4235 4290 4364 4394 4537 4568 4692 6101 6547 
371 1 56 59 63 123 131 146 176 252 2962 6101 9716 9910 9949 
372 1763 2815 2820 2825 2830 2949 3076 3174 3197 3362 3681 9244 
373 3023 7245 7287 7327 7344 7353 7388 7395 7427 8958 9211 
374 6541 6593 6740 6769 6846 6883 6915 7156 7207 7659 7744 7950 8830 9852 
375 1562 1585 1610 1619 1646 1663 1728 1776 1846 1918 2006 2009 2070 2099 2240 2265 2662 7852 8043 
376 2962 3289 3300 3302 3410 3451 3456 3494 3591 3609 3681 5902 9990 
377 935 7986 8024 8164 8227 8342 8419 8466 8475 8603 8614 8632 8876 9031 
378 1637 1682 1695 1740 1789 1824 1834 1866 1905 2030 2086 2150 2189 2680 2693 3982 8671 
379 427 493 502 580 614 713 751 809 956 1084 1087 1238 1241 1651 2904 8043 9007 
380 2216 2228 2359 2521 2542 2564 2598 2624 2649 2697 2763 2866 3894 7652 
381 1216 5715 5793 5846 5850 5873 5958 6037 6064 6118 6147 6254 6293 9968 
382 2962 7020 7051 7164 7205 7276 7358 7376 7411 7651 7657 9731 
383 762 831 835 856 961 984 1052 1063 1110 1128 2513 5715 7012 7949 
384 1752 2487 2671 2791 2796 2815 2842 2940 2981 2982 3060 3362 3533 3869 3961 9968 
385 1357 1450 1643 1699 1760 1851 1853 1886 6611 9842 
386 308 442 447 508 611 627 656 667 836 980 1087 1212 1454 2264 3584 5715 
387 115 201 283 342 390 441 469 624 826 909 924 3665 6778 
388 31 146 155 236 322 363 419 606 630 666 761 780 2264 3379 8431 
389 7713 7730 7944 8072 8113 8239 8356 8366 8480 8483 8526 8787 8832 9206 
390 2 79 5788 6035 6052 6204 6427 6444 6593 6655 6789 6795 6801 7369 
391 72 96 128 197 218 268 287 313 333 347 413 450 625 771 935 1934 6161 
392 5187 5207 5282 5296 5308 5371 5416 5426 5483 5543 5563 5583 5780 8193 
393 2 745 979 1294 1461 1573 1666 1682 1732 1801 1813 1972 2271 2340 3894 5507 
394 3877 5038 9359 9378 9402 9434 9450 9473 9475 9493 9903 
395 321 569 1117 4126 4265 4274 4278 4520 4706 4743 4755 4781 4836 4873 4954 5104 
396 321 7761 7824 7841 8003 8101 8143 9023 9841 9874 9923 9943 
397 1668 3004 3388 3440 3445 3691 3696 3721 3843 3851 3854 3970 4350 
398 321 4824 5034 5075 9436 9484 9521 9559 9676 9730 9831 9838 9983 9986 
399 238 4867 5041 5091 5166 5180 5183 5278 5337 5372 5399 6270 6737 
400 4020 8045 8157 8296 8365 8466 8501 8551 8558 8559 8653 8773 
401 935 4159 4185 4187 4203 4217 4309 4355 4391 4564 4658 6537 
402 4728 6065 6116 6144 6145 6168 6222 6234 6284 6358 6383 6440 6696 6747 6786 8711 
403 3905 6442 6443 6700 6718 6758 6901 6917 6933 7155 8174 
404 2 2643 2897 3053 3133 3177 3196 3341 3449 3455 3717 4824 4886 9007 
405 1763 8851 8861 8914 8936 8960 9009 9099 9682 9988 
406 1117 3012 5086 5130 5144 5184 5243 5282 5410 5615 6269 9219 
407 917 965 1034 1052 1140 1158 1209 1337 1365 1470 1482 1552 1555 1580 1586 1617 1686 3113 3836 5880 5962 6101 6327 6584 6938 8130 
408 1668 2327 6584 7491 7494 7543 7689 7755 7770 7798 7841 7885 7921 8352 9598 
409 13 32 43 44 50 134 194 261 267 275 484 494 5340 8495 
410 3537 3602 3936 8544 8730 8810 8837 8881 8969 9014 9029 9143 9264 9890 9939 
411 3346 3407 3422 3437 3486 3489 3506 3530 3616 3626 3817 7153 7709 8343 
412 1025 1774 6974 7121 7170 7229 7242 7248 7311 7550 
413 2472 2487 2525 2550 2785 2918 2962 3000 3336 6608 
414 2735 4035 4079 7594 7617 7634 7657 7706 7720 7830 7834 7881 7938 7952 7960 7970 8014 8107 8220 8236 8350 
415 3395 6995 6996 7159 7207 7273 7274 7298 7347 7461 7622 7949 
416 1991 2132 2186 2268 2330 2369 2418 2431 2458 2698 3331 8599 9453 
417 7925 8020 8023 8096 8125 8199 8467 8538 8672 8949 
418 1616 1764 1779 1847 1923 2022 2039 2054 2137 2156 2314 2512 3012 3950 4170 7285 
419 6306 6986 9181 9225 9237 9293 9366 9370 9386 9433 9460 9482 9505 9583 
420 2 4570 4633 4663 4666 4720 4775 4805 4806 4894 5109 5429 5925 
421 1984 2258 2466 2545 2620 2687 2800 2874 3028 3151 3275 4855 
422 2031 2228 2240 2408 2466 2628 2696 2759 2837 2977 3002 3025 3405 5962 7285 8910 
423 474 483 645 657 664 801 902 1077 2264 3074 6021 
424 79 2240 6181 6417 6436 6574 6613 6793 6807 6900 7216 7249 7275 8470 9086 9688 
425 2396 2519 2522 2553 2586 2761 2913 2950 3278 3287 3375 8711 
426 321 4504 4506 6030 9396 9416 9443 9447 9616 9694 9740 9743 9763 9906 
427 299 386 436 500 530 555 574 637 645 650 714 761 774 2013 2555 3032 4664 4985 7762 8491 
428 1342 1394 1486 1506 1563 1746 1757 1832 1848 1927 2073 7266 
429 4186 4331 4430 4519 4535 4544 4602 4790 4833 5654 6613 7652 
430 321 2959 3016 3148 3182 3217 3318 3324 3342 3486 3894 9822 
431 5382 5497 5518 5526 5653 5662 5708 5735 5771 5773 5876 5896 5931 6390 9669 
432 1606 1669 1734 1745 1797 1807 1813 1931 2024 2048 2061 2085 2218 4824 8125 9007 
433 1322 1331 1424 1677 1700 1824 1841 1851 1937 2018 2158 2962 3758 7902 7949 
434 75 109 131 139 145 181 210 310 331 333 387 444 502 652 666 1546 2064 9301 
435 7392 7949 8764 8770 8779 8821 8854 8988 9093 9414 9459 9478 9623 9633 
436 3427 3660 3840 3847 3850 3895 4028 4082 4111 4216 4218 4815 7240 
437 5307 6227 6245 6357 6361 6362 6379 6510 6536 
438 3350 3378 3448 3524 3526 3719 3762 3911 4051 4923 
439 1753 1975 2007 2031 2105 2206 2319 2412 2575 2586 2607 2613 2693 2900 3251 
440 3783 6613 6938 9034 9067 9113 9149 9206 9225 9402 9432 9437 9787 9800 
441 5613 5624 5637 5815 5974 6002 6023 6075 6116 
442 2854 2905 2995 8284 9520 9564 9636 9725 9782 9816 
443 420 447 2555 4502 4579 4644 4655 4673 4681 4716 4770 4893 6608 
444 1105 2615 3019 3227 3228 3282 3290 3418 3441 3596 3702 5715 7652 8644 9653 9704 9735 9964 
445 6823 6981 7058 7187 7326 7510 7650 7652 7676 8387 8723 
446 2349 2555 3877 5076 5208 5331 5335 5415 5499 5509 5527 5731 5879 6387 9075 
447 7959 8036 8042 8059 8063 8196 8265 8341 8448 8636 8775 
448 517 552 8159 8240 8260 8426 8461 8479 8577 8674 
449 2555 8523 8610 9593 9601 9606 9682 9708 9849 9874 9879 9974 
450 2451 2962 9214 9287 9383 9527 9549 9576 9638 9646 9792 9859 
451 3676 3725 3766 3859 3952 3968 3995 4066 4102 6067 7285 8406 
452 3371 5092 5292 5356 5474 5560 5631 5637 5771 5802 5874 5948 6120 6313 6351 6705 
453 5715 7699 8046 8149 8322 8324 8424 8527 8586 8738 8973 9858 
454 4052 4119 4144 4523 4544 4650 4686 4703 4764 5212 6134 6938 
455 2240 2555 6014 7554 7563 7573 7577 7639 7957 8011 8050 8168 8363 8371 8881 9852 9968 
456 4284 4291 4363 4417 4505 4521 4549 4580 4585 4712 5401 7105 
457 818 876 1002 1120 1176 1199 1263 1429 1431 1462 1494 1554 4314 5219 9244 
458 3012 5382 5422 5464 5534 5637 5768 5889 5953 5977 6099 6189 6328 6404 7234 
459 968 1038 1048 1138 1212 1225 1394 1515 1549 1558 3958 7699 
460 2121 3693 3713 3838 3851 4138 4161 4423 4449 5462 
461 2962 5861 5963 6126 6138 6147 6200 6212 6322 6354 6371 6374 6469 9032 
462 259 2240 8508 8566 8635 8743 8792 8801 8817 8827 8844 8880 9002 9623 9992 
463 79 321 4962 7003 7129 7211 7228 7274 7295 7368 7459 
464 420 5516 5601 5641 5793 5825 5904 5943 6048 6080 6122 6197 9659 9968 
465 3789 4377 8232 8289 8323 8357 8546 8595 8729 8757 8809 8856 9075 
466 259 1668 5339 8230 8370 8538 8654 8719 8766 8774 8825 8860 9922 
467 2304 5119 5325 5350 5387 5529 5588 5596 5693 5701 5787 6024 
468 2643 3163 5509 8889 8966 9146 9186 9302 9318 9432 9440 9500 9513 9702 
469 1774 3357 3404 3444 3452 3683 3691 3697 3730 3743 3761 3801 4060 8994 9467 
470 8920 9188 9216 9235 9256 9398 9418 9566 9603 9606 9675 9727 9764 9873 
471 1375 5445 6138 6235 6377 6378 6380 6504 6511 6521 6560 6619 6667 6844 
472 2870 7196 7364 7427 7440 7691 7825 7856 7869 7963 8994 
473 3 68 77 182 339 426 430 477 516 646 692 3111 3584 5412 8716 
474 1774 4478 4556 4563 4623 4793 4854 4941 4951 4964 5002 5010 5239 6424 9990 
475 6385 7219 9371 9391 9462 9469 9502 9564 9626 9632 9647 9904 
476 2121 3657 3713 3737 3770 3782 3818 3822 3874 3948 8711 9848 
477 3085 3094 3235 3326 3362 3399 3451 3471 3482 3540 3590 3795 3865 6347 
478 3573 3600 3716 3736 3772 3796 3847 3859 3897 4184 8005 8907 
479 427 2858 4245 8667 8772 8817 8824 8903 8913 8949 8979 9283 
480 3012 9139 9200 9308 9401 9411 9438 9445 9455 9515 9522 9569 9775 9892 
481 6510 6556 6677 6750 6809 6816 6858 6948 7021 7056 9842 
482 1668 3239 3284 3286 3287 3300 3325 3366 3415 3616 3821 7933 
483 2 79 745 3988 4128 4209 4275 4304 4393 4467 4488 4504 4532 4583 7179 
484 1524 4927 4952 5066 5071 5244 5274 5275 5280 5292 5359 5901 
485 1149 3111 5315 5402 5408 5439 5521 5578 5581 5608 5679 5728 5875 5913 7296 8599 
486 3156 3166 3278 3363 3384 3389 3467 3533 3547 3551 3553 3620 3638 3732 5451 6613 
487 7153 7360 7382 7448 7703 8498 9007 9466 9514 9622 9939 9995 9999 
488 2121 2268 2367 2369 2385 2508 2551 2557 2608 2730 7234 
489 2986 6534 8265 8268 8318 8362 8415 8433 8700 8898 8921 8930 9071 9142 9259 
490 116 8720 8740 8952 8981 8990 9028 9074 9089 9106 9165 
491 6538 7401 7451 7529 7673 7753 7766 7767 7793 7802 7881 7924 8531 
492 3509 7330 7590 7656 7697 7741 7859 7878 7975 8083 8098 8387 
493 4341 6499 6511 6656 6961 6989 7009 7101 7141 7294 7325 7442 7526 7577 7706 7834 7884 7907 8685 9014 9533 
494 2662 3894 8567 8619 8667 8714 8739 8887 8914 8966 9021 9132 9398 
495 7449 7451 7464 7876 7989 8086 8190 8287 8385 8440 8532 
496 3 18 36 63 111 154 171 195 229 271 517 2555 
497 1668 6967 7075 7369 8726 9111 9122 9141 9198 9321 9494 9500 9706 9759 9916 
498 36 128 155 168 183 193 216 242 251 254 274 467 1117 1287 2986 8711 
499 2109 7883 7903 8013 8072 8242 8277 8302 8390 8454 8523 9206 9296 
