100
0 34 36 38 39 41 42 43 45 47 49 50 51 52 53 54 55 56 57 59 60 61 62 64 66 68 70 71 74 80 176 554 
1 461 463 465 472 475 477 488 490 495 496 502 505 515 533 551 568 591 592 600 613 631 633 653 657 664 679 689 750 778 800 899 1290 6049 
2 307 317 319 321 323 328 339 349 351 362 365 367 370 372 374 378 382 389 401 410 418 422 427 429 444 448 456 462 471 476 480 484 490 496 519 531 566 583 3807 
3 116 122 125 127 128 129 130 132 137 141 142 143 144 147 150 153 159 165 169 170 172 173 174 175 177 199 253 355 583 1334 
4 67 68 71 73 75 76 77 78 79 80 82 84 85 86 88 89 91 92 97 100 101 102 103 105 106 107 109 110 111 112 114 120 126 859 
5 0 1 2 3 4 5 6 7 8 9 10 11 12 13 14 15 16 17 18 19 20 21 22 23 24 25 26 27 28 29 30 31 32 33 35 37 62 155 968 
6 302 304 314 323 327 348 351 353 360 364 384 385 392 399 401 408 415 416 419 430 445 446 447 456 459 470 475 549 585 815 1434 
7 0 1 2 3 4 5 6 7 8 9 10 11 12 13 14 15 16 17 18 19 20 21 22 23 24 25 26 27 28 29 30 31 32 33 35 37 62 176 4371 
8 71 77 79 80 81 82 83 84 87 88 89 90 92 93 94 95 96 97 98 101 105 106 108 109 110 112 113 115 118 126 131 199 3389 
9 0 1 2 3 4 5 6 7 8 9 10 11 12 13 14 15 16 17 18 19 20 21 22 23 24 25 26 27 28 29 30 31 32 33 35 37 62 138 176 
10 0 1 2 3 4 5 6 7 8 9 10 11 12 13 14 15 16 17 18 19 20 21 22 23 24 25 26 27 28 29 30 31 32 33 35 37 62 155 5381 
11 76 77 80 81 82 83 84 85 89 90 91 92 93 98 100 103 108 110 111 112 116 117 118 121 124 126 127 129 132 135 139 140 176 554 1495 
12 36 37 38 39 40 42 43 44 45 46 48 49 50 51 52 53 54 55 56 57 59 60 62 65 66 67 68 69 70 74 79 82 138 139 1310 
13 240 244 245 251 261 264 269 275 276 281 286 288 292 293 296 307 310 311 325 327 341 343 352 358 359 361 369 374 375 426 1482 
14 138 344 349 350 357 360 362 370 380 381 382 384 385 390 393 398 406 417 418 435 443 450 456 461 462 478 481 484 490 496 506 524 538 2153 
15 194 203 205 209 211 216 223 230 231 235 239 241 245 248 254 259 265 267 273 274 277 278 282 290 292 295 297 300 301 304 1263 
16 90 101 108 109 113 115 116 118 119 121 123 128 129 130 131 137 139 140 141 142 143 151 153 154 156 159 160 165 166 175 184 211 
17 0 1 2 3 4 5 6 7 8 9 10 11 12 13 14 15 16 17 18 19 20 21 22 23 24 25 26 28 29 30 31 32 33 35 37 57 69 138 
18 75 77 80 83 84 86 87 88 89 91 92 93 94 95 96 97 98 99 100 102 103 105 106 108 109 110 114 118 119 123 135 138 355 554 583 5381 
19 71 73 74 75 77 78 79 80 81 82 83 84 86 88 89 90 91 92 95 96 98 100 104 105 108 109 110 113 116 117 120 126 139 1737 
20 0 1 2 3 4 5 6 7 8 9 10 11 12 13 14 15 16 17 18 19 20 21 22 23 24 25 26 27 28 30 31 32 33 35 36 37 57 120 126 797 1290 
21 74 77 78 82 83 84 87 88 90 93 94 95 98 99 101 102 107 108 109 110 111 113 114 115 117 118 119 122 124 125 128 131 135 197 4247 
22 0 1 2 3 4 5 6 7 8 9 10 11 12 13 14 15 16 17 18 19 20 21 22 23 24 25 26 27 28 29 30 31 32 33 35 37 62 583 1173 1290 1310 
23 0 1 2 3 4 5 6 7 8 9 10 11 12 13 14 15 16 17 18 19 20 21 22 23 24 25 26 27 28 29 30 31 32 33 35 37 63 126 138 184 3244 
24 0 1 2 3 4 5 6 7 8 9 10 11 12 13 14 15 16 17 18 19 20 21 22 23 24 25 26 27 28 29 30 31 32 33 35 72 121 138 145 
25 0 1 2 3 4 5 6 7 8 9 10 11 12 13 14 15 16 17 18 19 20 21 22 23 24 25 26 27 28 29 30 31 32 33 35 37 62 176 2264 
26 724 730 740 755 760 772 785 790 798 803 805 806 810 826 846 856 863 874 890 898 946 962 982 1019 1021 1035 1068 1408 
27 34 36 38 39 40 41 42 43 44 45 46 47 48 50 51 52 53 54 55 56 57 58 60 61 63 65 66 67 68 69 70 72 78 120 121 1495 
28 34 38 40 41 42 43 44 45 47 49 51 52 53 55 57 59 60 61 64 65 67 68 70 73 74 76 77 78 79 80 82 355 
29 246 250 254 258 259 263 270 276 278 279 281 286 288 289 290 291 295 302 306 308 319 320 323 327 331 332 338 355 356 371 485 681 1315 
30 34 36 38 39 40 41 42 43 44 45 46 47 49 50 51 52 53 54 55 56 58 59 60 61 63 64 65 66 70 78 102 120 126 621 
31 68 71 73 75 77 80 81 82 83 84 86 87 89 90 92 96 97 98 99 100 101 105 106 108 112 113 115 119 161 252 
32 0 1 2 3 4 5 6 7 8 9 10 11 12 13 14 15 16 17 18 19 20 21 22 23 24 25 26 27 28 29 30 31 32 33 35 37 63 120 121 5921 
33 34 38 39 40 42 44 46 47 48 49 50 51 52 53 54 55 56 57 58 59 60 61 63 64 66 67 68 69 70 102 708 900 2848 3097 
34 0 1 2 3 4 5 6 7 8 9 10 11 12 13 14 15 16 17 18 19 20 21 22 23 24 25 26 27 28 29 30 31 32 33 35 62 69 121 126 155 176 968 1290 1737 3097 
35 35 36 37 38 39 40 41 42 43 44 45 48 49 50 51 52 53 54 55 56 57 58 59 60 61 62 63 64 65 66 67 68 
36 32 36 37 38 39 40 41 42 43 44 46 47 48 49 50 51 52 54 55 56 58 59 60 61 62 66 67 68 69 72 120 166 303 554 2591 
37 38 39 40 41 44 45 46 47 48 49 50 51 52 54 55 56 57 58 59 60 61 63 64 65 66 68 71 73 74 76 78 82 107 303 
38 488 489 506 507 529 534 535 546 551 553 557 562 579 581 582 590 591 607 611 628 648 659 689 696 715 735 907 915 
39 0 1 2 3 4 5 6 7 8 9 10 11 12 13 14 15 16 17 18 19 20 21 22 23 25 26 27 28 29 30 31 32 33 34 35 120 
40 75 76 80 83 84 85 86 87 90 92 95 96 97 98 100 104 106 108 111 112 113 114 117 124 127 130 131 132 133 135 145 152 164 166 869 2818 
41 34 38 39 40 41 42 43 44 45 46 47 48 49 50 51 52 53 54 55 56 58 59 60 63 64 65 67 69 70 73 126 2153 
42 29 34 38 39 40 41 42 43 44 45 48 49 50 51 52 53 55 56 59 60 61 62 63 66 67 68 69 70 71 121 148 155 176 
43 231 234 237 238 240 241 244 246 248 251 254 255 261 262 265 275 281 286 296 299 301 302 306 309 313 314 320 324 342 1384 2848 
44 76 85 91 93 94 95 107 109 110 116 117 118 122 124 131 132 135 139 145 147 148 149 150 151 152 157 163 170 173 186 187 191 195 197 206 280 303 404 708 1070 1173 
45 167 168 169 170 171 172 173 178 180 181 185 187 188 189 192 193 194 197 199 206 208 209 213 217 218 220 222 225 232 
46 71 75 79 87 88 96 97 101 104 105 106 113 114 115 119 122 134 144 151 153 169 172 183 186 189 204 210 211 215 218 229 355 2513 2848 
47 344 362 390 392 395 400 402 407 415 429 432 433 443 444 446 454 457 470 474 488 490 497 503 511 514 519 546 547 550 552 558 567 637 1679 2264 3348 
48 0 1 2 3 4 5 6 7 8 9 10 11 12 13 14 15 16 17 18 19 20 21 22 23 24 25 26 27 28 29 30 31 32 33 35 37 62 138 176 
49 0 1 2 3 4 5 6 7 8 9 10 11 12 13 14 15 16 17 18 19 20 21 22 23 24 25 26 27 28 29 31 32 33 34 69 138 1671 3097 
50 127 128 129 133 136 137 140 141 142 143 146 154 158 159 162 164 165 166 168 171 175 177 178 179 182 185 188 190 194 198 236 356 1089 3244 7624 
51 0 1 2 3 4 5 6 7 8 9 10 11 12 13 14 15 16 17 18 19 20 21 22 23 24 25 26 27 28 29 30 31 32 33 35 37 63 121 138 155 2818 
52 41 51 63 64 66 72 74 79 93 99 102 119 120 122 123 126 134 137 143 146 153 154 156 162 163 174 191 196 198 201 202 210 211 219 229 850 
53 0 1 2 3 4 5 6 7 8 9 10 11 12 13 14 15 16 17 18 19 20 21 22 23 24 25 26 27 29 30 32 33 34 36 
54 113 115 118 125 127 130 131 132 134 137 139 143 146 147 149 150 151 153 156 158 161 163 164 169 170 174 177 178 179 180 189 197 404 968 
55 237 239 242 243 244 253 258 259 262 264 265 267 268 272 273 276 282 283 287 291 293 300 301 302 309 311 318 320 321 325 332 549 900 1502 
56 167 169 170 177 179 181 183 185 186 191 194 195 201 207 214 215 216 220 223 224 229 231 234 236 238 241 242 243 249 252 256 329 1502 2264 3756 
57 0 1 2 3 4 5 6 7 8 9 10 11 12 13 14 15 16 17 18 19 20 21 22 23 24 25 26 27 28 29 30 31 32 33 35 37 62 176 708 3975 
58 34 36 38 39 40 41 42 43 44 45 48 49 51 52 53 55 56 57 58 59 60 61 63 64 65 66 67 68 70 73 74 120 
59 34 36 38 39 40 41 42 43 44 46 48 50 51 52 53 54 55 56 57 58 60 61 64 65 66 67 70 71 73 78 114 123 252 
60 68 70 71 73 74 75 76 77 78 79 80 81 82 83 84 85 87 88 90 91 94 95 99 100 101 103 104 105 110 166 
61 214 215 218 221 227 230 231 235 239 240 247 248 254 259 260 262 264 266 268 281 282 284 287 296 298 306 316 342 1263 8080 
62 36 37 38 41 42 43 44 45 46 47 48 49 50 51 52 53 54 57 58 59 60 61 64 66 67 68 69 72 73 74 78 79 120 121 126 155 1310 
63 1147 1178 1239 1266 1288 1314 1321 1337 1358 1362 1370 1456 1505 1549 1602 1624 1714 1765 1772 1841 1862 1882 1939 1991 2067 2078 2191 2219 2334 2352 2371 2385 2431 
64 325 327 328 332 336 341 347 356 357 358 364 371 373 377 379 388 397 399 402 405 408 409 412 414 415 425 428 435 446 452 1958 5526 
65 34 36 38 39 40 41 42 43 44 45 46 47 48 49 50 51 52 53 54 55 57 58 59 60 64 65 66 69 70 72 138 708 1954 
66 129 130 132 136 139 145 146 150 151 152 154 158 160 162 171 172 174 181 183 186 187 188 192 200 201 207 218 227 230 233 237 249 316 355 6656 
67 0 1 2 3 4 5 6 7 8 9 10 11 12 13 14 15 16 17 18 19 20 21 22 23 24 25 26 27 28 29 30 31 32 33 35 37 62 155 2060 3975 
68 133 134 136 150 151 156 157 158 159 161 162 166 168 170 171 174 180 181 183 187 188 193 194 200 206 209 210 213 215 216 219 236 243 252 
69 30 35 36 37 38 39 40 42 43 44 45 46 47 48 49 50 51 53 54 55 56 57 58 60 61 62 63 65 70 72 82 83 84 86 94 119 121 155 873 1482 
70 530 540 545 553 554 577 593 608 619 627 629 650 651 659 666 667 688 699 721 738 752 762 779 782 790 799 804 814 816 940 1168 2134 6729 
71 34 36 38 40 41 42 43 44 45 46 47 48 49 50 51 52 54 55 56 57 58 59 60 63 64 65 66 67 69 70 72 74 120 121 145 1671 
72 37 38 39 40 41 42 43 45 46 47 48 51 52 53 54 55 56 57 60 61 62 63 64 65 66 67 69 70 71 72 73 74 75 79 114 138 
73 34 36 38 39 40 41 42 44 45 46 47 48 50 51 52 53 54 55 56 57 58 59 60 63 64 65 66 67 69 70 72 73 126 155 184 252 968 
74 0 1 2 3 4 5 6 7 8 9 10 11 12 13 14 15 16 17 18 19 20 21 22 23 24 25 26 27 28 29 30 31 32 33 35 37 62 155 968 
75 179 182 183 187 191 194 205 206 208 209 210 216 217 222 225 227 232 234 235 248 251 255 256 257 268 277 290 293 298 299 316 346 356 442 679 1671 3244 
76 0 1 2 3 4 5 6 7 8 9 10 11 12 13 14 15 16 17 18 19 20 21 22 23 24 25 26 27 28 29 30 31 32 33 35 37 62 155 867 
77 34 36 39 40 41 42 43 44 45 46 47 48 49 50 51 52 53 54 56 57 58 59 60 63 64 65 66 69 70 78 102 148 155 184 554 
78 34 36 38 39 40 42 43 44 45 46 47 48 49 50 52 53 54 55 56 57 58 59 60 65 67 68 70 71 252 1310 
79 67 68 71 73 75 76 77 79 80 81 85 87 88 89 91 92 93 95 96 97 98 100 102 103 104 105 107 110 112 117 8978 
80 68 71 75 76 77 79 80 81 82 83 84 86 87 89 90 91 94 95 97 101 102 103 104 106 108 111 112 114 115 117 121 404 1572 
81 322 337 338 347 351 363 368 370 374 379 399 402 408 412 414 420 421 432 444 447 460 463 466 469 478 488 524 552 653 686 9584 
82 81 83 84 85 88 89 93 94 96 97 98 99 100 103 105 107 110 111 112 114 117 124 125 132 135 144 145 148 149 163 164 192 196 198 199 203 
83 116 118 125 131 132 135 136 137 138 142 145 148 150 154 157 160 162 165 170 179 181 184 194 196 197 202 203 205 206 208 209 213 216 224 253 797 2780 3767 
84 34 36 42 53 67 70 72 77 79 81 83 84 85 86 88 89 91 95 96 97 100 102 106 108 111 114 117 118 124 125 132 152 1737 
85 34 36 38 39 40 41 42 43 44 45 46 47 48 49 50 52 53 54 55 56 58 59 60 63 64 65 66 67 69 120 121 
86 0 1 2 3 4 5 6 7 8 9 10 11 12 13 14 15 16 17 18 19 20 21 22 23 24 25 26 27 28 29 30 31 32 33 35 37 62 485 1502 7055 
87 138 698 730 752 759 768 774 799 809 842 848 853 856 869 881 903 906 926 945 954 971 976 1041 1054 1062 1065 1073 1088 1106 1123 1131 1958 
88 0 1 2 3 4 5 6 7 8 9 10 11 12 13 14 15 16 17 18 19 20 21 22 23 24 25 26 27 28 29 30 31 33 34 35 63 1263 
89 34 36 39 40 41 42 43 44 45 46 47 48 49 50 51 52 53 54 55 56 57 58 59 60 61 64 66 72 74 121 126 968 6138 
90 74 75 76 78 80 81 82 83 85 86 88 89 90 91 92 93 95 96 97 98 99 104 109 110 112 115 116 117 118 119 123 125 132 3198 8450 
91 0 1 2 3 4 5 6 7 8 9 10 11 12 13 14 15 16 17 18 19 20 21 22 23 24 25 26 27 28 29 30 31 32 33 35 37 102 859 2591 3684 
92 0 1 2 3 4 5 6 7 8 9 10 11 12 13 14 15 16 17 18 19 20 21 22 23 24 25 26 27 28 29 30 31 32 33 35 37 62 176 3097 
93 386 393 411 414 419 422 429 430 443 444 457 462 465 467 482 497 502 503 514 524 528 549 555 567 572 591 595 597 598 600 606 607 611 909 1452 1951 
94 85 88 91 93 95 102 103 107 110 114 117 122 123 124 125 128 130 131 132 133 135 137 141 143 144 145 146 148 151 152 153 156 158 159 162 164 165 554 709 
95 138 210 212 214 217 218 222 225 228 235 239 257 258 259 260 269 278 286 308 311 313 319 323 325 334 335 342 343 375 387 554 7585 
96 39 53 61 68 71 73 75 76 77 78 80 81 82 83 84 86 88 89 90 91 92 95 96 101 105 108 109 110 112 114 138 155 184 968 1495 
97 142 143 144 146 147 150 151 154 156 157 160 161 165 167 168 169 170 172 173 174 178 179 182 183 185 189 190 192 193 210 224 1958 
98 0 1 2 3 4 5 6 7 8 9 10 11 12 13 14 15 16 17 18 19 20 21 22 23 24 25 26 27 28 29 30 31 32 33 35 37 62 797 1263 3097 
99 113 115 117 119 122 129 130 133 134 138 139 140 141 144 147 152 156 158 167 168 173 174 178 180 183 185 188 190 192 195 200 229 299 404 482 1387 3110 
