2 4 14 17 18 23
2 4 14 17 18 25
2 4 14 17 18 31
2 4 14 17 18 32
2 4 14 17 18 34
2 4 14 17 18 39
2 4 14 17 18 42
2 4 14 17 23 25
2 4 14 17 23 31
2 4 14 17 23 32
2 4 14 17 23 34
2 4 14 17 23 39
2 4 14 17 23 42
2 4 14 17 25 31
2 4 14 17 25 32
2 4 14 17 25 34
2 4 14 17 25 39
2 4 14 17 25 42
2 4 14 17 31 32
2 4 14 17 31 34
2 4 14 17 31 39
2 4 14 17 31 42
2 4 14 17 32 34
2 4 14 17 32 39
2 4 14 17 32 42
2 4 14 17 34 39
2 4 14 17 34 42
2 4 14 17 39 42
2 4 14 18 23 25
2 4 14 18 23 31
2 4 14 18 23 32
2 4 14 18 23 34
2 4 14 18 23 39
2 4 14 18 23 42
2 4 14 18 25 31
2 4 14 18 25 32
2 4 14 18 25 34
2 4 14 18 25 39
2 4 14 18 25 42
2 4 14 18 31 32
2 4 14 18 31 34
2 4 14 18 31 39
2 4 14 18 31 42
2 4 14 18 32 34
2 4 14 18 32 39
2 4 14 18 32 42
2 4 14 18 34 39
2 4 14 18 34 42
2 4 14 18 39 42
2 4 14 23 25 31
2 4 14 23 25 32
2 4 14 23 25 34
2 4 14 23 25 39
2 4 14 23 25 42
2 4 14 23 31 32
2 4 14 23 31 34
2 4 14 23 31 39
2 4 14 23 31 42
2 4 14 23 32 34
2 4 14 23 32 39
2 4 14 23 32 42
2 4 14 23 34 39
2 4 14 23 34 42
2 4 14 23 39 42
2 4 14 25 31 32
2 4 14 25 31 34
2 4 14 25 31 39
2 4 14 25 31 42
2 4 14 25 32 34
2 4 14 25 32 39
2 4 14 25 32 42
2 4 14 25 34 39
2 4 14 25 34 42
2 4 14 25 39 42
2 4 14 31 32 34
2 4 14 31 32 39
2 4 14 31 32 42
2 4 14 31 34 39
2 4 14 31 34 42
2 4 14 31 39 42
2 4 14 32 34 39
2 4 14 32 34 42
2 4 14 32 39 42
2 4 14 34 39 42
2 4 17 18 23 25
2 4 17 18 23 31
2 4 17 18 23 32
2 4 17 18 23 34
2 4 17 18 23 39
2 4 17 18 23 42
2 4 17 18 25 31
2 4 17 18 25 32
2 4 17 18 25 34
2 4 17 18 25 39
2 4 17 18 25 42
2 4 17 18 31 32
2 4 17 18 31 34
2 4 17 18 31 39
2 4 17 18 31 42
2 4 17 18 32 34
2 4 17 18 32 39
2 4 17 18 32 42
2 4 17 18 34 39
2 4 17 18 34 42
2 4 17 18 39 42
2 4 17 23 25 31
2 4 17 23 25 32
2 4 17 23 25 34
2 4 17 23 25 39
2 4 17 23 25 42
2 4 17 23 31 32
2 4 17 23 31 34
2 4 17 23 31 39
2 4 17 23 31 42
2 4 17 23 32 34
2 4 17 23 32 39
2 4 17 23 32 42
2 4 17 23 34 39
2 4 17 23 34 42
2 4 17 23 39 42
2 4 17 25 31 32
2 4 17 25 31 34
2 4 17 25 31 39
2 4 17 25 31 42
2 4 17 25 32 34
2 4 17 25 32 39
2 4 17 25 32 42
2 4 17 25 34 39
2 4 17 25 34 42
2 4 17 25 39 42
2 4 17 31 32 34
2 4 17 31 32 39
2 4 17 31 32 42
2 4 17 31 34 39
2 4 17 31 34 42
2 4 17 31 39 42
2 4 17 32 34 39
2 4 17 32 34 42
2 4 17 32 39 42
2 4 17 34 39 42
2 4 18 23 25 31
2 4 18 23 25 32
2 4 18 23 25 34
2 4 18 23 25 39
2 4 18 23 25 42
2 4 18 23 31 32
2 4 18 23 31 34
2 4 18 23 31 39
2 4 18 23 31 42
2 4 18 23 32 34
2 4 18 23 32 39
2 4 18 23 32 42
2 4 18 23 34 39
2 4 18 23 34 42
2 4 18 23 39 42
2 4 18 25 31 32
2 4 18 25 31 34
2 4 18 25 31 39
2 4 18 25 31 42
2 4 18 25 32 34
2 4 18 25 32 39
2 4 18 25 32 42
2 4 18 25 34 39
2 4 18 25 34 42
2 4 18 25 39 42
2 4 18 31 32 34
2 4 18 31 32 39
2 4 18 31 32 42
2 4 18 31 34 39
2 4 18 31 34 42
2 4 18 31 39 42
2 4 18 32 34 39
2 4 18 32 34 42
2 4 18 32 39 42
2 4 18 34 39 42
2 4 23 25 31 32
2 4 23 25 31 34
2 4 23 25 31 39
2 4 23 25 31 42
2 4 23 25 32 34
2 4 23 25 32 39
2 4 23 25 32 42
2 4 23 25 34 39
2 4 23 25 34 42
2 4 23 25 39 42
2 4 23 31 32 34
2 4 23 31 32 39
2 4 23 31 32 42
2 4 23 31 34 39
2 4 23 31 34 42
2 4 23 31 39 42
2 4 23 32 34 39
2 4 23 32 34 42
2 4 23 32 39 42
2 4 23 34 39 42
2 4 25 31 32 34
2 4 25 31 32 39
2 4 25 31 32 42
2 4 25 31 34 39
2 4 25 31 34 42
2 4 25 31 39 42
2 4 25 32 34 39
2 4 25 32 34 42
2 4 25 32 39 42
2 4 25 34 39 42
2 4 31 32 34 39
2 4 31 32 34 42
2 4 31 32 39 42
2 4 31 34 39 42
2 4 32 34 39 42
2 14 17 18 23 25
2 14 17 18 23 31
2 14 17 18 23 32
2 14 17 18 23 34
2 14 17 18 23 39
2 14 17 18 23 42
2 14 17 18 25 31
2 14 17 18 25 32
2 14 17 18 25 34
2 14 17 18 25 39
2 14 17 18 25 42
2 14 17 18 31 32
2 14 17 18 31 34
2 14 17 18 31 39
2 14 17 18 31 42
2 14 17 18 32 34
2 14 17 18 32 39
2 14 17 18 32 42
2 14 17 18 34 39
2 14 17 18 34 42
2 14 17 18 39 42
2 14 17 23 25 31
2 14 17 23 25 32
2 14 17 23 25 34
2 14 17 23 25 39
2 14 17 23 25 42
2 14 17 23 31 32
2 14 17 23 31 34
2 14 17 23 31 39
2 14 17 23 31 42
2 14 17 23 32 34
2 14 17 23 32 39
2 14 17 23 32 42
2 14 17 23 34 39
2 14 17 23 34 42
2 14 17 23 39 42
2 14 17 25 31 32
2 14 17 25 31 34
2 14 17 25 31 39
2 14 17 25 31 42
2 14 17 25 32 34
2 14 17 25 32 39
2 14 17 25 32 42
2 14 17 25 34 39
2 14 17 25 34 42
2 14 17 25 39 42
2 14 17 31 32 34
2 14 17 31 32 39
2 14 17 31 32 42
2 14 17 31 34 39
2 14 17 31 34 42
2 14 17 31 39 42
2 14 17 32 34 39
2 14 17 32 34 42
2 14 17 32 39 42
2 14 17 34 39 42
2 14 18 23 25 31
2 14 18 23 25 32
2 14 18 23 25 34
2 14 18 23 25 39
2 14 18 23 25 42
2 14 18 23 31 32
2 14 18 23 31 34
2 14 18 23 31 39
2 14 18 23 31 42
2 14 18 23 32 34
2 14 18 23 32 39
2 14 18 23 32 42
2 14 18 23 34 39
2 14 18 23 34 42
2 14 18 23 39 42
2 14 18 25 31 32
2 14 18 25 31 34
2 14 18 25 31 39
2 14 18 25 31 42
2 14 18 25 32 34
2 14 18 25 32 39
2 14 18 25 32 42
2 14 18 25 34 39
2 14 18 25 34 42
2 14 18 25 39 42
2 14 18 31 32 34
2 14 18 31 32 39
2 14 18 31 32 42
2 14 18 31 34 39
2 14 18 31 34 42
2 14 18 31 39 42
2 14 18 32 34 39
2 14 18 32 34 42
2 14 18 32 39 42
2 14 18 34 39 42
2 14 23 25 31 32
2 14 23 25 31 34
2 14 23 25 31 39
2 14 23 25 31 42
2 14 23 25 32 34
2 14 23 25 32 39
2 14 23 25 32 42
2 14 23 25 34 39
2 14 23 25 34 42
2 14 23 25 39 42
2 14 23 31 32 34
2 14 23 31 32 39
2 14 23 31 32 42
2 14 23 31 34 39
2 14 23 31 34 42
2 14 23 31 39 42
2 14 23 32 34 39
2 14 23 32 34 42
2 14 23 32 39 42
2 14 23 34 39 42
2 14 25 31 32 34
2 14 25 31 32 39
2 14 25 31 32 42
2 14 25 31 34 39
2 14 25 31 34 42
2 14 25 31 39 42
2 14 25 32 34 39
2 14 25 32 34 42
2 14 25 32 39 42
2 14 25 34 39 42
2 14 31 32 34 39
2 14 31 32 34 42
2 14 31 32 39 42
2 14 31 34 39 42
2 14 32 34 39 42
2 17 18 23 25 31
2 17 18 23 25 32
2 17 18 23 25 34
2 17 18 23 25 39
2 17 18 23 25 42
2 17 18 23 31 32
2 17 18 23 31 34
2 17 18 23 31 39
2 17 18 23 31 42
2 17 18 23 32 34
2 17 18 23 32 39
2 17 18 23 32 42
2 17 18 23 34 39
2 17 18 23 34 42
2 17 18 23 39 42
2 17 18 25 31 32
2 17 18 25 31 34
2 17 18 25 31 39
2 17 18 25 31 42
2 17 18 25 32 34
2 17 18 25 32 39
2 17 18 25 32 42
2 17 18 25 34 39
2 17 18 25 34 42
2 17 18 25 39 42
2 17 18 31 32 34
2 17 18 31 32 39
2 17 18 31 32 42
2 17 18 31 34 39
2 17 18 31 34 42
2 17 18 31 39 42
2 17 18 32 34 39
2 17 18 32 34 42
2 17 18 32 39 42
2 17 18 34 39 42
2 17 23 25 31 32
2 17 23 25 31 34
2 17 23 25 31 39
2 17 23 25 31 42
2 17 23 25 32 34
2 17 23 25 32 39
2 17 23 25 32 42
2 17 23 25 34 39
2 17 23 25 34 42
2 17 23 25 39 42
2 17 23 31 32 34
2 17 23 31 32 39
2 17 23 31 32 42
2 17 23 31 34 39
2 17 23 31 34 42
2 17 23 31 39 42
2 17 23 32 34 39
2 17 23 32 34 42
2 17 23 32 39 42
2 17 23 34 39 42
2 17 25 31 32 34
2 17 25 31 32 39
2 17 25 31 32 42
2 17 25 31 34 39
2 17 25 31 34 42
2 17 25 31 39 42
2 17 25 32 34 39
2 17 25 32 34 42
2 17 25 32 39 42
2 17 25 34 39 42
2 17 31 32 34 39
2 17 31 32 34 42
2 17 31 32 39 42
2 17 31 34 39 42
2 17 32 34 39 42
2 18 23 25 31 32
2 18 23 25 31 34
2 18 23 25 31 39
2 18 23 25 31 42
2 18 23 25 32 34
2 18 23 25 32 39
2 18 23 25 32 42
2 18 23 25 34 39
2 18 23 25 34 42
2 18 23 25 39 42
2 18 23 31 32 34
2 18 23 31 32 39
2 18 23 31 32 42
2 18 23 31 34 39
2 18 23 31 34 42
2 18 23 31 39 42
2 18 23 32 34 39
2 18 23 32 34 42
2 18 23 32 39 42
2 18 23 34 39 42
2 18 25 31 32 34
2 18 25 31 32 39
2 18 25 31 32 42
2 18 25 31 34 39
2 18 25 31 34 42
2 18 25 31 39 42
2 18 25 32 34 39
2 18 25 32 34 42
2 18 25 32 39 42
2 18 25 34 39 42
2 18 31 32 34 39
2 18 31 32 34 42
2 18 31 32 39 42
2 18 31 34 39 42
2 18 32 34 39 42
2 23 25 31 32 34
2 23 25 31 32 39
2 23 25 31 32 42
2 23 25 31 34 39
2 23 25 31 34 42
2 23 25 31 39 42
2 23 25 32 34 39
2 23 25 32 34 42
2 23 25 32 39 42
2 23 25 34 39 42
2 23 31 32 34 39
2 23 31 32 34 42
2 23 31 32 39 42
2 23 31 34 39 42
2 23 32 34 39 42
2 25 31 32 34 39
2 25 31 32 34 42
2 25 31 32 39 42
2 25 31 34 39 42
2 25 32 34 39 42
2 31 32 34 39 42
4 14 17 18 23 25
4 14 17 18 23 31
4 14 17 18 23 32
4 14 17 18 23 34
4 14 17 18 23 39
4 14 17 18 23 42
4 14 17 18 25 31
4 14 17 18 25 32
4 14 17 18 25 34
4 14 17 18 25 39
4 14 17 18 25 42
4 14 17 18 31 32
4 14 17 18 31 34
4 14 17 18 31 39
4 14 17 18 31 42
4 14 17 18 32 34
4 14 17 18 32 39
4 14 17 18 32 42
4 14 17 18 34 39
4 14 17 18 34 42
4 14 17 18 39 42
4 14 17 23 25 31
4 14 17 23 25 32
4 14 17 23 25 34
4 14 17 23 25 39
4 14 17 23 25 42
4 14 17 23 31 32
4 14 17 23 31 34
4 14 17 23 31 39
4 14 17 23 31 42
4 14 17 23 32 34
4 14 17 23 32 39
4 14 17 23 32 42
4 14 17 23 34 39
4 14 17 23 34 42
4 14 17 23 39 42
4 14 17 25 31 32
4 14 17 25 31 34
4 14 17 25 31 39
4 14 17 25 31 42
4 14 17 25 32 34
4 14 17 25 32 39
4 14 17 25 32 42
4 14 17 25 34 39
4 14 17 25 34 42
4 14 17 25 39 42
4 14 17 31 32 34
4 14 17 31 32 39
4 14 17 31 32 42
4 14 17 31 34 39
4 14 17 31 34 42
4 14 17 31 39 42
4 14 17 32 34 39
4 14 17 32 34 42
4 14 17 32 39 42
4 14 17 34 39 42
4 14 18 23 25 31
4 14 18 23 25 32
4 14 18 23 25 34
4 14 18 23 25 39
4 14 18 23 25 42
4 14 18 23 31 32
4 14 18 23 31 34
4 14 18 23 31 39
4 14 18 23 31 42
4 14 18 23 32 34
4 14 18 23 32 39
4 14 18 23 32 42
4 14 18 23 34 39
4 14 18 23 34 42
4 14 18 23 39 42
4 14 18 25 31 32
4 14 18 25 31 34
4 14 18 25 31 39
4 14 18 25 31 42
4 14 18 25 32 34
4 14 18 25 32 39
4 14 18 25 32 42
4 14 18 25 34 39
4 14 18 25 34 42
4 14 18 25 39 42
4 14 18 31 32 34
4 14 18 31 32 39
4 14 18 31 32 42
4 14 18 31 34 39
4 14 18 31 34 42
4 14 18 31 39 42
4 14 18 32 34 39
4 14 18 32 34 42
4 14 18 32 39 42
4 14 18 34 39 42
4 14 23 25 31 32
4 14 23 25 31 34
4 14 23 25 31 39
4 14 23 25 31 42
4 14 23 25 32 34
4 14 23 25 32 39
4 14 23 25 32 42
4 14 23 25 34 39
4 14 23 25 34 42
4 14 23 25 39 42
4 14 23 31 32 34
4 14 23 31 32 39
4 14 23 31 32 42
4 14 23 31 34 39
4 14 23 31 34 42
4 14 23 31 39 42
4 14 23 32 34 39
4 14 23 32 34 42
4 14 23 32 39 42
4 14 23 34 39 42
4 14 25 31 32 34
4 14 25 31 32 39
4 14 25 31 32 42
4 14 25 31 34 39
4 14 25 31 34 42
4 14 25 31 39 42
4 14 25 32 34 39
4 14 25 32 34 42
4 14 25 32 39 42
4 14 25 34 39 42
4 14 31 32 34 39
4 14 31 32 34 42
4 14 31 32 39 42
4 14 31 34 39 42
4 14 32 34 39 42
4 17 18 23 25 31
4 17 18 23 25 32
4 17 18 23 25 34
4 17 18 23 25 39
4 17 18 23 25 42
4 17 18 23 31 32
4 17 18 23 31 34
4 17 18 23 31 39
4 17 18 23 31 42
4 17 18 23 32 34
4 17 18 23 32 39
4 17 18 23 32 42
4 17 18 23 34 39
4 17 18 23 34 42
4 17 18 23 39 42
4 17 18 25 31 32
4 17 18 25 31 34
4 17 18 25 31 39
4 17 18 25 31 42
4 17 18 25 32 34
4 17 18 25 32 39
4 17 18 25 32 42
4 17 18 25 34 39
4 17 18 25 34 42
4 17 18 25 39 42
4 17 18 31 32 34
4 17 18 31 32 39
4 17 18 31 32 42
4 17 18 31 34 39
4 17 18 31 34 42
4 17 18 31 39 42
4 17 18 32 34 39
4 17 18 32 34 42
4 17 18 32 39 42
4 17 18 34 39 42
4 17 23 25 31 32
4 17 23 25 31 34
4 17 23 25 31 39
4 17 23 25 31 42
4 17 23 25 32 34
4 17 23 25 32 39
4 17 23 25 32 42
4 17 23 25 34 39
4 17 23 25 34 42
4 17 23 25 39 42
4 17 23 31 32 34
4 17 23 31 32 39
4 17 23 31 32 42
4 17 23 31 34 39
4 17 23 31 34 42
4 17 23 31 39 42
4 17 23 32 34 39
4 17 23 32 34 42
4 17 23 32 39 42
4 17 23 34 39 42
4 17 25 31 32 34
4 17 25 31 32 39
4 17 25 31 32 42
4 17 25 31 34 39
4 17 25 31 34 42
4 17 25 31 39 42
4 17 25 32 34 39
4 17 25 32 34 42
4 17 25 32 39 42
4 17 25 34 39 42
4 17 31 32 34 39
4 17 31 32 34 42
4 17 31 32 39 42
4 17 31 34 39 42
4 17 32 34 39 42
4 18 23 25 31 32
4 18 23 25 31 34
4 18 23 25 31 39
4 18 23 25 31 42
4 18 23 25 32 34
4 18 23 25 32 39
4 18 23 25 32 42
4 18 23 25 34 39
4 18 23 25 34 42
4 18 23 25 39 42
4 18 23 31 32 34
4 18 23 31 32 39
4 18 23 31 32 42
4 18 23 31 34 39
4 18 23 31 34 42
4 18 23 31 39 42
4 18 23 32 34 39
4 18 23 32 34 42
4 18 23 32 39 42
4 18 23 34 39 42
4 18 25 31 32 34
4 18 25 31 32 39
4 18 25 31 32 42
4 18 25 31 34 39
4 18 25 31 34 42
4 18 25 31 39 42
4 18 25 32 34 39
4 18 25 32 34 42
4 18 25 32 39 42
4 18 25 34 39 42
4 18 31 32 34 39
4 18 31 32 34 42
4 18 31 32 39 42
4 18 31 34 39 42
4 18 32 34 39 42
4 23 25 31 32 34
4 23 25 31 32 39
4 23 25 31 32 42
4 23 25 31 34 39
4 23 25 31 34 42
4 23 25 31 39 42
4 23 25 32 34 39
4 23 25 32 34 42
4 23 25 32 39 42
4 23 25 34 39 42
4 23 31 32 34 39
4 23 31 32 34 42
4 23 31 32 39 42
4 23 31 34 39 42
4 23 32 34 39 42
4 25 31 32 34 39
4 25 31 32 34 42
4 25 31 32 39 42
4 25 31 34 39 42
4 25 32 34 39 42
4 31 32 34 39 42
14 17 18 23 25 31
14 17 18 23 25 32
14 17 18 23 25 34
14 17 18 23 25 39
14 17 18 23 25 42
14 17 18 23 31 32
14 17 18 23 31 34
14 17 18 23 31 39
14 17 18 23 31 42
14 17 18 23 32 34
14 17 18 23 32 39
14 17 18 23 32 42
14 17 18 23 34 39
14 17 18 23 34 42
14 17 18 23 39 42
14 17 18 25 31 32
14 17 18 25 31 34
14 17 18 25 31 39
14 17 18 25 31 42
14 17 18 25 32 34
14 17 18 25 32 39
14 17 18 25 32 42
14 17 18 25 34 39
14 17 18 25 34 42
14 17 18 25 39 42
14 17 18 31 32 34
14 17 18 31 32 39
14 17 18 31 32 42
14 17 18 31 34 39
14 17 18 31 34 42
14 17 18 31 39 42
14 17 18 32 34 39
14 17 18 32 34 42
14 17 18 32 39 42
14 17 18 34 39 42
14 17 23 25 31 32
14 17 23 25 31 34
14 17 23 25 31 39
14 17 23 25 31 42
14 17 23 25 32 34
14 17 23 25 32 39
14 17 23 25 32 42
14 17 23 25 34 39
14 17 23 25 34 42
14 17 23 25 39 42
14 17 23 31 32 34
14 17 23 31 32 39
14 17 23 31 32 42
14 17 23 31 34 39
14 17 23 31 34 42
14 17 23 31 39 42
14 17 23 32 34 39
14 17 23 32 34 42
14 17 23 32 39 42
14 17 23 34 39 42
14 17 25 31 32 34
14 17 25 31 32 39
14 17 25 31 32 42
14 17 25 31 34 39
14 17 25 31 34 42
14 17 25 31 39 42
14 17 25 32 34 39
14 17 25 32 34 42
14 17 25 32 39 42
14 17 25 34 39 42
14 17 31 32 34 39
14 17 31 32 34 42
14 17 31 32 39 42
14 17 31 34 39 42
14 17 32 34 39 42
14 18 23 25 31 32
14 18 23 25 31 34
14 18 23 25 31 39
14 18 23 25 31 42
14 18 23 25 32 34
14 18 23 25 32 39
14 18 23 25 32 42
14 18 23 25 34 39
14 18 23 25 34 42
14 18 23 25 39 42
14 18 23 31 32 34
14 18 23 31 32 39
14 18 23 31 32 42
14 18 23 31 34 39
14 18 23 31 34 42
14 18 23 31 39 42
14 18 23 32 34 39
14 18 23 32 34 42
14 18 23 32 39 42
14 18 23 34 39 42
14 18 25 31 32 34
14 18 25 31 32 39
14 18 25 31 32 42
14 18 25 31 34 39
14 18 25 31 34 42
14 18 25 31 39 42
14 18 25 32 34 39
14 18 25 32 34 42
14 18 25 32 39 42
14 18 25 34 39 42
14 18 31 32 34 39
14 18 31 32 34 42
14 18 31 32 39 42
14 18 31 34 39 42
14 18 32 34 39 42
14 23 25 31 32 34
14 23 25 31 32 39
14 23 25 31 32 42
14 23 25 31 34 39
14 23 25 31 34 42
14 23 25 31 39 42
14 23 25 32 34 39
14 23 25 32 34 42
14 23 25 32 39 42
14 23 25 34 39 42
14 23 31 32 34 39
14 23 31 32 34 42
14 23 31 32 39 42
14 23 31 34 39 42
14 23 32 34 39 42
14 25 31 32 34 39
14 25 31 32 34 42
14 25 31 32 39 42
14 25 31 34 39 42
14 25 32 34 39 42
14 31 32 34 39 42
17 18 23 25 31 32
17 18 23 25 31 34
17 18 23 25 31 39
17 18 23 25 31 42
17 18 23 25 32 34
17 18 23 25 32 39
17 18 23 25 32 42
17 18 23 25 34 39
17 18 23 25 34 42
17 18 23 25 39 42
17 18 23 31 32 34
17 18 23 31 32 39
17 18 23 31 32 42
17 18 23 31 34 39
17 18 23 31 34 42
17 18 23 31 39 42
17 18 23 32 34 39
17 18 23 32 34 42
17 18 23 32 39 42
17 18 23 34 39 42
17 18 25 31 32 34
17 18 25 31 32 39
17 18 25 31 32 42
17 18 25 31 34 39
17 18 25 31 34 42
17 18 25 31 39 42
17 18 25 32 34 39
17 18 25 32 34 42
17 18 25 32 39 42
17 18 25 34 39 42
17 18 31 32 34 39
17 18 31 32 34 42
17 18 31 32 39 42
17 18 31 34 39 42
17 18 32 34 39 42
17 23 25 31 32 34
17 23 25 31 32 39
17 23 25 31 32 42
17 23 25 31 34 39
17 23 25 31 34 42
17 23 25 31 39 42
17 23 25 32 34 39
17 23 25 32 34 42
17 23 25 32 39 42
17 23 25 34 39 42
17 23 31 32 34 39
17 23 31 32 34 42
17 23 31 32 39 42
17 23 31 34 39 42
17 23 32 34 39 42
17 25 31 32 34 39
17 25 31 32 34 42
17 25 31 32 39 42
17 25 31 34 39 42
17 25 32 34 39 42
17 31 32 34 39 42
18 23 25 31 32 34
18 23 25 31 32 39
18 23 25 31 32 42
18 23 25 31 34 39
18 23 25 31 34 42
18 23 25 31 39 42
18 23 25 32 34 39
18 23 25 32 34 42
18 23 25 32 39 42
18 23 25 34 39 42
18 23 31 32 34 39
18 23 31 32 34 42
18 23 31 32 39 42
18 23 31 34 39 42
18 23 32 34 39 42
18 25 31 32 34 39
18 25 31 32 34 42
18 25 31 32 39 42
18 25 31 34 39 42
18 25 32 34 39 42
18 31 32 34 39 42
23 25 31 32 34 39
23 25 31 32 34 42
23 25 31 32 39 42
23 25 31 34 39 42
23 25 32 34 39 42
23 31 32 34 39 42
25 31 32 34 39 42

13 15 17 21 27 39
13 15 17 21 27 41
13 15 17 21 27 43
13 15 17 21 27 47
13 15 17 21 27 48
13 15 17 21 39 41
13 15 17 21 39 43
13 15 17 21 39 47
13 15 17 21 39 48
13 15 17 21 41 43
13 15 17 21 41 47
13 15 17 21 41 48
13 15 17 21 43 47
13 15 17 21 43 48
13 15 17 21 47 48
13 15 17 27 39 41
13 15 17 27 39 43
13 15 17 27 39 47
13 15 17 27 39 48
13 15 17 27 41 43
13 15 17 27 41 47
13 15 17 27 41 48
13 15 17 27 43 47
13 15 17 27 43 48
13 15 17 27 47 48
13 15 17 39 41 43
13 15 17 39 41 47
13 15 17 39 41 48
13 15 17 39 43 47
13 15 17 39 43 48
13 15 17 39 47 48
13 15 17 41 43 47
13 15 17 41 43 48
13 15 17 41 47 48
13 15 17 43 47 48
13 15 21 27 39 41
13 15 21 27 39 43
13 15 21 27 39 47
13 15 21 27 39 48
13 15 21 27 41 43
13 15 21 27 41 47
13 15 21 27 41 48
13 15 21 27 43 47
13 15 21 27 43 48
13 15 21 27 47 48
13 15 21 39 41 43
13 15 21 39 41 47
13 15 21 39 41 48
13 15 21 39 43 47
13 15 21 39 43 48
13 15 21 39 47 48
13 15 21 41 43 47
13 15 21 41 43 48
13 15 21 41 47 48
13 15 21 43 47 48
13 15 27 39 41 43
13 15 27 39 41 47
13 15 27 39 41 48
13 15 27 39 43 47
13 15 27 39 43 48
13 15 27 39 47 48
13 15 27 41 43 47
13 15 27 41 43 48
13 15 27 41 47 48
13 15 27 43 47 48
13 15 39 41 43 47
13 15 39 41 43 48
13 15 39 41 47 48
13 15 39 43 47 48
13 15 41 43 47 48
13 17 21 27 39 41
13 17 21 27 39 43
13 17 21 27 39 47
13 17 21 27 39 48
13 17 21 27 41 43
13 17 21 27 41 47
13 17 21 27 41 48
13 17 21 27 43 47
13 17 21 27 43 48
13 17 21 27 47 48
13 17 21 39 41 43
13 17 21 39 41 47
13 17 21 39 41 48
13 17 21 39 43 47
13 17 21 39 43 48
13 17 21 39 47 48
13 17 21 41 43 47
13 17 21 41 43 48
13 17 21 41 47 48
13 17 21 43 47 48
13 17 27 39 41 43
13 17 27 39 41 47
13 17 27 39 41 48
13 17 27 39 43 47
13 17 27 39 43 48
13 17 27 39 47 48
13 17 27 41 43 47
13 17 27 41 43 48
13 17 27 41 47 48
13 17 27 43 47 48
13 17 39 41 43 47
13 17 39 41 43 48
13 17 39 41 47 48
13 17 39 43 47 48
13 17 41 43 47 48
13 21 27 39 41 43
13 21 27 39 41 47
13 21 27 39 41 48
13 21 27 39 43 47
13 21 27 39 43 48
13 21 27 39 47 48
13 21 27 41 43 47
13 21 27 41 43 48
13 21 27 41 47 48
13 21 27 43 47 48
13 21 39 41 43 47
13 21 39 41 43 48
13 21 39 41 47 48
13 21 39 43 47 48
13 21 41 43 47 48
13 27 39 41 43 47
13 27 39 41 43 48
13 27 39 41 47 48
13 27 39 43 47 48
13 27 41 43 47 48
13 39 41 43 47 48
15 17 21 27 39 41
15 17 21 27 39 43
15 17 21 27 39 47
15 17 21 27 39 48
15 17 21 27 41 43
15 17 21 27 41 47
15 17 21 27 41 48
15 17 21 27 43 47
15 17 21 27 43 48
15 17 21 27 47 48
15 17 21 39 41 43
15 17 21 39 41 47
15 17 21 39 41 48
15 17 21 39 43 47
15 17 21 39 43 48
15 17 21 39 47 48
15 17 21 41 43 47
15 17 21 41 43 48
15 17 21 41 47 48
15 17 21 43 47 48
15 17 27 39 41 43
15 17 27 39 41 47
15 17 27 39 41 48
15 17 27 39 43 47
15 17 27 39 43 48
15 17 27 39 47 48
15 17 27 41 43 47
15 17 27 41 43 48
15 17 27 41 47 48
15 17 27 43 47 48
15 17 39 41 43 47
15 17 39 41 43 48
15 17 39 41 47 48
15 17 39 43 47 48
15 17 41 43 47 48
15 21 27 39 41 43
15 21 27 39 41 47
15 21 27 39 41 48
15 21 27 39 43 47
15 21 27 39 43 48
15 21 27 39 47 48
15 21 27 41 43 47
15 21 27 41 43 48
15 21 27 41 47 48
15 21 27 43 47 48
15 21 39 41 43 47
15 21 39 41 43 48
15 21 39 41 47 48
15 21 39 43 47 48
15 21 41 43 47 48
15 27 39 41 43 47
15 27 39 41 43 48
15 27 39 41 47 48
15 27 39 43 47 48
15 27 41 43 47 48
15 39 41 43 47 48
17 21 27 39 41 43
17 21 27 39 41 47
17 21 27 39 41 48
17 21 27 39 43 47
17 21 27 39 43 48
17 21 27 39 47 48
17 21 27 41 43 47
17 21 27 41 43 48
17 21 27 41 47 48
17 21 27 43 47 48
17 21 39 41 43 47
17 21 39 41 43 48
17 21 39 41 47 48
17 21 39 43 47 48
17 21 41 43 47 48
17 27 39 41 43 47
17 27 39 41 43 48
17 27 39 41 47 48
17 27 39 43 47 48
17 27 41 43 47 48
17 39 41 43 47 48
21 27 39 41 43 47
21 27 39 41 43 48
21 27 39 41 47 48
21 27 39 43 47 48
21 27 41 43 47 48
21 39 41 43 47 48
27 39 41 43 47 48

2 3 5 19 24 27
2 3 5 19 24 30
2 3 5 19 24 32
2 3 5 19 24 41
2 3 5 19 24 49
2 3 5 19 27 30
2 3 5 19 27 32
2 3 5 19 27 41
2 3 5 19 27 49
2 3 5 19 30 32
2 3 5 19 30 41
2 3 5 19 30 49
2 3 5 19 32 41
2 3 5 19 32 49
2 3 5 19 41 49
2 3 5 24 27 30
2 3 5 24 27 32
2 3 5 24 27 41
2 3 5 24 27 49
2 3 5 24 30 32
2 3 5 24 30 41
2 3 5 24 30 49
2 3 5 24 32 41
2 3 5 24 32 49
2 3 5 24 41 49
2 3 5 27 30 32
2 3 5 27 30 41
2 3 5 27 30 49
2 3 5 27 32 41
2 3 5 27 32 49
2 3 5 27 41 49
2 3 5 30 32 41
2 3 5 30 32 49
2 3 5 30 41 49
2 3 5 32 41 49
2 3 19 24 27 30
2 3 19 24 27 32
2 3 19 24 27 41
2 3 19 24 27 49
2 3 19 24 30 32
2 3 19 24 30 41
2 3 19 24 30 49
2 3 19 24 32 41
2 3 19 24 32 49
2 3 19 24 41 49
2 3 19 27 30 32
2 3 19 27 30 41
2 3 19 27 30 49
2 3 19 27 32 41
2 3 19 27 32 49
2 3 19 27 41 49
2 3 19 30 32 41
2 3 19 30 32 49
2 3 19 30 41 49
2 3 19 32 41 49
2 3 24 27 30 32
2 3 24 27 30 41
2 3 24 27 30 49
2 3 24 27 32 41
2 3 24 27 32 49
2 3 24 27 41 49
2 3 24 30 32 41
2 3 24 30 32 49
2 3 24 30 41 49
2 3 24 32 41 49
2 3 27 30 32 41
2 3 27 30 32 49
2 3 27 30 41 49
2 3 27 32 41 49
2 3 30 32 41 49
2 5 19 24 27 30
2 5 19 24 27 32
2 5 19 24 27 41
2 5 19 24 27 49
2 5 19 24 30 32
2 5 19 24 30 41
2 5 19 24 30 49
2 5 19 24 32 41
2 5 19 24 32 49
2 5 19 24 41 49
2 5 19 27 30 32
2 5 19 27 30 41
2 5 19 27 30 49
2 5 19 27 32 41
2 5 19 27 32 49
2 5 19 27 41 49
2 5 19 30 32 41
2 5 19 30 32 49
2 5 19 30 41 49
2 5 19 32 41 49
2 5 24 27 30 32
2 5 24 27 30 41
2 5 24 27 30 49
2 5 24 27 32 41
2 5 24 27 32 49
2 5 24 27 41 49
2 5 24 30 32 41
2 5 24 30 32 49
2 5 24 30 41 49
2 5 24 32 41 49
2 5 27 30 32 41
2 5 27 30 32 49
2 5 27 30 41 49
2 5 27 32 41 49
2 5 30 32 41 49
2 19 24 27 30 32
2 19 24 27 30 41
2 19 24 27 30 49
2 19 24 27 32 41
2 19 24 27 32 49
2 19 24 27 41 49
2 19 24 30 32 41
2 19 24 30 32 49
2 19 24 30 41 49
2 19 24 32 41 49
2 19 27 30 32 41
2 19 27 30 32 49
2 19 27 30 41 49
2 19 27 32 41 49
2 19 30 32 41 49
2 24 27 30 32 41
2 24 27 30 32 49
2 24 27 30 41 49
2 24 27 32 41 49
2 24 30 32 41 49
2 27 30 32 41 49
3 5 19 24 27 30
3 5 19 24 27 32
3 5 19 24 27 41
3 5 19 24 27 49
3 5 19 24 30 32
3 5 19 24 30 41
3 5 19 24 30 49
3 5 19 24 32 41
3 5 19 24 32 49
3 5 19 24 41 49
3 5 19 27 30 32
3 5 19 27 30 41
3 5 19 27 30 49
3 5 19 27 32 41
3 5 19 27 32 49
3 5 19 27 41 49
3 5 19 30 32 41
3 5 19 30 32 49
3 5 19 30 41 49
3 5 19 32 41 49
3 5 24 27 30 32
3 5 24 27 30 41
3 5 24 27 30 49
3 5 24 27 32 41
3 5 24 27 32 49
3 5 24 27 41 49
3 5 24 30 32 41
3 5 24 30 32 49
3 5 24 30 41 49
3 5 24 32 41 49
3 5 27 30 32 41
3 5 27 30 32 49
3 5 27 30 41 49
3 5 27 32 41 49
3 5 30 32 41 49
3 19 24 27 30 32
3 19 24 27 30 41
3 19 24 27 30 49
3 19 24 27 32 41
3 19 24 27 32 49
3 19 24 27 41 49
3 19 24 30 32 41
3 19 24 30 32 49
3 19 24 30 41 49
3 19 24 32 41 49
3 19 27 30 32 41
3 19 27 30 32 49
3 19 27 30 41 49
3 19 27 32 41 49
3 19 30 32 41 49
3 24 27 30 32 41
3 24 27 30 32 49
3 24 27 30 41 49
3 24 27 32 41 49
3 24 30 32 41 49
3 27 30 32 41 49
5 19 24 27 30 32
5 19 24 27 30 41
5 19 24 27 30 49
5 19 24 27 32 41
5 19 24 27 32 49
5 19 24 27 41 49
5 19 24 30 32 41
5 19 24 30 32 49
5 19 24 30 41 49
5 19 24 32 41 49
5 19 27 30 32 41
5 19 27 30 32 49
5 19 27 30 41 49
5 19 27 32 41 49
5 19 30 32 41 49
5 24 27 30 32 41
5 24 27 30 32 49
5 24 27 30 41 49
5 24 27 32 41 49
5 24 30 32 41 49
5 27 30 32 41 49
19 24 27 30 32 41
19 24 27 30 32 49
19 24 27 30 41 49
19 24 27 32 41 49
19 24 30 32 41 49
19 27 30 32 41 49
24 27 30 32 41 49

3 6 8 19 27 30
3 6 8 19 27 38
3 6 8 19 30 38
3 6 8 27 30 38
3 6 19 27 30 38
3 8 19 27 30 38
6 8 19 27 30 38

1 3 5 8 17 22
1 3 5 8 17 29
1 3 5 8 17 31
1 3 5 8 17 33
1 3 5 8 17 34
1 3 5 8 22 29
1 3 5 8 22 31
1 3 5 8 22 33
1 3 5 8 22 34
1 3 5 8 29 31
1 3 5 8 29 33
1 3 5 8 29 34
1 3 5 8 31 33
1 3 5 8 31 34
1 3 5 8 33 34
1 3 5 17 22 29
1 3 5 17 22 31
1 3 5 17 22 33
1 3 5 17 22 34
1 3 5 17 29 31
1 3 5 17 29 33
1 3 5 17 29 34
1 3 5 17 31 33
1 3 5 17 31 34
1 3 5 17 33 34
1 3 5 22 29 31
1 3 5 22 29 33
1 3 5 22 29 34
1 3 5 22 31 33
1 3 5 22 31 34
1 3 5 22 33 34
1 3 5 29 31 33
1 3 5 29 31 34
1 3 5 29 33 34
1 3 5 31 33 34
1 3 8 17 22 29
1 3 8 17 22 31
1 3 8 17 22 33
1 3 8 17 22 34
1 3 8 17 29 31
1 3 8 17 29 33
1 3 8 17 29 34
1 3 8 17 31 33
1 3 8 17 31 34
1 3 8 17 33 34
1 3 8 22 29 31
1 3 8 22 29 33
1 3 8 22 29 34
1 3 8 22 31 33
1 3 8 22 31 34
1 3 8 22 33 34
1 3 8 29 31 33
1 3 8 29 31 34
1 3 8 29 33 34
1 3 8 31 33 34
1 3 17 22 29 31
1 3 17 22 29 33
1 3 17 22 29 34
1 3 17 22 31 33
1 3 17 22 31 34
1 3 17 22 33 34
1 3 17 29 31 33
1 3 17 29 31 34
1 3 17 29 33 34
1 3 17 31 33 34
1 3 22 29 31 33
1 3 22 29 31 34
1 3 22 29 33 34
1 3 22 31 33 34
1 3 29 31 33 34
1 5 8 17 22 29
1 5 8 17 22 31
1 5 8 17 22 33
1 5 8 17 22 34
1 5 8 17 29 31
1 5 8 17 29 33
1 5 8 17 29 34
1 5 8 17 31 33
1 5 8 17 31 34
1 5 8 17 33 34
1 5 8 22 29 31
1 5 8 22 29 33
1 5 8 22 29 34
1 5 8 22 31 33
1 5 8 22 31 34
1 5 8 22 33 34
1 5 8 29 31 33
1 5 8 29 31 34
1 5 8 29 33 34
1 5 8 31 33 34
1 5 17 22 29 31
1 5 17 22 29 33
1 5 17 22 29 34
1 5 17 22 31 33
1 5 17 22 31 34
1 5 17 22 33 34
1 5 17 29 31 33
1 5 17 29 31 34
1 5 17 29 33 34
1 5 17 31 33 34
1 5 22 29 31 33
1 5 22 29 31 34
1 5 22 29 33 34
1 5 22 31 33 34
1 5 29 31 33 34
1 8 17 22 29 31
1 8 17 22 29 33
1 8 17 22 29 34
1 8 17 22 31 33
1 8 17 22 31 34
1 8 17 22 33 34
1 8 17 29 31 33
1 8 17 29 31 34
1 8 17 29 33 34
1 8 17 31 33 34
1 8 22 29 31 33
1 8 22 29 31 34
1 8 22 29 33 34
1 8 22 31 33 34
1 8 29 31 33 34
1 17 22 29 31 33
1 17 22 29 31 34
1 17 22 29 33 34
1 17 22 31 33 34
1 17 29 31 33 34
1 22 29 31 33 34
3 5 8 17 22 29
3 5 8 17 22 31
3 5 8 17 22 33
3 5 8 17 22 34
3 5 8 17 29 31
3 5 8 17 29 33
3 5 8 17 29 34
3 5 8 17 31 33
3 5 8 17 31 34
3 5 8 17 33 34
3 5 8 22 29 31
3 5 8 22 29 33
3 5 8 22 29 34
3 5 8 22 31 33
3 5 8 22 31 34
3 5 8 22 33 34
3 5 8 29 31 33
3 5 8 29 31 34
3 5 8 29 33 34
3 5 8 31 33 34
3 5 17 22 29 31
3 5 17 22 29 33
3 5 17 22 29 34
3 5 17 22 31 33
3 5 17 22 31 34
3 5 17 22 33 34
3 5 17 29 31 33
3 5 17 29 31 34
3 5 17 29 33 34
3 5 17 31 33 34
3 5 22 29 31 33
3 5 22 29 31 34
3 5 22 29 33 34
3 5 22 31 33 34
3 5 29 31 33 34
3 8 17 22 29 31
3 8 17 22 29 33
3 8 17 22 29 34
3 8 17 22 31 33
3 8 17 22 31 34
3 8 17 22 33 34
3 8 17 29 31 33
3 8 17 29 31 34
3 8 17 29 33 34
3 8 17 31 33 34
3 8 22 29 31 33
3 8 22 29 31 34
3 8 22 29 33 34
3 8 22 31 33 34
3 8 29 31 33 34
3 17 22 29 31 33
3 17 22 29 31 34
3 17 22 29 33 34
3 17 22 31 33 34
3 17 29 31 33 34
3 22 29 31 33 34
5 8 17 22 29 31
5 8 17 22 29 33
5 8 17 22 29 34
5 8 17 22 31 33
5 8 17 22 31 34
5 8 17 22 33 34
5 8 17 29 31 33
5 8 17 29 31 34
5 8 17 29 33 34
5 8 17 31 33 34
5 8 22 29 31 33
5 8 22 29 31 34
5 8 22 29 33 34
5 8 22 31 33 34
5 8 29 31 33 34
5 17 22 29 31 33
5 17 22 29 31 34
5 17 22 29 33 34
5 17 22 31 33 34
5 17 29 31 33 34
5 22 29 31 33 34
8 17 22 29 31 33
8 17 22 29 31 34
8 17 22 29 33 34
8 17 22 31 33 34
8 17 29 31 33 34
8 22 29 31 33 34
17 22 29 31 33 34

8 12 15 28 33 40
8 12 15 28 33 42
8 12 15 28 40 42
8 12 15 33 40 42
8 12 28 33 40 42
8 15 28 33 40 42
12 15 28 33 40 42

10 16 20 21 29 38
10 16 20 21 29 46
10 16 20 21 29 47
10 16 20 21 29 48
10 16 20 21 38 46
10 16 20 21 38 47
10 16 20 21 38 48
10 16 20 21 46 47
10 16 20 21 46 48
10 16 20 21 47 48
10 16 20 29 38 46
10 16 20 29 38 47
10 16 20 29 38 48
10 16 20 29 46 47
10 16 20 29 46 48
10 16 20 29 47 48
10 16 20 38 46 47
10 16 20 38 46 48
10 16 20 38 47 48
10 16 20 46 47 48
10 16 21 29 38 46
10 16 21 29 38 47
10 16 21 29 38 48
10 16 21 29 46 47
10 16 21 29 46 48
10 16 21 29 47 48
10 16 21 38 46 47
10 16 21 38 46 48
10 16 21 38 47 48
10 16 21 46 47 48
10 16 29 38 46 47
10 16 29 38 46 48
10 16 29 38 47 48
10 16 29 46 47 48
10 16 38 46 47 48
10 20 21 29 38 46
10 20 21 29 38 47
10 20 21 29 38 48
10 20 21 29 46 47
10 20 21 29 46 48
10 20 21 29 47 48
10 20 21 38 46 47
10 20 21 38 46 48
10 20 21 38 47 48
10 20 21 46 47 48
10 20 29 38 46 47
10 20 29 38 46 48
10 20 29 38 47 48
10 20 29 46 47 48
10 20 38 46 47 48
10 21 29 38 46 47
10 21 29 38 46 48
10 21 29 38 47 48
10 21 29 46 47 48
10 21 38 46 47 48
10 29 38 46 47 48
16 20 21 29 38 46
16 20 21 29 38 47
16 20 21 29 38 48
16 20 21 29 46 47
16 20 21 29 46 48
16 20 21 29 47 48
16 20 21 38 46 47
16 20 21 38 46 48
16 20 21 38 47 48
16 20 21 46 47 48
16 20 29 38 46 47
16 20 29 38 46 48
16 20 29 38 47 48
16 20 29 46 47 48
16 20 38 46 47 48
16 21 29 38 46 47
16 21 29 38 46 48
16 21 29 38 47 48
16 21 29 46 47 48
16 21 38 46 47 48
16 29 38 46 47 48
20 21 29 38 46 47
20 21 29 38 46 48
20 21 29 38 47 48
20 21 29 46 47 48
20 21 38 46 47 48
20 29 38 46 47 48
21 29 38 46 47 48

14 15 20 21 30 32
14 15 20 21 30 33
14 15 20 21 30 46
14 15 20 21 32 33
14 15 20 21 32 46
14 15 20 21 33 46
14 15 20 30 32 33
14 15 20 30 32 46
14 15 20 30 33 46
14 15 20 32 33 46
14 15 21 30 32 33
14 15 21 30 32 46
14 15 21 30 33 46
14 15 21 32 33 46
14 15 30 32 33 46
14 20 21 30 32 33
14 20 21 30 32 46
14 20 21 30 33 46
14 20 21 32 33 46
14 20 30 32 33 46
14 21 30 32 33 46
15 20 21 30 32 33
15 20 21 30 32 46
15 20 21 30 33 46
15 20 21 32 33 46
15 20 30 32 33 46
15 21 30 32 33 46
20 21 30 32 33 46

3 7 10 15 16 17
3 7 10 15 16 24
3 7 10 15 16 28
3 7 10 15 16 31
3 7 10 15 16 37
3 7 10 15 16 49
3 7 10 15 17 24
3 7 10 15 17 28
3 7 10 15 17 31
3 7 10 15 17 37
3 7 10 15 17 49
3 7 10 15 24 28
3 7 10 15 24 31
3 7 10 15 24 37
3 7 10 15 24 49
3 7 10 15 28 31
3 7 10 15 28 37
3 7 10 15 28 49
3 7 10 15 31 37
3 7 10 15 31 49
3 7 10 15 37 49
3 7 10 16 17 24
3 7 10 16 17 28
3 7 10 16 17 31
3 7 10 16 17 37
3 7 10 16 17 49
3 7 10 16 24 28
3 7 10 16 24 31
3 7 10 16 24 37
3 7 10 16 24 49
3 7 10 16 28 31
3 7 10 16 28 37
3 7 10 16 28 49
3 7 10 16 31 37
3 7 10 16 31 49
3 7 10 16 37 49
3 7 10 17 24 28
3 7 10 17 24 31
3 7 10 17 24 37
3 7 10 17 24 49
3 7 10 17 28 31
3 7 10 17 28 37
3 7 10 17 28 49
3 7 10 17 31 37
3 7 10 17 31 49
3 7 10 17 37 49
3 7 10 24 28 31
3 7 10 24 28 37
3 7 10 24 28 49
3 7 10 24 31 37
3 7 10 24 31 49
3 7 10 24 37 49
3 7 10 28 31 37
3 7 10 28 31 49
3 7 10 28 37 49
3 7 10 31 37 49
3 7 15 16 17 24
3 7 15 16 17 28
3 7 15 16 17 31
3 7 15 16 17 37
3 7 15 16 17 49
3 7 15 16 24 28
3 7 15 16 24 31
3 7 15 16 24 37
3 7 15 16 24 49
3 7 15 16 28 31
3 7 15 16 28 37
3 7 15 16 28 49
3 7 15 16 31 37
3 7 15 16 31 49
3 7 15 16 37 49
3 7 15 17 24 28
3 7 15 17 24 31
3 7 15 17 24 37
3 7 15 17 24 49
3 7 15 17 28 31
3 7 15 17 28 37
3 7 15 17 28 49
3 7 15 17 31 37
3 7 15 17 31 49
3 7 15 17 37 49
3 7 15 24 28 31
3 7 15 24 28 37
3 7 15 24 28 49
3 7 15 24 31 37
3 7 15 24 31 49
3 7 15 24 37 49
3 7 15 28 31 37
3 7 15 28 31 49
3 7 15 28 37 49
3 7 15 31 37 49
3 7 16 17 24 28
3 7 16 17 24 31
3 7 16 17 24 37
3 7 16 17 24 49
3 7 16 17 28 31
3 7 16 17 28 37
3 7 16 17 28 49
3 7 16 17 31 37
3 7 16 17 31 49
3 7 16 17 37 49
3 7 16 24 28 31
3 7 16 24 28 37
3 7 16 24 28 49
3 7 16 24 31 37
3 7 16 24 31 49
3 7 16 24 37 49
3 7 16 28 31 37
3 7 16 28 31 49
3 7 16 28 37 49
3 7 16 31 37 49
3 7 17 24 28 31
3 7 17 24 28 37
3 7 17 24 28 49
3 7 17 24 31 37
3 7 17 24 31 49
3 7 17 24 37 49
3 7 17 28 31 37
3 7 17 28 31 49
3 7 17 28 37 49
3 7 17 31 37 49
3 7 24 28 31 37
3 7 24 28 31 49
3 7 24 28 37 49
3 7 24 31 37 49
3 7 28 31 37 49
3 10 15 16 17 24
3 10 15 16 17 28
3 10 15 16 17 31
3 10 15 16 17 37
3 10 15 16 17 49
3 10 15 16 24 28
3 10 15 16 24 31
3 10 15 16 24 37
3 10 15 16 24 49
3 10 15 16 28 31
3 10 15 16 28 37
3 10 15 16 28 49
3 10 15 16 31 37
3 10 15 16 31 49
3 10 15 16 37 49
3 10 15 17 24 28
3 10 15 17 24 31
3 10 15 17 24 37
3 10 15 17 24 49
3 10 15 17 28 31
3 10 15 17 28 37
3 10 15 17 28 49
3 10 15 17 31 37
3 10 15 17 31 49
3 10 15 17 37 49
3 10 15 24 28 31
3 10 15 24 28 37
3 10 15 24 28 49
3 10 15 24 31 37
3 10 15 24 31 49
3 10 15 24 37 49
3 10 15 28 31 37
3 10 15 28 31 49
3 10 15 28 37 49
3 10 15 31 37 49
3 10 16 17 24 28
3 10 16 17 24 31
3 10 16 17 24 37
3 10 16 17 24 49
3 10 16 17 28 31
3 10 16 17 28 37
3 10 16 17 28 49
3 10 16 17 31 37
3 10 16 17 31 49
3 10 16 17 37 49
3 10 16 24 28 31
3 10 16 24 28 37
3 10 16 24 28 49
3 10 16 24 31 37
3 10 16 24 31 49
3 10 16 24 37 49
3 10 16 28 31 37
3 10 16 28 31 49
3 10 16 28 37 49
3 10 16 31 37 49
3 10 17 24 28 31
3 10 17 24 28 37
3 10 17 24 28 49
3 10 17 24 31 37
3 10 17 24 31 49
3 10 17 24 37 49
3 10 17 28 31 37
3 10 17 28 31 49
3 10 17 28 37 49
3 10 17 31 37 49
3 10 24 28 31 37
3 10 24 28 31 49
3 10 24 28 37 49
3 10 24 31 37 49
3 10 28 31 37 49
3 15 16 17 24 28
3 15 16 17 24 31
3 15 16 17 24 37
3 15 16 17 24 49
3 15 16 17 28 31
3 15 16 17 28 37
3 15 16 17 28 49
3 15 16 17 31 37
3 15 16 17 31 49
3 15 16 17 37 49
3 15 16 24 28 31
3 15 16 24 28 37
3 15 16 24 28 49
3 15 16 24 31 37
3 15 16 24 31 49
3 15 16 24 37 49
3 15 16 28 31 37
3 15 16 28 31 49
3 15 16 28 37 49
3 15 16 31 37 49
3 15 17 24 28 31
3 15 17 24 28 37
3 15 17 24 28 49
3 15 17 24 31 37
3 15 17 24 31 49
3 15 17 24 37 49
3 15 17 28 31 37
3 15 17 28 31 49
3 15 17 28 37 49
3 15 17 31 37 49
3 15 24 28 31 37
3 15 24 28 31 49
3 15 24 28 37 49
3 15 24 31 37 49
3 15 28 31 37 49
3 16 17 24 28 31
3 16 17 24 28 37
3 16 17 24 28 49
3 16 17 24 31 37
3 16 17 24 31 49
3 16 17 24 37 49
3 16 17 28 31 37
3 16 17 28 31 49
3 16 17 28 37 49
3 16 17 31 37 49
3 16 24 28 31 37
3 16 24 28 31 49
3 16 24 28 37 49
3 16 24 31 37 49
3 16 28 31 37 49
3 17 24 28 31 37
3 17 24 28 31 49
3 17 24 28 37 49
3 17 24 31 37 49
3 17 28 31 37 49
3 24 28 31 37 49
7 10 15 16 17 24
7 10 15 16 17 28
7 10 15 16 17 31
7 10 15 16 17 37
7 10 15 16 17 49
7 10 15 16 24 28
7 10 15 16 24 31
7 10 15 16 24 37
7 10 15 16 24 49
7 10 15 16 28 31
7 10 15 16 28 37
7 10 15 16 28 49
7 10 15 16 31 37
7 10 15 16 31 49
7 10 15 16 37 49
7 10 15 17 24 28
7 10 15 17 24 31
7 10 15 17 24 37
7 10 15 17 24 49
7 10 15 17 28 31
7 10 15 17 28 37
7 10 15 17 28 49
7 10 15 17 31 37
7 10 15 17 31 49
7 10 15 17 37 49
7 10 15 24 28 31
7 10 15 24 28 37
7 10 15 24 28 49
7 10 15 24 31 37
7 10 15 24 31 49
7 10 15 24 37 49
7 10 15 28 31 37
7 10 15 28 31 49
7 10 15 28 37 49
7 10 15 31 37 49
7 10 16 17 24 28
7 10 16 17 24 31
7 10 16 17 24 37
7 10 16 17 24 49
7 10 16 17 28 31
7 10 16 17 28 37
7 10 16 17 28 49
7 10 16 17 31 37
7 10 16 17 31 49
7 10 16 17 37 49
7 10 16 24 28 31
7 10 16 24 28 37
7 10 16 24 28 49
7 10 16 24 31 37
7 10 16 24 31 49
7 10 16 24 37 49
7 10 16 28 31 37
7 10 16 28 31 49
7 10 16 28 37 49
7 10 16 31 37 49
7 10 17 24 28 31
7 10 17 24 28 37
7 10 17 24 28 49
7 10 17 24 31 37
7 10 17 24 31 49
7 10 17 24 37 49
7 10 17 28 31 37
7 10 17 28 31 49
7 10 17 28 37 49
7 10 17 31 37 49
7 10 24 28 31 37
7 10 24 28 31 49
7 10 24 28 37 49
7 10 24 31 37 49
7 10 28 31 37 49
7 15 16 17 24 28
7 15 16 17 24 31
7 15 16 17 24 37
7 15 16 17 24 49
7 15 16 17 28 31
7 15 16 17 28 37
7 15 16 17 28 49
7 15 16 17 31 37
7 15 16 17 31 49
7 15 16 17 37 49
7 15 16 24 28 31
7 15 16 24 28 37
7 15 16 24 28 49
7 15 16 24 31 37
7 15 16 24 31 49
7 15 16 24 37 49
7 15 16 28 31 37
7 15 16 28 31 49
7 15 16 28 37 49
7 15 16 31 37 49
7 15 17 24 28 31
7 15 17 24 28 37
7 15 17 24 28 49
7 15 17 24 31 37
7 15 17 24 31 49
7 15 17 24 37 49
7 15 17 28 31 37
7 15 17 28 31 49
7 15 17 28 37 49
7 15 17 31 37 49
7 15 24 28 31 37
7 15 24 28 31 49
7 15 24 28 37 49
7 15 24 31 37 49
7 15 28 31 37 49
7 16 17 24 28 31
7 16 17 24 28 37
7 16 17 24 28 49
7 16 17 24 31 37
7 16 17 24 31 49
7 16 17 24 37 49
7 16 17 28 31 37
7 16 17 28 31 49
7 16 17 28 37 49
7 16 17 31 37 49
7 16 24 28 31 37
7 16 24 28 31 49
7 16 24 28 37 49
7 16 24 31 37 49
7 16 28 31 37 49
7 17 24 28 31 37
7 17 24 28 31 49
7 17 24 28 37 49
7 17 24 31 37 49
7 17 28 31 37 49
7 24 28 31 37 49
10 15 16 17 24 28
10 15 16 17 24 31
10 15 16 17 24 37
10 15 16 17 24 49
10 15 16 17 28 31
10 15 16 17 28 37
10 15 16 17 28 49
10 15 16 17 31 37
10 15 16 17 31 49
10 15 16 17 37 49
10 15 16 24 28 31
10 15 16 24 28 37
10 15 16 24 28 49
10 15 16 24 31 37
10 15 16 24 31 49
10 15 16 24 37 49
10 15 16 28 31 37
10 15 16 28 31 49
10 15 16 28 37 49
10 15 16 31 37 49
10 15 17 24 28 31
10 15 17 24 28 37
10 15 17 24 28 49
10 15 17 24 31 37
10 15 17 24 31 49
10 15 17 24 37 49
10 15 17 28 31 37
10 15 17 28 31 49
10 15 17 28 37 49
10 15 17 31 37 49
10 15 24 28 31 37
10 15 24 28 31 49
10 15 24 28 37 49
10 15 24 31 37 49
10 15 28 31 37 49
10 16 17 24 28 31
10 16 17 24 28 37
10 16 17 24 28 49
10 16 17 24 31 37
10 16 17 24 31 49
10 16 17 24 37 49
10 16 17 28 31 37
10 16 17 28 31 49
10 16 17 28 37 49
10 16 17 31 37 49
10 16 24 28 31 37
10 16 24 28 31 49
10 16 24 28 37 49
10 16 24 31 37 49
10 16 28 31 37 49
10 17 24 28 31 37
10 17 24 28 31 49
10 17 24 28 37 49
10 17 24 31 37 49
10 17 28 31 37 49
10 24 28 31 37 49
15 16 17 24 28 31
15 16 17 24 28 37
15 16 17 24 28 49
15 16 17 24 31 37
15 16 17 24 31 49
15 16 17 24 37 49
15 16 17 28 31 37
15 16 17 28 31 49
15 16 17 28 37 49
15 16 17 31 37 49
15 16 24 28 31 37
15 16 24 28 31 49
15 16 24 28 37 49
15 16 24 31 37 49
15 16 28 31 37 49
15 17 24 28 31 37
15 17 24 28 31 49
15 17 24 28 37 49
15 17 24 31 37 49
15 17 28 31 37 49
15 24 28 31 37 49
16 17 24 28 31 37
16 17 24 28 31 49
16 17 24 28 37 49
16 17 24 31 37 49
16 17 28 31 37 49
16 24 28 31 37 49
17 24 28 31 37 49

1 7 8 11 12 30
1 7 8 11 12 31
1 7 8 11 12 33
1 7 8 11 12 38
1 7 8 11 12 46
1 7 8 11 30 31
1 7 8 11 30 33
1 7 8 11 30 38
1 7 8 11 30 46
1 7 8 11 31 33
1 7 8 11 31 38
1 7 8 11 31 46
1 7 8 11 33 38
1 7 8 11 33 46
1 7 8 11 38 46
1 7 8 12 30 31
1 7 8 12 30 33
1 7 8 12 30 38
1 7 8 12 30 46
1 7 8 12 31 33
1 7 8 12 31 38
1 7 8 12 31 46
1 7 8 12 33 38
1 7 8 12 33 46
1 7 8 12 38 46
1 7 8 30 31 33
1 7 8 30 31 38
1 7 8 30 31 46
1 7 8 30 33 38
1 7 8 30 33 46
1 7 8 30 38 46
1 7 8 31 33 38
1 7 8 31 33 46
1 7 8 31 38 46
1 7 8 33 38 46
1 7 11 12 30 31
1 7 11 12 30 33
1 7 11 12 30 38
1 7 11 12 30 46
1 7 11 12 31 33
1 7 11 12 31 38
1 7 11 12 31 46
1 7 11 12 33 38
1 7 11 12 33 46
1 7 11 12 38 46
1 7 11 30 31 33
1 7 11 30 31 38
1 7 11 30 31 46
1 7 11 30 33 38
1 7 11 30 33 46
1 7 11 30 38 46
1 7 11 31 33 38
1 7 11 31 33 46
1 7 11 31 38 46
1 7 11 33 38 46
1 7 12 30 31 33
1 7 12 30 31 38
1 7 12 30 31 46
1 7 12 30 33 38
1 7 12 30 33 46
1 7 12 30 38 46
1 7 12 31 33 38
1 7 12 31 33 46
1 7 12 31 38 46
1 7 12 33 38 46
1 7 30 31 33 38
1 7 30 31 33 46
1 7 30 31 38 46
1 7 30 33 38 46
1 7 31 33 38 46
1 8 11 12 30 31
1 8 11 12 30 33
1 8 11 12 30 38
1 8 11 12 30 46
1 8 11 12 31 33
1 8 11 12 31 38
1 8 11 12 31 46
1 8 11 12 33 38
1 8 11 12 33 46
1 8 11 12 38 46
1 8 11 30 31 33
1 8 11 30 31 38
1 8 11 30 31 46
1 8 11 30 33 38
1 8 11 30 33 46
1 8 11 30 38 46
1 8 11 31 33 38
1 8 11 31 33 46
1 8 11 31 38 46
1 8 11 33 38 46
1 8 12 30 31 33
1 8 12 30 31 38
1 8 12 30 31 46
1 8 12 30 33 38
1 8 12 30 33 46
1 8 12 30 38 46
1 8 12 31 33 38
1 8 12 31 33 46
1 8 12 31 38 46
1 8 12 33 38 46
1 8 30 31 33 38
1 8 30 31 33 46
1 8 30 31 38 46
1 8 30 33 38 46
1 8 31 33 38 46
1 11 12 30 31 33
1 11 12 30 31 38
1 11 12 30 31 46
1 11 12 30 33 38
1 11 12 30 33 46
1 11 12 30 38 46
1 11 12 31 33 38
1 11 12 31 33 46
1 11 12 31 38 46
1 11 12 33 38 46
1 11 30 31 33 38
1 11 30 31 33 46
1 11 30 31 38 46
1 11 30 33 38 46
1 11 31 33 38 46
1 12 30 31 33 38
1 12 30 31 33 46
1 12 30 31 38 46
1 12 30 33 38 46
1 12 31 33 38 46
1 30 31 33 38 46
7 8 11 12 30 31
7 8 11 12 30 33
7 8 11 12 30 38
7 8 11 12 30 46
7 8 11 12 31 33
7 8 11 12 31 38
7 8 11 12 31 46
7 8 11 12 33 38
7 8 11 12 33 46
7 8 11 12 38 46
7 8 11 30 31 33
7 8 11 30 31 38
7 8 11 30 31 46
7 8 11 30 33 38
7 8 11 30 33 46
7 8 11 30 38 46
7 8 11 31 33 38
7 8 11 31 33 46
7 8 11 31 38 46
7 8 11 33 38 46
7 8 12 30 31 33
7 8 12 30 31 38
7 8 12 30 31 46
7 8 12 30 33 38
7 8 12 30 33 46
7 8 12 30 38 46
7 8 12 31 33 38
7 8 12 31 33 46
7 8 12 31 38 46
7 8 12 33 38 46
7 8 30 31 33 38
7 8 30 31 33 46
7 8 30 31 38 46
7 8 30 33 38 46
7 8 31 33 38 46
7 11 12 30 31 33
7 11 12 30 31 38
7 11 12 30 31 46
7 11 12 30 33 38
7 11 12 30 33 46
7 11 12 30 38 46
7 11 12 31 33 38
7 11 12 31 33 46
7 11 12 31 38 46
7 11 12 33 38 46
7 11 30 31 33 38
7 11 30 31 33 46
7 11 30 31 38 46
7 11 30 33 38 46
7 11 31 33 38 46
7 12 30 31 33 38
7 12 30 31 33 46
7 12 30 31 38 46
7 12 30 33 38 46
7 12 31 33 38 46
7 30 31 33 38 46
8 11 12 30 31 33
8 11 12 30 31 38
8 11 12 30 31 46
8 11 12 30 33 38
8 11 12 30 33 46
8 11 12 30 38 46
8 11 12 31 33 38
8 11 12 31 33 46
8 11 12 31 38 46
8 11 12 33 38 46
8 11 30 31 33 38
8 11 30 31 33 46
8 11 30 31 38 46
8 11 30 33 38 46
8 11 31 33 38 46
8 12 30 31 33 38
8 12 30 31 33 46
8 12 30 31 38 46
8 12 30 33 38 46
8 12 31 33 38 46
8 30 31 33 38 46
11 12 30 31 33 38
11 12 30 31 33 46
11 12 30 31 38 46
11 12 30 33 38 46
11 12 31 33 38 46
11 30 31 33 38 46
12 30 31 33 38 46

8 10 16 18 19 26
8 10 16 18 19 28
8 10 16 18 19 32
8 10 16 18 19 46
8 10 16 18 26 28
8 10 16 18 26 32
8 10 16 18 26 46
8 10 16 18 28 32
8 10 16 18 28 46
8 10 16 18 32 46
8 10 16 19 26 28
8 10 16 19 26 32
8 10 16 19 26 46
8 10 16 19 28 32
8 10 16 19 28 46
8 10 16 19 32 46
8 10 16 26 28 32
8 10 16 26 28 46
8 10 16 26 32 46
8 10 16 28 32 46
8 10 18 19 26 28
8 10 18 19 26 32
8 10 18 19 26 46
8 10 18 19 28 32
8 10 18 19 28 46
8 10 18 19 32 46
8 10 18 26 28 32
8 10 18 26 28 46
8 10 18 26 32 46
8 10 18 28 32 46
8 10 19 26 28 32
8 10 19 26 28 46
8 10 19 26 32 46
8 10 19 28 32 46
8 10 26 28 32 46
8 16 18 19 26 28
8 16 18 19 26 32
8 16 18 19 26 46
8 16 18 19 28 32
8 16 18 19 28 46
8 16 18 19 32 46
8 16 18 26 28 32
8 16 18 26 28 46
8 16 18 26 32 46
8 16 18 28 32 46
8 16 19 26 28 32
8 16 19 26 28 46
8 16 19 26 32 46
8 16 19 28 32 46
8 16 26 28 32 46
8 18 19 26 28 32
8 18 19 26 28 46
8 18 19 26 32 46
8 18 19 28 32 46
8 18 26 28 32 46
8 19 26 28 32 46
10 16 18 19 26 28
10 16 18 19 26 32
10 16 18 19 26 46
10 16 18 19 28 32
10 16 18 19 28 46
10 16 18 19 32 46
10 16 18 26 28 32
10 16 18 26 28 46
10 16 18 26 32 46
10 16 18 28 32 46
10 16 19 26 28 32
10 16 19 26 28 46
10 16 19 26 32 46
10 16 19 28 32 46
10 16 26 28 32 46
10 18 19 26 28 32
10 18 19 26 28 46
10 18 19 26 32 46
10 18 19 28 32 46
10 18 26 28 32 46
10 19 26 28 32 46
16 18 19 26 28 32
16 18 19 26 28 46
16 18 19 26 32 46
16 18 19 28 32 46
16 18 26 28 32 46
16 19 26 28 32 46
18 19 26 28 32 46

3 10 12 13 31 35
3 10 12 13 31 39
3 10 12 13 31 44
3 10 12 13 31 45
3 10 12 13 31 46
3 10 12 13 31 47
3 10 12 13 35 39
3 10 12 13 35 44
3 10 12 13 35 45
3 10 12 13 35 46
3 10 12 13 35 47
3 10 12 13 39 44
3 10 12 13 39 45
3 10 12 13 39 46
3 10 12 13 39 47
3 10 12 13 44 45
3 10 12 13 44 46
3 10 12 13 44 47
3 10 12 13 45 46
3 10 12 13 45 47
3 10 12 13 46 47
3 10 12 31 35 39
3 10 12 31 35 44
3 10 12 31 35 45
3 10 12 31 35 46
3 10 12 31 35 47
3 10 12 31 39 44
3 10 12 31 39 45
3 10 12 31 39 46
3 10 12 31 39 47
3 10 12 31 44 45
3 10 12 31 44 46
3 10 12 31 44 47
3 10 12 31 45 46
3 10 12 31 45 47
3 10 12 31 46 47
3 10 12 35 39 44
3 10 12 35 39 45
3 10 12 35 39 46
3 10 12 35 39 47
3 10 12 35 44 45
3 10 12 35 44 46
3 10 12 35 44 47
3 10 12 35 45 46
3 10 12 35 45 47
3 10 12 35 46 47
3 10 12 39 44 45
3 10 12 39 44 46
3 10 12 39 44 47
3 10 12 39 45 46
3 10 12 39 45 47
3 10 12 39 46 47
3 10 12 44 45 46
3 10 12 44 45 47
3 10 12 44 46 47
3 10 12 45 46 47
3 10 13 31 35 39
3 10 13 31 35 44
3 10 13 31 35 45
3 10 13 31 35 46
3 10 13 31 35 47
3 10 13 31 39 44
3 10 13 31 39 45
3 10 13 31 39 46
3 10 13 31 39 47
3 10 13 31 44 45
3 10 13 31 44 46
3 10 13 31 44 47
3 10 13 31 45 46
3 10 13 31 45 47
3 10 13 31 46 47
3 10 13 35 39 44
3 10 13 35 39 45
3 10 13 35 39 46
3 10 13 35 39 47
3 10 13 35 44 45
3 10 13 35 44 46
3 10 13 35 44 47
3 10 13 35 45 46
3 10 13 35 45 47
3 10 13 35 46 47
3 10 13 39 44 45
3 10 13 39 44 46
3 10 13 39 44 47
3 10 13 39 45 46
3 10 13 39 45 47
3 10 13 39 46 47
3 10 13 44 45 46
3 10 13 44 45 47
3 10 13 44 46 47
3 10 13 45 46 47
3 10 31 35 39 44
3 10 31 35 39 45
3 10 31 35 39 46
3 10 31 35 39 47
3 10 31 35 44 45
3 10 31 35 44 46
3 10 31 35 44 47
3 10 31 35 45 46
3 10 31 35 45 47
3 10 31 35 46 47
3 10 31 39 44 45
3 10 31 39 44 46
3 10 31 39 44 47
3 10 31 39 45 46
3 10 31 39 45 47
3 10 31 39 46 47
3 10 31 44 45 46
3 10 31 44 45 47
3 10 31 44 46 47
3 10 31 45 46 47
3 10 35 39 44 45
3 10 35 39 44 46
3 10 35 39 44 47
3 10 35 39 45 46
3 10 35 39 45 47
3 10 35 39 46 47
3 10 35 44 45 46
3 10 35 44 45 47
3 10 35 44 46 47
3 10 35 45 46 47
3 10 39 44 45 46
3 10 39 44 45 47
3 10 39 44 46 47
3 10 39 45 46 47
3 10 44 45 46 47
3 12 13 31 35 39
3 12 13 31 35 44
3 12 13 31 35 45
3 12 13 31 35 46
3 12 13 31 35 47
3 12 13 31 39 44
3 12 13 31 39 45
3 12 13 31 39 46
3 12 13 31 39 47
3 12 13 31 44 45
3 12 13 31 44 46
3 12 13 31 44 47
3 12 13 31 45 46
3 12 13 31 45 47
3 12 13 31 46 47
3 12 13 35 39 44
3 12 13 35 39 45
3 12 13 35 39 46
3 12 13 35 39 47
3 12 13 35 44 45
3 12 13 35 44 46
3 12 13 35 44 47
3 12 13 35 45 46
3 12 13 35 45 47
3 12 13 35 46 47
3 12 13 39 44 45
3 12 13 39 44 46
3 12 13 39 44 47
3 12 13 39 45 46
3 12 13 39 45 47
3 12 13 39 46 47
3 12 13 44 45 46
3 12 13 44 45 47
3 12 13 44 46 47
3 12 13 45 46 47
3 12 31 35 39 44
3 12 31 35 39 45
3 12 31 35 39 46
3 12 31 35 39 47
3 12 31 35 44 45
3 12 31 35 44 46
3 12 31 35 44 47
3 12 31 35 45 46
3 12 31 35 45 47
3 12 31 35 46 47
3 12 31 39 44 45
3 12 31 39 44 46
3 12 31 39 44 47
3 12 31 39 45 46
3 12 31 39 45 47
3 12 31 39 46 47
3 12 31 44 45 46
3 12 31 44 45 47
3 12 31 44 46 47
3 12 31 45 46 47
3 12 35 39 44 45
3 12 35 39 44 46
3 12 35 39 44 47
3 12 35 39 45 46
3 12 35 39 45 47
3 12 35 39 46 47
3 12 35 44 45 46
3 12 35 44 45 47
3 12 35 44 46 47
3 12 35 45 46 47
3 12 39 44 45 46
3 12 39 44 45 47
3 12 39 44 46 47
3 12 39 45 46 47
3 12 44 45 46 47
3 13 31 35 39 44
3 13 31 35 39 45
3 13 31 35 39 46
3 13 31 35 39 47
3 13 31 35 44 45
3 13 31 35 44 46
3 13 31 35 44 47
3 13 31 35 45 46
3 13 31 35 45 47
3 13 31 35 46 47
3 13 31 39 44 45
3 13 31 39 44 46
3 13 31 39 44 47
3 13 31 39 45 46
3 13 31 39 45 47
3 13 31 39 46 47
3 13 31 44 45 46
3 13 31 44 45 47
3 13 31 44 46 47
3 13 31 45 46 47
3 13 35 39 44 45
3 13 35 39 44 46
3 13 35 39 44 47
3 13 35 39 45 46
3 13 35 39 45 47
3 13 35 39 46 47
3 13 35 44 45 46
3 13 35 44 45 47
3 13 35 44 46 47
3 13 35 45 46 47
3 13 39 44 45 46
3 13 39 44 45 47
3 13 39 44 46 47
3 13 39 45 46 47
3 13 44 45 46 47
3 31 35 39 44 45
3 31 35 39 44 46
3 31 35 39 44 47
3 31 35 39 45 46
3 31 35 39 45 47
3 31 35 39 46 47
3 31 35 44 45 46
3 31 35 44 45 47
3 31 35 44 46 47
3 31 35 45 46 47
3 31 39 44 45 46
3 31 39 44 45 47
3 31 39 44 46 47
3 31 39 45 46 47
3 31 44 45 46 47
3 35 39 44 45 46
3 35 39 44 45 47
3 35 39 44 46 47
3 35 39 45 46 47
3 35 44 45 46 47
3 39 44 45 46 47
10 12 13 31 35 39
10 12 13 31 35 44
10 12 13 31 35 45
10 12 13 31 35 46
10 12 13 31 35 47
10 12 13 31 39 44
10 12 13 31 39 45
10 12 13 31 39 46
10 12 13 31 39 47
10 12 13 31 44 45
10 12 13 31 44 46
10 12 13 31 44 47
10 12 13 31 45 46
10 12 13 31 45 47
10 12 13 31 46 47
10 12 13 35 39 44
10 12 13 35 39 45
10 12 13 35 39 46
10 12 13 35 39 47
10 12 13 35 44 45
10 12 13 35 44 46
10 12 13 35 44 47
10 12 13 35 45 46
10 12 13 35 45 47
10 12 13 35 46 47
10 12 13 39 44 45
10 12 13 39 44 46
10 12 13 39 44 47
10 12 13 39 45 46
10 12 13 39 45 47
10 12 13 39 46 47
10 12 13 44 45 46
10 12 13 44 45 47
10 12 13 44 46 47
10 12 13 45 46 47
10 12 31 35 39 44
10 12 31 35 39 45
10 12 31 35 39 46
10 12 31 35 39 47
10 12 31 35 44 45
10 12 31 35 44 46
10 12 31 35 44 47
10 12 31 35 45 46
10 12 31 35 45 47
10 12 31 35 46 47
10 12 31 39 44 45
10 12 31 39 44 46
10 12 31 39 44 47
10 12 31 39 45 46
10 12 31 39 45 47
10 12 31 39 46 47
10 12 31 44 45 46
10 12 31 44 45 47
10 12 31 44 46 47
10 12 31 45 46 47
10 12 35 39 44 45
10 12 35 39 44 46
10 12 35 39 44 47
10 12 35 39 45 46
10 12 35 39 45 47
10 12 35 39 46 47
10 12 35 44 45 46
10 12 35 44 45 47
10 12 35 44 46 47
10 12 35 45 46 47
10 12 39 44 45 46
10 12 39 44 45 47
10 12 39 44 46 47
10 12 39 45 46 47
10 12 44 45 46 47
10 13 31 35 39 44
10 13 31 35 39 45
10 13 31 35 39 46
10 13 31 35 39 47
10 13 31 35 44 45
10 13 31 35 44 46
10 13 31 35 44 47
10 13 31 35 45 46
10 13 31 35 45 47
10 13 31 35 46 47
10 13 31 39 44 45
10 13 31 39 44 46
10 13 31 39 44 47
10 13 31 39 45 46
10 13 31 39 45 47
10 13 31 39 46 47
10 13 31 44 45 46
10 13 31 44 45 47
10 13 31 44 46 47
10 13 31 45 46 47
10 13 35 39 44 45
10 13 35 39 44 46
10 13 35 39 44 47
10 13 35 39 45 46
10 13 35 39 45 47
10 13 35 39 46 47
10 13 35 44 45 46
10 13 35 44 45 47
10 13 35 44 46 47
10 13 35 45 46 47
10 13 39 44 45 46
10 13 39 44 45 47
10 13 39 44 46 47
10 13 39 45 46 47
10 13 44 45 46 47
10 31 35 39 44 45
10 31 35 39 44 46
10 31 35 39 44 47
10 31 35 39 45 46
10 31 35 39 45 47
10 31 35 39 46 47
10 31 35 44 45 46
10 31 35 44 45 47
10 31 35 44 46 47
10 31 35 45 46 47
10 31 39 44 45 46
10 31 39 44 45 47
10 31 39 44 46 47
10 31 39 45 46 47
10 31 44 45 46 47
10 35 39 44 45 46
10 35 39 44 45 47
10 35 39 44 46 47
10 35 39 45 46 47
10 35 44 45 46 47
10 39 44 45 46 47
12 13 31 35 39 44
12 13 31 35 39 45
12 13 31 35 39 46
12 13 31 35 39 47
12 13 31 35 44 45
12 13 31 35 44 46
12 13 31 35 44 47
12 13 31 35 45 46
12 13 31 35 45 47
12 13 31 35 46 47
12 13 31 39 44 45
12 13 31 39 44 46
12 13 31 39 44 47
12 13 31 39 45 46
12 13 31 39 45 47
12 13 31 39 46 47
12 13 31 44 45 46
12 13 31 44 45 47
12 13 31 44 46 47
12 13 31 45 46 47
12 13 35 39 44 45
12 13 35 39 44 46
12 13 35 39 44 47
12 13 35 39 45 46
12 13 35 39 45 47
12 13 35 39 46 47
12 13 35 44 45 46
12 13 35 44 45 47
12 13 35 44 46 47
12 13 35 45 46 47
12 13 39 44 45 46
12 13 39 44 45 47
12 13 39 44 46 47
12 13 39 45 46 47
12 13 44 45 46 47
12 31 35 39 44 45
12 31 35 39 44 46
12 31 35 39 44 47
12 31 35 39 45 46
12 31 35 39 45 47
12 31 35 39 46 47
12 31 35 44 45 46
12 31 35 44 45 47
12 31 35 44 46 47
12 31 35 45 46 47
12 31 39 44 45 46
12 31 39 44 45 47
12 31 39 44 46 47
12 31 39 45 46 47
12 31 44 45 46 47
12 35 39 44 45 46
12 35 39 44 45 47
12 35 39 44 46 47
12 35 39 45 46 47
12 35 44 45 46 47
12 39 44 45 46 47
13 31 35 39 44 45
13 31 35 39 44 46
13 31 35 39 44 47
13 31 35 39 45 46
13 31 35 39 45 47
13 31 35 39 46 47
13 31 35 44 45 46
13 31 35 44 45 47
13 31 35 44 46 47
13 31 35 45 46 47
13 31 39 44 45 46
13 31 39 44 45 47
13 31 39 44 46 47
13 31 39 45 46 47
13 31 44 45 46 47
13 35 39 44 45 46
13 35 39 44 45 47
13 35 39 44 46 47
13 35 39 45 46 47
13 35 44 45 46 47
13 39 44 45 46 47
31 35 39 44 45 46
31 35 39 44 45 47
31 35 39 44 46 47
31 35 39 45 46 47
31 35 44 45 46 47
31 39 44 45 46 47
35 39 44 45 46 47

9 17 27 29 37 44
9 17 27 29 37 47
9 17 27 29 44 47
9 17 27 37 44 47
9 17 29 37 44 47
9 27 29 37 44 47
17 27 29 37 44 47

14 16 18 19 32 33
14 16 18 19 32 34
14 16 18 19 32 35
14 16 18 19 32 39
14 16 18 19 32 41
14 16 18 19 32 49
14 16 18 19 33 34
14 16 18 19 33 35
14 16 18 19 33 39
14 16 18 19 33 41
14 16 18 19 33 49
14 16 18 19 34 35
14 16 18 19 34 39
14 16 18 19 34 41
14 16 18 19 34 49
14 16 18 19 35 39
14 16 18 19 35 41
14 16 18 19 35 49
14 16 18 19 39 41
14 16 18 19 39 49
14 16 18 19 41 49
14 16 18 32 33 34
14 16 18 32 33 35
14 16 18 32 33 39
14 16 18 32 33 41
14 16 18 32 33 49
14 16 18 32 34 35
14 16 18 32 34 39
14 16 18 32 34 41
14 16 18 32 34 49
14 16 18 32 35 39
14 16 18 32 35 41
14 16 18 32 35 49
14 16 18 32 39 41
14 16 18 32 39 49
14 16 18 32 41 49
14 16 18 33 34 35
14 16 18 33 34 39
14 16 18 33 34 41
14 16 18 33 34 49
14 16 18 33 35 39
14 16 18 33 35 41
14 16 18 33 35 49
14 16 18 33 39 41
14 16 18 33 39 49
14 16 18 33 41 49
14 16 18 34 35 39
14 16 18 34 35 41
14 16 18 34 35 49
14 16 18 34 39 41
14 16 18 34 39 49
14 16 18 34 41 49
14 16 18 35 39 41
14 16 18 35 39 49
14 16 18 35 41 49
14 16 18 39 41 49
14 16 19 32 33 34
14 16 19 32 33 35
14 16 19 32 33 39
14 16 19 32 33 41
14 16 19 32 33 49
14 16 19 32 34 35
14 16 19 32 34 39
14 16 19 32 34 41
14 16 19 32 34 49
14 16 19 32 35 39
14 16 19 32 35 41
14 16 19 32 35 49
14 16 19 32 39 41
14 16 19 32 39 49
14 16 19 32 41 49
14 16 19 33 34 35
14 16 19 33 34 39
14 16 19 33 34 41
14 16 19 33 34 49
14 16 19 33 35 39
14 16 19 33 35 41
14 16 19 33 35 49
14 16 19 33 39 41
14 16 19 33 39 49
14 16 19 33 41 49
14 16 19 34 35 39
14 16 19 34 35 41
14 16 19 34 35 49
14 16 19 34 39 41
14 16 19 34 39 49
14 16 19 34 41 49
14 16 19 35 39 41
14 16 19 35 39 49
14 16 19 35 41 49
14 16 19 39 41 49
14 16 32 33 34 35
14 16 32 33 34 39
14 16 32 33 34 41
14 16 32 33 34 49
14 16 32 33 35 39
14 16 32 33 35 41
14 16 32 33 35 49
14 16 32 33 39 41
14 16 32 33 39 49
14 16 32 33 41 49
14 16 32 34 35 39
14 16 32 34 35 41
14 16 32 34 35 49
14 16 32 34 39 41
14 16 32 34 39 49
14 16 32 34 41 49
14 16 32 35 39 41
14 16 32 35 39 49
14 16 32 35 41 49
14 16 32 39 41 49
14 16 33 34 35 39
14 16 33 34 35 41
14 16 33 34 35 49
14 16 33 34 39 41
14 16 33 34 39 49
14 16 33 34 41 49
14 16 33 35 39 41
14 16 33 35 39 49
14 16 33 35 41 49
14 16 33 39 41 49
14 16 34 35 39 41
14 16 34 35 39 49
14 16 34 35 41 49
14 16 34 39 41 49
14 16 35 39 41 49
14 18 19 32 33 34
14 18 19 32 33 35
14 18 19 32 33 39
14 18 19 32 33 41
14 18 19 32 33 49
14 18 19 32 34 35
14 18 19 32 34 39
14 18 19 32 34 41
14 18 19 32 34 49
14 18 19 32 35 39
14 18 19 32 35 41
14 18 19 32 35 49
14 18 19 32 39 41
14 18 19 32 39 49
14 18 19 32 41 49
14 18 19 33 34 35
14 18 19 33 34 39
14 18 19 33 34 41
14 18 19 33 34 49
14 18 19 33 35 39
14 18 19 33 35 41
14 18 19 33 35 49
14 18 19 33 39 41
14 18 19 33 39 49
14 18 19 33 41 49
14 18 19 34 35 39
14 18 19 34 35 41
14 18 19 34 35 49
14 18 19 34 39 41
14 18 19 34 39 49
14 18 19 34 41 49
14 18 19 35 39 41
14 18 19 35 39 49
14 18 19 35 41 49
14 18 19 39 41 49
14 18 32 33 34 35
14 18 32 33 34 39
14 18 32 33 34 41
14 18 32 33 34 49
14 18 32 33 35 39
14 18 32 33 35 41
14 18 32 33 35 49
14 18 32 33 39 41
14 18 32 33 39 49
14 18 32 33 41 49
14 18 32 34 35 39
14 18 32 34 35 41
14 18 32 34 35 49
14 18 32 34 39 41
14 18 32 34 39 49
14 18 32 34 41 49
14 18 32 35 39 41
14 18 32 35 39 49
14 18 32 35 41 49
14 18 32 39 41 49
14 18 33 34 35 39
14 18 33 34 35 41
14 18 33 34 35 49
14 18 33 34 39 41
14 18 33 34 39 49
14 18 33 34 41 49
14 18 33 35 39 41
14 18 33 35 39 49
14 18 33 35 41 49
14 18 33 39 41 49
14 18 34 35 39 41
14 18 34 35 39 49
14 18 34 35 41 49
14 18 34 39 41 49
14 18 35 39 41 49
14 19 32 33 34 35
14 19 32 33 34 39
14 19 32 33 34 41
14 19 32 33 34 49
14 19 32 33 35 39
14 19 32 33 35 41
14 19 32 33 35 49
14 19 32 33 39 41
14 19 32 33 39 49
14 19 32 33 41 49
14 19 32 34 35 39
14 19 32 34 35 41
14 19 32 34 35 49
14 19 32 34 39 41
14 19 32 34 39 49
14 19 32 34 41 49
14 19 32 35 39 41
14 19 32 35 39 49
14 19 32 35 41 49
14 19 32 39 41 49
14 19 33 34 35 39
14 19 33 34 35 41
14 19 33 34 35 49
14 19 33 34 39 41
14 19 33 34 39 49
14 19 33 34 41 49
14 19 33 35 39 41
14 19 33 35 39 49
14 19 33 35 41 49
14 19 33 39 41 49
14 19 34 35 39 41
14 19 34 35 39 49
14 19 34 35 41 49
14 19 34 39 41 49
14 19 35 39 41 49
14 32 33 34 35 39
14 32 33 34 35 41
14 32 33 34 35 49
14 32 33 34 39 41
14 32 33 34 39 49
14 32 33 34 41 49
14 32 33 35 39 41
14 32 33 35 39 49
14 32 33 35 41 49
14 32 33 39 41 49
14 32 34 35 39 41
14 32 34 35 39 49
14 32 34 35 41 49
14 32 34 39 41 49
14 32 35 39 41 49
14 33 34 35 39 41
14 33 34 35 39 49
14 33 34 35 41 49
14 33 34 39 41 49
14 33 35 39 41 49
14 34 35 39 41 49
16 18 19 32 33 34
16 18 19 32 33 35
16 18 19 32 33 39
16 18 19 32 33 41
16 18 19 32 33 49
16 18 19 32 34 35
16 18 19 32 34 39
16 18 19 32 34 41
16 18 19 32 34 49
16 18 19 32 35 39
16 18 19 32 35 41
16 18 19 32 35 49
16 18 19 32 39 41
16 18 19 32 39 49
16 18 19 32 41 49
16 18 19 33 34 35
16 18 19 33 34 39
16 18 19 33 34 41
16 18 19 33 34 49
16 18 19 33 35 39
16 18 19 33 35 41
16 18 19 33 35 49
16 18 19 33 39 41
16 18 19 33 39 49
16 18 19 33 41 49
16 18 19 34 35 39
16 18 19 34 35 41
16 18 19 34 35 49
16 18 19 34 39 41
16 18 19 34 39 49
16 18 19 34 41 49
16 18 19 35 39 41
16 18 19 35 39 49
16 18 19 35 41 49
16 18 19 39 41 49
16 18 32 33 34 35
16 18 32 33 34 39
16 18 32 33 34 41
16 18 32 33 34 49
16 18 32 33 35 39
16 18 32 33 35 41
16 18 32 33 35 49
16 18 32 33 39 41
16 18 32 33 39 49
16 18 32 33 41 49
16 18 32 34 35 39
16 18 32 34 35 41
16 18 32 34 35 49
16 18 32 34 39 41
16 18 32 34 39 49
16 18 32 34 41 49
16 18 32 35 39 41
16 18 32 35 39 49
16 18 32 35 41 49
16 18 32 39 41 49
16 18 33 34 35 39
16 18 33 34 35 41
16 18 33 34 35 49
16 18 33 34 39 41
16 18 33 34 39 49
16 18 33 34 41 49
16 18 33 35 39 41
16 18 33 35 39 49
16 18 33 35 41 49
16 18 33 39 41 49
16 18 34 35 39 41
16 18 34 35 39 49
16 18 34 35 41 49
16 18 34 39 41 49
16 18 35 39 41 49
16 19 32 33 34 35
16 19 32 33 34 39
16 19 32 33 34 41
16 19 32 33 34 49
16 19 32 33 35 39
16 19 32 33 35 41
16 19 32 33 35 49
16 19 32 33 39 41
16 19 32 33 39 49
16 19 32 33 41 49
16 19 32 34 35 39
16 19 32 34 35 41
16 19 32 34 35 49
16 19 32 34 39 41
16 19 32 34 39 49
16 19 32 34 41 49
16 19 32 35 39 41
16 19 32 35 39 49
16 19 32 35 41 49
16 19 32 39 41 49
16 19 33 34 35 39
16 19 33 34 35 41
16 19 33 34 35 49
16 19 33 34 39 41
16 19 33 34 39 49
16 19 33 34 41 49
16 19 33 35 39 41
16 19 33 35 39 49
16 19 33 35 41 49
16 19 33 39 41 49
16 19 34 35 39 41
16 19 34 35 39 49
16 19 34 35 41 49
16 19 34 39 41 49
16 19 35 39 41 49
16 32 33 34 35 39
16 32 33 34 35 41
16 32 33 34 35 49
16 32 33 34 39 41
16 32 33 34 39 49
16 32 33 34 41 49
16 32 33 35 39 41
16 32 33 35 39 49
16 32 33 35 41 49
16 32 33 39 41 49
16 32 34 35 39 41
16 32 34 35 39 49
16 32 34 35 41 49
16 32 34 39 41 49
16 32 35 39 41 49
16 33 34 35 39 41
16 33 34 35 39 49
16 33 34 35 41 49
16 33 34 39 41 49
16 33 35 39 41 49
16 34 35 39 41 49
18 19 32 33 34 35
18 19 32 33 34 39
18 19 32 33 34 41
18 19 32 33 34 49
18 19 32 33 35 39
18 19 32 33 35 41
18 19 32 33 35 49
18 19 32 33 39 41
18 19 32 33 39 49
18 19 32 33 41 49
18 19 32 34 35 39
18 19 32 34 35 41
18 19 32 34 35 49
18 19 32 34 39 41
18 19 32 34 39 49
18 19 32 34 41 49
18 19 32 35 39 41
18 19 32 35 39 49
18 19 32 35 41 49
18 19 32 39 41 49
18 19 33 34 35 39
18 19 33 34 35 41
18 19 33 34 35 49
18 19 33 34 39 41
18 19 33 34 39 49
18 19 33 34 41 49
18 19 33 35 39 41
18 19 33 35 39 49
18 19 33 35 41 49
18 19 33 39 41 49
18 19 34 35 39 41
18 19 34 35 39 49
18 19 34 35 41 49
18 19 34 39 41 49
18 19 35 39 41 49
18 32 33 34 35 39
18 32 33 34 35 41
18 32 33 34 35 49
18 32 33 34 39 41
18 32 33 34 39 49
18 32 33 34 41 49
18 32 33 35 39 41
18 32 33 35 39 49
18 32 33 35 41 49
18 32 33 39 41 49
18 32 34 35 39 41
18 32 34 35 39 49
18 32 34 35 41 49
18 32 34 39 41 49
18 32 35 39 41 49
18 33 34 35 39 41
18 33 34 35 39 49
18 33 34 35 41 49
18 33 34 39 41 49
18 33 35 39 41 49
18 34 35 39 41 49
19 32 33 34 35 39
19 32 33 34 35 41
19 32 33 34 35 49
19 32 33 34 39 41
19 32 33 34 39 49
19 32 33 34 41 49
19 32 33 35 39 41
19 32 33 35 39 49
19 32 33 35 41 49
19 32 33 39 41 49
19 32 34 35 39 41
19 32 34 35 39 49
19 32 34 35 41 49
19 32 34 39 41 49
19 32 35 39 41 49
19 33 34 35 39 41
19 33 34 35 39 49
19 33 34 35 41 49
19 33 34 39 41 49
19 33 35 39 41 49
19 34 35 39 41 49
32 33 34 35 39 41
32 33 34 35 39 49
32 33 34 35 41 49
32 33 34 39 41 49
32 33 35 39 41 49
32 34 35 39 41 49
33 34 35 39 41 49

1 4 6 7 14 30
1 4 6 7 14 41
1 4 6 7 14 43
1 4 6 7 14 47
1 4 6 7 30 41
1 4 6 7 30 43
1 4 6 7 30 47
1 4 6 7 41 43
1 4 6 7 41 47
1 4 6 7 43 47
1 4 6 14 30 41
1 4 6 14 30 43
1 4 6 14 30 47
1 4 6 14 41 43
1 4 6 14 41 47
1 4 6 14 43 47
1 4 6 30 41 43
1 4 6 30 41 47
1 4 6 30 43 47
1 4 6 41 43 47
1 4 7 14 30 41
1 4 7 14 30 43
1 4 7 14 30 47
1 4 7 14 41 43
1 4 7 14 41 47
1 4 7 14 43 47
1 4 7 30 41 43
1 4 7 30 41 47
1 4 7 30 43 47
1 4 7 41 43 47
1 4 14 30 41 43
1 4 14 30 41 47
1 4 14 30 43 47
1 4 14 41 43 47
1 4 30 41 43 47
1 6 7 14 30 41
1 6 7 14 30 43
1 6 7 14 30 47
1 6 7 14 41 43
1 6 7 14 41 47
1 6 7 14 43 47
1 6 7 30 41 43
1 6 7 30 41 47
1 6 7 30 43 47
1 6 7 41 43 47
1 6 14 30 41 43
1 6 14 30 41 47
1 6 14 30 43 47
1 6 14 41 43 47
1 6 30 41 43 47
1 7 14 30 41 43
1 7 14 30 41 47
1 7 14 30 43 47
1 7 14 41 43 47
1 7 30 41 43 47
1 14 30 41 43 47
4 6 7 14 30 41
4 6 7 14 30 43
4 6 7 14 30 47
4 6 7 14 41 43
4 6 7 14 41 47
4 6 7 14 43 47
4 6 7 30 41 43
4 6 7 30 41 47
4 6 7 30 43 47
4 6 7 41 43 47
4 6 14 30 41 43
4 6 14 30 41 47
4 6 14 30 43 47
4 6 14 41 43 47
4 6 30 41 43 47
4 7 14 30 41 43
4 7 14 30 41 47
4 7 14 30 43 47
4 7 14 41 43 47
4 7 30 41 43 47
4 14 30 41 43 47
6 7 14 30 41 43
6 7 14 30 41 47
6 7 14 30 43 47
6 7 14 41 43 47
6 7 30 41 43 47
6 14 30 41 43 47
7 14 30 41 43 47
